     1 00000000                                 [FORMAT "WCOFF"]
     2 00000000                                 [INSTRSET "i486p"]
     3 00000000                                 [OPTIMIZE 1]
     4 00000000                                 [OPTION 1]
     5 00000000                                 [BITS 32]
     6 00000000                                 	EXTERN	_io_out8
     7 00000000                                 	EXTERN	_inws
     8 00000000                                 	EXTERN	_outws
     9 00000000                                 	EXTERN	_io_in8
    10 00000000                                 	EXTERN	_message_receive
    11 00000000                                 	EXTERN	_message_send
    12 00000000                                 	EXTERN	_task_alloc
    13 00000000                                 	EXTERN	_memman_alloc_4k
    14 00000000                                 	EXTERN	_task_run
    15 00000000                                 	EXTERN	_devcalls
    16 00000000                                 [FILE "hd.c"]
    17                                          [SECTION .text]
    18 00000000                                 	GLOBAL	_readhddisk
    19 00000000                                 _readhddisk:
    20 00000000 55                              	PUSH	EBP
    21 00000001 89 E5                           	MOV	EBP,ESP
    22 00000003 57                              	PUSH	EDI
    23 00000004 56                              	PUSH	ESI
    24 00000005 53                              	PUSH	EBX
    25 00000006 50                              	PUSH	EAX
    26 00000007 8B 45 14                        	MOV	EAX,DWORD [20+EBP]
    27 0000000A 8B 5D 10                        	MOV	EBX,DWORD [16+EBP]
    28 0000000D 8B 75 08                        	MOV	ESI,DWORD [8+EBP]
    29 00000010 8B 7D 0C                        	MOV	EDI,DWORD [12+EBP]
    30 00000013 89 45 F0                        	MOV	DWORD [-16+EBP],EAX
    31 00000016 6A 00                           	PUSH	0
    32 00000018 68 000001F7                     	PUSH	503
    33 0000001D E8 00000189                     	CALL	_WaitForBsy
    34 00000022 6A 00                           	PUSH	0
    35 00000024 68 000001F7                     	PUSH	503
    36 00000029 E8 00000150                     	CALL	_WaitForRdy
    37 0000002E 57                              	PUSH	EDI
    38 0000002F 68 000001F2                     	PUSH	498
    39 00000034 E8 [00000000]                   	CALL	_io_out8
    40 00000039 53                              	PUSH	EBX
    41 0000003A C1 FB 08                        	SAR	EBX,8
    42 0000003D 68 000001F3                     	PUSH	499
    43 00000042 E8 [00000000]                   	CALL	_io_out8
    44 00000047 83 C4 20                        	ADD	ESP,32
    45 0000004A 53                              	PUSH	EBX
    46 0000004B C1 FB 08                        	SAR	EBX,8
    47 0000004E 68 000001F4                     	PUSH	500
    48 00000053 E8 [00000000]                   	CALL	_io_out8
    49 00000058 53                              	PUSH	EBX
    50 00000059 68 000001F5                     	PUSH	501
    51 0000005E E8 [00000000]                   	CALL	_io_out8
    52 00000063 83 C4 10                        	ADD	ESP,16
    53 00000066 89 D8                           	MOV	EAX,EBX
    54 00000068 C1 F8 08                        	SAR	EAX,8
    55 0000006B 4E                              	DEC	ESI
    56 0000006C 74 4A                           	JE	L4
    57 0000006E 0D 000000E0                     	OR	EAX,224
    58 00000073                                 L3:
    59 00000073 C1 E7 08                        	SAL	EDI,8
    60 00000076 50                              	PUSH	EAX
    61 00000077 68 000001F6                     	PUSH	502
    62 0000007C E8 [00000000]                   	CALL	_io_out8
    63 00000081 6A 20                           	PUSH	32
    64 00000083 68 000001F7                     	PUSH	503
    65 00000088 E8 [00000000]                   	CALL	_io_out8
    66 0000008D 6A 00                           	PUSH	0
    67 0000008F 68 000001F7                     	PUSH	503
    68 00000094 E8 00000144                     	CALL	_WaitForDrq
    69 00000099 8B 45 F0                        	MOV	EAX,DWORD [-16+EBP]
    70 0000009C C7 45 10 000001F0               	MOV	DWORD [16+EBP],496
    71 000000A3 89 7D 0C                        	MOV	DWORD [12+EBP],EDI
    72 000000A6 89 45 08                        	MOV	DWORD [8+EBP],EAX
    73 000000A9 83 C4 18                        	ADD	ESP,24
    74 000000AC 8D 65 F4                        	LEA	ESP,DWORD [-12+EBP]
    75 000000AF 5B                              	POP	EBX
    76 000000B0 5E                              	POP	ESI
    77 000000B1 5F                              	POP	EDI
    78 000000B2 5D                              	POP	EBP
    79 000000B3 E9 [00000000]                   	JMP	_inws
    80 000000B8                                 L4:
    81 000000B8 0D 000000F0                     	OR	EAX,240
    82 000000BD EB B4                           	JMP	L3
    83 000000BF                                 	GLOBAL	_writehddisk
    84 000000BF                                 _writehddisk:
    85 000000BF 55                              	PUSH	EBP
    86 000000C0 89 E5                           	MOV	EBP,ESP
    87 000000C2 57                              	PUSH	EDI
    88 000000C3 56                              	PUSH	ESI
    89 000000C4 53                              	PUSH	EBX
    90 000000C5 52                              	PUSH	EDX
    91 000000C6 8B 45 14                        	MOV	EAX,DWORD [20+EBP]
    92 000000C9 8B 5D 10                        	MOV	EBX,DWORD [16+EBP]
    93 000000CC 8B 75 08                        	MOV	ESI,DWORD [8+EBP]
    94 000000CF 8B 7D 0C                        	MOV	EDI,DWORD [12+EBP]
    95 000000D2 89 45 F0                        	MOV	DWORD [-16+EBP],EAX
    96 000000D5 6A 00                           	PUSH	0
    97 000000D7 68 000001F7                     	PUSH	503
    98 000000DC E8 000000CA                     	CALL	_WaitForBsy
    99 000000E1 6A 00                           	PUSH	0
   100 000000E3 68 000001F7                     	PUSH	503
   101 000000E8 E8 00000091                     	CALL	_WaitForRdy
   102 000000ED 57                              	PUSH	EDI
   103 000000EE 68 000001F2                     	PUSH	498
   104 000000F3 E8 [00000000]                   	CALL	_io_out8
   105 000000F8 53                              	PUSH	EBX
   106 000000F9 C1 FB 08                        	SAR	EBX,8
   107 000000FC 68 000001F3                     	PUSH	499
   108 00000101 E8 [00000000]                   	CALL	_io_out8
   109 00000106 83 C4 20                        	ADD	ESP,32
   110 00000109 53                              	PUSH	EBX
   111 0000010A C1 FB 08                        	SAR	EBX,8
   112 0000010D 68 000001F4                     	PUSH	500
   113 00000112 E8 [00000000]                   	CALL	_io_out8
   114 00000117 53                              	PUSH	EBX
   115 00000118 68 000001F5                     	PUSH	501
   116 0000011D E8 [00000000]                   	CALL	_io_out8
   117 00000122 83 C4 10                        	ADD	ESP,16
   118 00000125 89 D8                           	MOV	EAX,EBX
   119 00000127 C1 F8 08                        	SAR	EAX,8
   120 0000012A 4E                              	DEC	ESI
   121 0000012B 74 4A                           	JE	L8
   122 0000012D 0D 000000E0                     	OR	EAX,224
   123 00000132                                 L7:
   124 00000132 C1 E7 08                        	SAL	EDI,8
   125 00000135 50                              	PUSH	EAX
   126 00000136 68 000001F6                     	PUSH	502
   127 0000013B E8 [00000000]                   	CALL	_io_out8
   128 00000140 6A 40                           	PUSH	64
   129 00000142 68 000001F7                     	PUSH	503
   130 00000147 E8 [00000000]                   	CALL	_io_out8
   131 0000014C 6A 00                           	PUSH	0
   132 0000014E 68 000001F7                     	PUSH	503
   133 00000153 E8 00000085                     	CALL	_WaitForDrq
   134 00000158 8B 45 F0                        	MOV	EAX,DWORD [-16+EBP]
   135 0000015B C7 45 10 000001F0               	MOV	DWORD [16+EBP],496
   136 00000162 89 7D 0C                        	MOV	DWORD [12+EBP],EDI
   137 00000165 89 45 08                        	MOV	DWORD [8+EBP],EAX
   138 00000168 83 C4 18                        	ADD	ESP,24
   139 0000016B 8D 65 F4                        	LEA	ESP,DWORD [-12+EBP]
   140 0000016E 5B                              	POP	EBX
   141 0000016F 5E                              	POP	ESI
   142 00000170 5F                              	POP	EDI
   143 00000171 5D                              	POP	EBP
   144 00000172 E9 [00000000]                   	JMP	_outws
   145 00000177                                 L8:
   146 00000177 0D 000000F0                     	OR	EAX,240
   147 0000017C EB B4                           	JMP	L7
   148 0000017E                                 	GLOBAL	_WaitForRdy
   149 0000017E                                 _WaitForRdy:
   150 0000017E 55                              	PUSH	EBP
   151 0000017F 89 E5                           	MOV	EBP,ESP
   152 00000181 56                              	PUSH	ESI
   153 00000182 53                              	PUSH	EBX
   154 00000183 BB 00010000                     	MOV	EBX,65536
   155 00000188 8B 75 08                        	MOV	ESI,DWORD [8+EBP]
   156 0000018B                                 L15:
   157 0000018B 0F B7 C6                        	MOVZX	EAX,SI
   158 0000018E 50                              	PUSH	EAX
   159 0000018F E8 [00000000]                   	CALL	_io_in8
   160 00000194 59                              	POP	ECX
   161 00000195 83 E0 40                        	AND	EAX,64
   162 00000198 84 C0                           	TEST	AL,AL
   163 0000019A 75 03                           	JNE	L11
   164 0000019C 4B                              	DEC	EBX
   165 0000019D 75 EC                           	JNE	L15
   166 0000019F                                 L11:
   167 0000019F 8D 65 F8                        	LEA	ESP,DWORD [-8+EBP]
   168 000001A2 B8 00000001                     	MOV	EAX,1
   169 000001A7 5B                              	POP	EBX
   170 000001A8 5E                              	POP	ESI
   171 000001A9 5D                              	POP	EBP
   172 000001AA C3                              	RET
   173 000001AB                                 	GLOBAL	_WaitForBsy
   174 000001AB                                 _WaitForBsy:
   175 000001AB 55                              	PUSH	EBP
   176 000001AC 89 E5                           	MOV	EBP,ESP
   177 000001AE 57                              	PUSH	EDI
   178 000001AF 56                              	PUSH	ESI
   179 000001B0 31 FF                           	XOR	EDI,EDI
   180 000001B2 53                              	PUSH	EBX
   181 000001B3 8B 75 08                        	MOV	ESI,DWORD [8+EBP]
   182 000001B6 BB 00010000                     	MOV	EBX,65536
   183 000001BB                                 L22:
   184 000001BB 0F B7 C6                        	MOVZX	EAX,SI
   185 000001BE 50                              	PUSH	EAX
   186 000001BF E8 [00000000]                   	CALL	_io_in8
   187 000001C4 5A                              	POP	EDX
   188 000001C5 84 C0                           	TEST	AL,AL
   189 000001C7 79 0D                           	JNS	L23
   190 000001C9 4B                              	DEC	EBX
   191 000001CA 75 EF                           	JNE	L22
   192 000001CC                                 L18:
   193 000001CC 8D 65 F4                        	LEA	ESP,DWORD [-12+EBP]
   194 000001CF 89 F8                           	MOV	EAX,EDI
   195 000001D1 5B                              	POP	EBX
   196 000001D2 5E                              	POP	ESI
   197 000001D3 5F                              	POP	EDI
   198 000001D4 5D                              	POP	EBP
   199 000001D5 C3                              	RET
   200 000001D6                                 L23:
   201 000001D6 BF 00000001                     	MOV	EDI,1
   202 000001DB EB EF                           	JMP	L18
   203 000001DD                                 	GLOBAL	_WaitForDrq
   204 000001DD                                 _WaitForDrq:
   205 000001DD 55                              	PUSH	EBP
   206 000001DE 89 E5                           	MOV	EBP,ESP
   207 000001E0 57                              	PUSH	EDI
   208 000001E1 56                              	PUSH	ESI
   209 000001E2 31 FF                           	XOR	EDI,EDI
   210 000001E4 53                              	PUSH	EBX
   211 000001E5 8B 75 08                        	MOV	ESI,DWORD [8+EBP]
   212 000001E8 BB 00010000                     	MOV	EBX,65536
   213 000001ED                                 L30:
   214 000001ED 0F B7 C6                        	MOVZX	EAX,SI
   215 000001F0 50                              	PUSH	EAX
   216 000001F1 E8 [00000000]                   	CALL	_io_in8
   217 000001F6 59                              	POP	ECX
   218 000001F7 83 E0 08                        	AND	EAX,8
   219 000001FA 84 C0                           	TEST	AL,AL
   220 000001FC 75 0D                           	JNE	L31
   221 000001FE 4B                              	DEC	EBX
   222 000001FF 75 EC                           	JNE	L30
   223 00000201                                 L26:
   224 00000201 8D 65 F4                        	LEA	ESP,DWORD [-12+EBP]
   225 00000204 89 F8                           	MOV	EAX,EDI
   226 00000206 5B                              	POP	EBX
   227 00000207 5E                              	POP	ESI
   228 00000208 5F                              	POP	EDI
   229 00000209 5D                              	POP	EBP
   230 0000020A C3                              	RET
   231 0000020B                                 L31:
   232 0000020B BF 00000001                     	MOV	EDI,1
   233 00000210 EB EF                           	JMP	L26
   234 00000212                                 	GLOBAL	_identify_hd
   235 00000212                                 _identify_hd:
   236 00000212 55                              	PUSH	EBP
   237 00000213 89 E5                           	MOV	EBP,ESP
   238 00000215 6A 00                           	PUSH	0
   239 00000217 68 000001F7                     	PUSH	503
   240 0000021C E8 FFFFFF8A                     	CALL	_WaitForBsy
   241 00000221 6A 00                           	PUSH	0
   242 00000223 68 000001F7                     	PUSH	503
   243 00000228 E8 FFFFFF51                     	CALL	_WaitForRdy
   244 0000022D B8 000000F0                     	MOV	EAX,240
   245 00000232 83 7D 08 01                     	CMP	DWORD [8+EBP],1
   246 00000236 74 05                           	JE	L36
   247 00000238 B8 000000E0                     	MOV	EAX,224
   248 0000023D                                 L36:
   249 0000023D 50                              	PUSH	EAX
   250 0000023E 68 000001F6                     	PUSH	502
   251 00000243 E8 [00000000]                   	CALL	_io_out8
   252 00000248 68 000000EC                     	PUSH	236
   253 0000024D 68 000001F7                     	PUSH	503
   254 00000252 E8 [00000000]                   	CALL	_io_out8
   255 00000257 83 C4 20                        	ADD	ESP,32
   256 0000025A 6A 00                           	PUSH	0
   257 0000025C 68 000001F7                     	PUSH	503
   258 00000261 E8 FFFFFF77                     	CALL	_WaitForDrq
   259 00000266 68 000001F0                     	PUSH	496
   260 0000026B 68 00000200                     	PUSH	512
   261 00000270 FF 75 0C                        	PUSH	DWORD [12+EBP]
   262 00000273 E8 [00000000]                   	CALL	_inws
   263 00000278 C9                              	LEAVE
   264 00000279 C3                              	RET
   265 0000027A                                 	GLOBAL	_add_to_disk_queue
   266 0000027A                                 _add_to_disk_queue:
   267 0000027A 55                              	PUSH	EBP
   268 0000027B 89 E5                           	MOV	EBP,ESP
   269 0000027D 5D                              	POP	EBP
   270 0000027E C3                              	RET
   271 0000027F                                 	GLOBAL	_task_hd
   272 0000027F                                 _task_hd:
   273 0000027F 55                              	PUSH	EBP
   274 00000280 89 E5                           	MOV	EBP,ESP
   275 00000282 53                              	PUSH	EBX
   276 00000283 83 EC 20                        	SUB	ESP,32
   277 00000286                                 L58:
   278 00000286 8D 5D DC                        	LEA	EBX,DWORD [-36+EBP]
   279 00000289 53                              	PUSH	EBX
   280 0000028A 68 00002710                     	PUSH	10000
   281 0000028F E8 [00000000]                   	CALL	_message_receive
   282 00000294 58                              	POP	EAX
   283 00000295 8B 45 DC                        	MOV	EAX,DWORD [-36+EBP]
   284 00000298 8B 55 EC                        	MOV	EDX,DWORD [-20+EBP]
   285 0000029B 59                              	POP	ECX
   286 0000029C 83 F8 02                        	CMP	EAX,2
   287 0000029F 75 3C                           	JNE	L63
   288 000002A1 83 7A 08 02                     	CMP	DWORD [8+EDX],2
   289 000002A5                                 L62:
   290 000002A5 75 22                           	JNE	L54
   291 000002A7 8A 42 10                        	MOV	AL,BYTE [16+EDX]
   292 000002AA 83 E0 01                        	AND	EAX,1
   293 000002AD 84 C0                           	TEST	AL,AL
   294 000002AF 74 18                           	JE	L54
   295 000002B1 FF 75 E4                        	PUSH	DWORD [-28+EBP]
   296 000002B4 6A 00                           	PUSH	0
   297 000002B6 E8 FFFFFF57                     	CALL	_identify_hd
   298 000002BB 53                              	PUSH	EBX
   299 000002BC FF 75 E8                        	PUSH	DWORD [-24+EBP]
   300 000002BF E8 [00000000]                   	CALL	_message_send
   301 000002C4 83 C4 10                        	ADD	ESP,16
   302 000002C7 EB BD                           	JMP	L58
   303 000002C9                                 L54:
   304 000002C9 53                              	PUSH	EBX
   305 000002CA C7 45 E4 00000000               	MOV	DWORD [-28+EBP],0
   306 000002D1                                 L59:
   307 000002D1 FF 75 E8                        	PUSH	DWORD [-24+EBP]
   308 000002D4 E8 [00000000]                   	CALL	_message_send
   309 000002D9 5B                              	POP	EBX
   310 000002DA 58                              	POP	EAX
   311 000002DB EB A9                           	JMP	L58
   312 000002DD                                 L63:
   313 000002DD 83 F8 02                        	CMP	EAX,2
   314 000002E0 0F 8E 00000082                  	JLE	L64
   315 000002E6 83 F8 03                        	CMP	EAX,3
   316 000002E9 75 3B                           	JNE	L65
   317 000002EB 83 7A 08 03                     	CMP	DWORD [8+EDX],3
   318 000002EF 75 D8                           	JNE	L54
   319 000002F1 8A 42 10                        	MOV	AL,BYTE [16+EDX]
   320 000002F4 83 E0 01                        	AND	EAX,1
   321 000002F7 84 C0                           	TEST	AL,AL
   322 000002F9 74 CE                           	JE	L54
   323 000002FB FF 72 0C                        	PUSH	DWORD [12+EDX]
   324 000002FE FF 72 04                        	PUSH	DWORD [4+EDX]
   325 00000301 8A 42 10                        	MOV	AL,BYTE [16+EDX]
   326 00000304 C1 E0 06                        	SAL	EAX,6
   327 00000307 C0 F8 07                        	SAR	AL,7
   328 0000030A 0F BE C0                        	MOVSX	EAX,AL
   329 0000030D 50                              	PUSH	EAX
   330 0000030E 6A 00                           	PUSH	0
   331 00000310 E8 FFFFFF65                     	CALL	_add_to_disk_queue
   332 00000315                                 L60:
   333 00000315 53                              	PUSH	EBX
   334 00000316 FF 75 E8                        	PUSH	DWORD [-24+EBP]
   335 00000319 E8 [00000000]                   	CALL	_message_send
   336 0000031E 83 C4 18                        	ADD	ESP,24
   337 00000321 E9 FFFFFF60                     	JMP	L58
   338 00000326                                 L65:
   339 00000326 83 F8 04                        	CMP	EAX,4
   340 00000329 75 2D                           	JNE	L55
   341 0000032B 83 7A 08 04                     	CMP	DWORD [8+EDX],4
   342 0000032F 75 98                           	JNE	L54
   343 00000331 8A 42 10                        	MOV	AL,BYTE [16+EDX]
   344 00000334 83 E0 01                        	AND	EAX,1
   345 00000337 84 C0                           	TEST	AL,AL
   346 00000339 74 8E                           	JE	L54
   347 0000033B FF 75 E4                        	PUSH	DWORD [-28+EBP]
   348 0000033E FF 72 04                        	PUSH	DWORD [4+EDX]
   349 00000341 FF 72 0C                        	PUSH	DWORD [12+EDX]
   350 00000344 8A 42 10                        	MOV	AL,BYTE [16+EDX]
   351 00000347 C1 E0 06                        	SAL	EAX,6
   352 0000034A C0 F8 07                        	SAR	AL,7
   353 0000034D 0F BE C0                        	MOVSX	EAX,AL
   354 00000350 50                              	PUSH	EAX
   355 00000351 E8 FFFFFD69                     	CALL	_writehddisk
   356 00000356 EB BD                           	JMP	L60
   357 00000358                                 L55:
   358 00000358 8D 45 DC                        	LEA	EAX,DWORD [-36+EBP]
   359 0000035B C7 45 E4 00000000               	MOV	DWORD [-28+EBP],0
   360 00000362 50                              	PUSH	EAX
   361 00000363 E9 FFFFFF69                     	JMP	L59
   362 00000368                                 L64:
   363 00000368 48                              	DEC	EAX
   364 00000369 75 ED                           	JNE	L55
   365 0000036B 83 7A 08 01                     	CMP	DWORD [8+EDX],1
   366 0000036F E9 FFFFFF31                     	JMP	L62
   367 00000374                                 	GLOBAL	_IdeInitialize
   368 00000374                                 _IdeInitialize:
   369 00000374 55                              	PUSH	EBP
   370 00000375 89 E5                           	MOV	EBP,ESP
   371 00000377 6A 00                           	PUSH	0
   372 00000379 68 000001F7                     	PUSH	503
   373 0000037E E8 FFFFFE28                     	CALL	_WaitForBsy
   374 00000383 6A 00                           	PUSH	0
   375 00000385 68 000001F7                     	PUSH	503
   376 0000038A E8 FFFFFDEF                     	CALL	_WaitForRdy
   377 0000038F 68 000003F6                     	PUSH	1014
   378 00000394 6A 0E                           	PUSH	14
   379 00000396 E8 [00000000]                   	CALL	_io_out8
   380 0000039B 6A 00                           	PUSH	0
   381 0000039D 68 000001F7                     	PUSH	503
   382 000003A2 E8 FFFFFE04                     	CALL	_WaitForBsy
   383 000003A7 83 C4 20                        	ADD	ESP,32
   384 000003AA 6A 00                           	PUSH	0
   385 000003AC 68 000001F7                     	PUSH	503
   386 000003B1 E8 FFFFFDC8                     	CALL	_WaitForRdy
   387 000003B6 B8 00000001                     	MOV	EAX,1
   388 000003BB C9                              	LEAVE
   389 000003BC C3                              	RET
   390 000003BD                                 	GLOBAL	_inthandler2e
   391 000003BD                                 _inthandler2e:
   392 000003BD 55                              	PUSH	EBP
   393 000003BE 89 E5                           	MOV	EBP,ESP
   394 000003C0 6A 66                           	PUSH	102
   395 000003C2 68 000000A0                     	PUSH	160
   396 000003C7 E8 [00000000]                   	CALL	_io_out8
   397 000003CC 6A 62                           	PUSH	98
   398 000003CE 6A 20                           	PUSH	32
   399 000003D0 E8 [00000000]                   	CALL	_io_out8
   400 000003D5 83 C4 10                        	ADD	ESP,16
   401 000003D8 C7 45 08 000001F7               	MOV	DWORD [8+EBP],503
   402 000003DF C9                              	LEAVE
   403 000003E0 E9 [00000000]                   	JMP	_io_in8
   404 000003E5                                 	GLOBAL	_HDEntry
   405 000003E5                                 _HDEntry:
   406 000003E5 55                              	PUSH	EBP
   407 000003E6 89 E5                           	MOV	EBP,ESP
   408 000003E8 56                              	PUSH	ESI
   409 000003E9 53                              	PUSH	EBX
   410 000003EA 83 EC 10                        	SUB	ESP,16
   411 000003ED 8B 75 08                        	MOV	ESI,DWORD [8+EBP]
   412 000003F0 E8 [00000000]                   	CALL	_task_alloc
   413 000003F5 68 00010000                     	PUSH	65536
   414 000003FA 89 C3                           	MOV	EBX,EAX
   415 000003FC FF 76 04                        	PUSH	DWORD [4+ESI]
   416 000003FF E8 [00000000]                   	CALL	_memman_alloc_4k
   417 00000404 05 00010000                     	ADD	EAX,65536
   418 00000409 89 43 64                        	MOV	DWORD [100+EBX],EAX
   419 0000040C C7 43 4C [0000027F]             	MOV	DWORD [76+EBX],_task_hd
   420 00000413 C7 43 74 00000008               	MOV	DWORD [116+EBX],8
   421 0000041A C7 43 78 00000010               	MOV	DWORD [120+EBX],16
   422 00000421 C7 43 7C 00000008               	MOV	DWORD [124+EBX],8
   423 00000428 C7 83 00000080 00000008         	MOV	DWORD [128+EBX],8
   424 00000432 C7 83 00000084 00000008         	MOV	DWORD [132+EBX],8
   425 0000043C C7 83 00000088 00000008         	MOV	DWORD [136+EBX],8
   426 00000446 C7 83 00000148 00000001         	MOV	DWORD [328+EBX],1
   427 00000450 6A 01                           	PUSH	1
   428 00000452 6A 02                           	PUSH	2
   429 00000454 53                              	PUSH	EBX
   430 00000455 E8 [00000000]                   	CALL	_task_run
   431 0000045A 8D 45 E8                        	LEA	EAX,DWORD [-24+EBP]
   432 0000045D 89 5E 08                        	MOV	DWORD [8+ESI],EBX
   433 00000460 A3 [00000000]                   	MOV	DWORD [_devcalls],EAX
   434 00000465 8D 65 F8                        	LEA	ESP,DWORD [-8+EBP]
   435 00000468 B8 00000001                     	MOV	EAX,1
   436 0000046D 5B                              	POP	EBX
   437 0000046E 5E                              	POP	ESI
   438 0000046F 5D                              	POP	EBP
   439 00000470 C3                              	RET
   440 00000471                                 	GLOBAL	_hd_sector_map
   441                                          [SECTION .data]
   442 00000000                                 	ALIGNB	16
   443 00000000                                 _hd_sector_map:
   444 00000000 00 00 00 00 00 00 00 00 00 00   	RESB	4096
       0000000A 00 00 00 00 00 00 00 00 00 00 
       00000014 00 00 00 00 00 00 00 00 00 00 
       0000001E 00 00 00 00 00 00 00 00 00 00 
       00000028 00 00 00 00 00 00 00 00 00 00 
       00000032 00 00 00 00 00 00 00 00 00 00 
       0000003C 00 00 00 00 00 00 00 00 00 00 
       00000046 00 00 00 00 00 00 00 00 00 00 
       00000050 00 00 00 00 00 00 00 00 00 00 
       0000005A 00 00 00 00 00 00 00 00 00 00 
       00000064 00 00 00 00 00 00 00 00 00 00 
       0000006E 00 00 00 00 00 00 00 00 00 00 
       00000078 00 00 00 00 00 00 00 00 00 00 
       00000082 00 00 00 00 00 00 00 00 00 00 
       0000008C 00 00 00 00 00 00 00 00 00 00 
       00000096 00 00 00 00 00 00 00 00 00 00 
       000000A0 00 00 00 00 00 00 00 00 00 00 
       000000AA 00 00 00 00 00 00 00 00 00 00 
       000000B4 00 00 00 00 00 00 00 00 00 00 
       000000BE 00 00 00 00 00 00 00 00 00 00 
       000000C8 00 00 00 00 00 00 00 00 00 00 
       000000D2 00 00 00 00 00 00 00 00 00 00 
       000000DC 00 00 00 00 00 00 00 00 00 00 
       000000E6 00 00 00 00 00 00 00 00 00 00 
       000000F0 00 00 00 00 00 00 00 00 00 00 
       000000FA 00 00 00 00 00 00 00 00 00 00 
       00000104 00 00 00 00 00 00 00 00 00 00 
       0000010E 00 00 00 00 00 00 00 00 00 00 
       00000118 00 00 00 00 00 00 00 00 00 00 
       00000122 00 00 00 00 00 00 00 00 00 00 
       0000012C 00 00 00 00 00 00 00 00 00 00 
       00000136 00 00 00 00 00 00 00 00 00 00 
       00000140 00 00 00 00 00 00 00 00 00 00 
       0000014A 00 00 00 00 00 00 00 00 00 00 
       00000154 00 00 00 00 00 00 00 00 00 00 
       0000015E 00 00 00 00 00 00 00 00 00 00 
       00000168 00 00 00 00 00 00 00 00 00 00 
       00000172 00 00 00 00 00 00 00 00 00 00 
       0000017C 00 00 00 00 00 00 00 00 00 00 
       00000186 00 00 00 00 00 00 00 00 00 00 
       00000190 00 00 00 00 00 00 00 00 00 00 
       0000019A 00 00 00 00 00 00 00 00 00 00 
       000001A4 00 00 00 00 00 00 00 00 00 00 
       000001AE 00 00 00 00 00 00 00 00 00 00 
       000001B8 00 00 00 00 00 00 00 00 00 00 
       000001C2 00 00 00 00 00 00 00 00 00 00 
       000001CC 00 00 00 00 00 00 00 00 00 00 
       000001D6 00 00 00 00 00 00 00 00 00 00 
       000001E0 00 00 00 00 00 00 00 00 00 00 
       000001EA 00 00 00 00 00 00 00 00 00 00 
       000001F4 00 00 00 00 00 00 00 00 00 00 
       000001FE 00 00 00 00 00 00 00 00 00 00 
       00000208 00 00 00 00 00 00 00 00 00 00 
       00000212 00 00 00 00 00 00 00 00 00 00 
       0000021C 00 00 00 00 00 00 00 00 00 00 
       00000226 00 00 00 00 00 00 00 00 00 00 
       00000230 00 00 00 00 00 00 00 00 00 00 
       0000023A 00 00 00 00 00 00 00 00 00 00 
       00000244 00 00 00 00 00 00 00 00 00 00 
       0000024E 00 00 00 00 00 00 00 00 00 00 
       00000258 00 00 00 00 00 00 00 00 00 00 
       00000262 00 00 00 00 00 00 00 00 00 00 
       0000026C 00 00 00 00 00 00 00 00 00 00 
       00000276 00 00 00 00 00 00 00 00 00 00 
       00000280 00 00 00 00 00 00 00 00 00 00 
       0000028A 00 00 00 00 00 00 00 00 00 00 
       00000294 00 00 00 00 00 00 00 00 00 00 
       0000029E 00 00 00 00 00 00 00 00 00 00 
       000002A8 00 00 00 00 00 00 00 00 00 00 
       000002B2 00 00 00 00 00 00 00 00 00 00 
       000002BC 00 00 00 00 00 00 00 00 00 00 
       000002C6 00 00 00 00 00 00 00 00 00 00 
       000002D0 00 00 00 00 00 00 00 00 00 00 
       000002DA 00 00 00 00 00 00 00 00 00 00 
       000002E4 00 00 00 00 00 00 00 00 00 00 
       000002EE 00 00 00 00 00 00 00 00 00 00 
       000002F8 00 00 00 00 00 00 00 00 00 00 
       00000302 00 00 00 00 00 00 00 00 00 00 
       0000030C 00 00 00 00 00 00 00 00 00 00 
       00000316 00 00 00 00 00 00 00 00 00 00 
       00000320 00 00 00 00 00 00 00 00 00 00 
       0000032A 00 00 00 00 00 00 00 00 00 00 
       00000334 00 00 00 00 00 00 00 00 00 00 
       0000033E 00 00 00 00 00 00 00 00 00 00 
       00000348 00 00 00 00 00 00 00 00 00 00 
       00000352 00 00 00 00 00 00 00 00 00 00 
       0000035C 00 00 00 00 00 00 00 00 00 00 
       00000366 00 00 00 00 00 00 00 00 00 00 
       00000370 00 00 00 00 00 00 00 00 00 00 
       0000037A 00 00 00 00 00 00 00 00 00 00 
       00000384 00 00 00 00 00 00 00 00 00 00 
       0000038E 00 00 00 00 00 00 00 00 00 00 
       00000398 00 00 00 00 00 00 00 00 00 00 
       000003A2 00 00 00 00 00 00 00 00 00 00 
       000003AC 00 00 00 00 00 00 00 00 00 00 
       000003B6 00 00 00 00 00 00 00 00 00 00 
       000003C0 00 00 00 00 00 00 00 00 00 00 
       000003CA 00 00 00 00 00 00 00 00 00 00 
       000003D4 00 00 00 00 00 00 00 00 00 00 
       000003DE 00 00 00 00 00 00 00 00 00 00 
       000003E8 00 00 00 00 00 00 00 00 00 00 
       000003F2 00 00 00 00 00 00 00 00 00 00 
       000003FC 00 00 00 00 00 00 00 00 00 00 
       00000406 00 00 00 00 00 00 00 00 00 00 
       00000410 00 00 00 00 00 00 00 00 00 00 
       0000041A 00 00 00 00 00 00 00 00 00 00 
       00000424 00 00 00 00 00 00 00 00 00 00 
       0000042E 00 00 00 00 00 00 00 00 00 00 
       00000438 00 00 00 00 00 00 00 00 00 00 
       00000442 00 00 00 00 00 00 00 00 00 00 
       0000044C 00 00 00 00 00 00 00 00 00 00 
       00000456 00 00 00 00 00 00 00 00 00 00 
       00000460 00 00 00 00 00 00 00 00 00 00 
       0000046A 00 00 00 00 00 00 00 00 00 00 
       00000474 00 00 00 00 00 00 00 00 00 00 
       0000047E 00 00 00 00 00 00 00 00 00 00 
       00000488 00 00 00 00 00 00 00 00 00 00 
       00000492 00 00 00 00 00 00 00 00 00 00 
       0000049C 00 00 00 00 00 00 00 00 00 00 
       000004A6 00 00 00 00 00 00 00 00 00 00 
       000004B0 00 00 00 00 00 00 00 00 00 00 
       000004BA 00 00 00 00 00 00 00 00 00 00 
       000004C4 00 00 00 00 00 00 00 00 00 00 
       000004CE 00 00 00 00 00 00 00 00 00 00 
       000004D8 00 00 00 00 00 00 00 00 00 00 
       000004E2 00 00 00 00 00 00 00 00 00 00 
       000004EC 00 00 00 00 00 00 00 00 00 00 
       000004F6 00 00 00 00 00 00 00 00 00 00 
       00000500 00 00 00 00 00 00 00 00 00 00 
       0000050A 00 00 00 00 00 00 00 00 00 00 
       00000514 00 00 00 00 00 00 00 00 00 00 
       0000051E 00 00 00 00 00 00 00 00 00 00 
       00000528 00 00 00 00 00 00 00 00 00 00 
       00000532 00 00 00 00 00 00 00 00 00 00 
       0000053C 00 00 00 00 00 00 00 00 00 00 
       00000546 00 00 00 00 00 00 00 00 00 00 
       00000550 00 00 00 00 00 00 00 00 00 00 
       0000055A 00 00 00 00 00 00 00 00 00 00 
       00000564 00 00 00 00 00 00 00 00 00 00 
       0000056E 00 00 00 00 00 00 00 00 00 00 
       00000578 00 00 00 00 00 00 00 00 00 00 
       00000582 00 00 00 00 00 00 00 00 00 00 
       0000058C 00 00 00 00 00 00 00 00 00 00 
       00000596 00 00 00 00 00 00 00 00 00 00 
       000005A0 00 00 00 00 00 00 00 00 00 00 
       000005AA 00 00 00 00 00 00 00 00 00 00 
       000005B4 00 00 00 00 00 00 00 00 00 00 
       000005BE 00 00 00 00 00 00 00 00 00 00 
       000005C8 00 00 00 00 00 00 00 00 00 00 
       000005D2 00 00 00 00 00 00 00 00 00 00 
       000005DC 00 00 00 00 00 00 00 00 00 00 
       000005E6 00 00 00 00 00 00 00 00 00 00 
       000005F0 00 00 00 00 00 00 00 00 00 00 
       000005FA 00 00 00 00 00 00 00 00 00 00 
       00000604 00 00 00 00 00 00 00 00 00 00 
       0000060E 00 00 00 00 00 00 00 00 00 00 
       00000618 00 00 00 00 00 00 00 00 00 00 
       00000622 00 00 00 00 00 00 00 00 00 00 
       0000062C 00 00 00 00 00 00 00 00 00 00 
       00000636 00 00 00 00 00 00 00 00 00 00 
       00000640 00 00 00 00 00 00 00 00 00 00 
       0000064A 00 00 00 00 00 00 00 00 00 00 
       00000654 00 00 00 00 00 00 00 00 00 00 
       0000065E 00 00 00 00 00 00 00 00 00 00 
       00000668 00 00 00 00 00 00 00 00 00 00 
       00000672 00 00 00 00 00 00 00 00 00 00 
       0000067C 00 00 00 00 00 00 00 00 00 00 
       00000686 00 00 00 00 00 00 00 00 00 00 
       00000690 00 00 00 00 00 00 00 00 00 00 
       0000069A 00 00 00 00 00 00 00 00 00 00 
       000006A4 00 00 00 00 00 00 00 00 00 00 
       000006AE 00 00 00 00 00 00 00 00 00 00 
       000006B8 00 00 00 00 00 00 00 00 00 00 
       000006C2 00 00 00 00 00 00 00 00 00 00 
       000006CC 00 00 00 00 00 00 00 00 00 00 
       000006D6 00 00 00 00 00 00 00 00 00 00 
       000006E0 00 00 00 00 00 00 00 00 00 00 
       000006EA 00 00 00 00 00 00 00 00 00 00 
       000006F4 00 00 00 00 00 00 00 00 00 00 
       000006FE 00 00 00 00 00 00 00 00 00 00 
       00000708 00 00 00 00 00 00 00 00 00 00 
       00000712 00 00 00 00 00 00 00 00 00 00 
       0000071C 00 00 00 00 00 00 00 00 00 00 
       00000726 00 00 00 00 00 00 00 00 00 00 
       00000730 00 00 00 00 00 00 00 00 00 00 
       0000073A 00 00 00 00 00 00 00 00 00 00 
       00000744 00 00 00 00 00 00 00 00 00 00 
       0000074E 00 00 00 00 00 00 00 00 00 00 
       00000758 00 00 00 00 00 00 00 00 00 00 
       00000762 00 00 00 00 00 00 00 00 00 00 
       0000076C 00 00 00 00 00 00 00 00 00 00 
       00000776 00 00 00 00 00 00 00 00 00 00 
       00000780 00 00 00 00 00 00 00 00 00 00 
       0000078A 00 00 00 00 00 00 00 00 00 00 
       00000794 00 00 00 00 00 00 00 00 00 00 
       0000079E 00 00 00 00 00 00 00 00 00 00 
       000007A8 00 00 00 00 00 00 00 00 00 00 
       000007B2 00 00 00 00 00 00 00 00 00 00 
       000007BC 00 00 00 00 00 00 00 00 00 00 
       000007C6 00 00 00 00 00 00 00 00 00 00 
       000007D0 00 00 00 00 00 00 00 00 00 00 
       000007DA 00 00 00 00 00 00 00 00 00 00 
       000007E4 00 00 00 00 00 00 00 00 00 00 
       000007EE 00 00 00 00 00 00 00 00 00 00 
       000007F8 00 00 00 00 00 00 00 00 00 00 
       00000802 00 00 00 00 00 00 00 00 00 00 
       0000080C 00 00 00 00 00 00 00 00 00 00 
       00000816 00 00 00 00 00 00 00 00 00 00 
       00000820 00 00 00 00 00 00 00 00 00 00 
       0000082A 00 00 00 00 00 00 00 00 00 00 
       00000834 00 00 00 00 00 00 00 00 00 00 
       0000083E 00 00 00 00 00 00 00 00 00 00 
       00000848 00 00 00 00 00 00 00 00 00 00 
       00000852 00 00 00 00 00 00 00 00 00 00 
       0000085C 00 00 00 00 00 00 00 00 00 00 
       00000866 00 00 00 00 00 00 00 00 00 00 
       00000870 00 00 00 00 00 00 00 00 00 00 
       0000087A 00 00 00 00 00 00 00 00 00 00 
       00000884 00 00 00 00 00 00 00 00 00 00 
       0000088E 00 00 00 00 00 00 00 00 00 00 
       00000898 00 00 00 00 00 00 00 00 00 00 
       000008A2 00 00 00 00 00 00 00 00 00 00 
       000008AC 00 00 00 00 00 00 00 00 00 00 
       000008B6 00 00 00 00 00 00 00 00 00 00 
       000008C0 00 00 00 00 00 00 00 00 00 00 
       000008CA 00 00 00 00 00 00 00 00 00 00 
       000008D4 00 00 00 00 00 00 00 00 00 00 
       000008DE 00 00 00 00 00 00 00 00 00 00 
       000008E8 00 00 00 00 00 00 00 00 00 00 
       000008F2 00 00 00 00 00 00 00 00 00 00 
       000008FC 00 00 00 00 00 00 00 00 00 00 
       00000906 00 00 00 00 00 00 00 00 00 00 
       00000910 00 00 00 00 00 00 00 00 00 00 
       0000091A 00 00 00 00 00 00 00 00 00 00 
       00000924 00 00 00 00 00 00 00 00 00 00 
       0000092E 00 00 00 00 00 00 00 00 00 00 
       00000938 00 00 00 00 00 00 00 00 00 00 
       00000942 00 00 00 00 00 00 00 00 00 00 
       0000094C 00 00 00 00 00 00 00 00 00 00 
       00000956 00 00 00 00 00 00 00 00 00 00 
       00000960 00 00 00 00 00 00 00 00 00 00 
       0000096A 00 00 00 00 00 00 00 00 00 00 
       00000974 00 00 00 00 00 00 00 00 00 00 
       0000097E 00 00 00 00 00 00 00 00 00 00 
       00000988 00 00 00 00 00 00 00 00 00 00 
       00000992 00 00 00 00 00 00 00 00 00 00 
       0000099C 00 00 00 00 00 00 00 00 00 00 
       000009A6 00 00 00 00 00 00 00 00 00 00 
       000009B0 00 00 00 00 00 00 00 00 00 00 
       000009BA 00 00 00 00 00 00 00 00 00 00 
       000009C4 00 00 00 00 00 00 00 00 00 00 
       000009CE 00 00 00 00 00 00 00 00 00 00 
       000009D8 00 00 00 00 00 00 00 00 00 00 
       000009E2 00 00 00 00 00 00 00 00 00 00 
       000009EC 00 00 00 00 00 00 00 00 00 00 
       000009F6 00 00 00 00 00 00 00 00 00 00 
       00000A00 00 00 00 00 00 00 00 00 00 00 
       00000A0A 00 00 00 00 00 00 00 00 00 00 
       00000A14 00 00 00 00 00 00 00 00 00 00 
       00000A1E 00 00 00 00 00 00 00 00 00 00 
       00000A28 00 00 00 00 00 00 00 00 00 00 
       00000A32 00 00 00 00 00 00 00 00 00 00 
       00000A3C 00 00 00 00 00 00 00 00 00 00 
       00000A46 00 00 00 00 00 00 00 00 00 00 
       00000A50 00 00 00 00 00 00 00 00 00 00 
       00000A5A 00 00 00 00 00 00 00 00 00 00 
       00000A64 00 00 00 00 00 00 00 00 00 00 
       00000A6E 00 00 00 00 00 00 00 00 00 00 
       00000A78 00 00 00 00 00 00 00 00 00 00 
       00000A82 00 00 00 00 00 00 00 00 00 00 
       00000A8C 00 00 00 00 00 00 00 00 00 00 
       00000A96 00 00 00 00 00 00 00 00 00 00 
       00000AA0 00 00 00 00 00 00 00 00 00 00 
       00000AAA 00 00 00 00 00 00 00 00 00 00 
       00000AB4 00 00 00 00 00 00 00 00 00 00 
       00000ABE 00 00 00 00 00 00 00 00 00 00 
       00000AC8 00 00 00 00 00 00 00 00 00 00 
       00000AD2 00 00 00 00 00 00 00 00 00 00 
       00000ADC 00 00 00 00 00 00 00 00 00 00 
       00000AE6 00 00 00 00 00 00 00 00 00 00 
       00000AF0 00 00 00 00 00 00 00 00 00 00 
       00000AFA 00 00 00 00 00 00 00 00 00 00 
       00000B04 00 00 00 00 00 00 00 00 00 00 
       00000B0E 00 00 00 00 00 00 00 00 00 00 
       00000B18 00 00 00 00 00 00 00 00 00 00 
       00000B22 00 00 00 00 00 00 00 00 00 00 
       00000B2C 00 00 00 00 00 00 00 00 00 00 
       00000B36 00 00 00 00 00 00 00 00 00 00 
       00000B40 00 00 00 00 00 00 00 00 00 00 
       00000B4A 00 00 00 00 00 00 00 00 00 00 
       00000B54 00 00 00 00 00 00 00 00 00 00 
       00000B5E 00 00 00 00 00 00 00 00 00 00 
       00000B68 00 00 00 00 00 00 00 00 00 00 
       00000B72 00 00 00 00 00 00 00 00 00 00 
       00000B7C 00 00 00 00 00 00 00 00 00 00 
       00000B86 00 00 00 00 00 00 00 00 00 00 
       00000B90 00 00 00 00 00 00 00 00 00 00 
       00000B9A 00 00 00 00 00 00 00 00 00 00 
       00000BA4 00 00 00 00 00 00 00 00 00 00 
       00000BAE 00 00 00 00 00 00 00 00 00 00 
       00000BB8 00 00 00 00 00 00 00 00 00 00 
       00000BC2 00 00 00 00 00 00 00 00 00 00 
       00000BCC 00 00 00 00 00 00 00 00 00 00 
       00000BD6 00 00 00 00 00 00 00 00 00 00 
       00000BE0 00 00 00 00 00 00 00 00 00 00 
       00000BEA 00 00 00 00 00 00 00 00 00 00 
       00000BF4 00 00 00 00 00 00 00 00 00 00 
       00000BFE 00 00 00 00 00 00 00 00 00 00 
       00000C08 00 00 00 00 00 00 00 00 00 00 
       00000C12 00 00 00 00 00 00 00 00 00 00 
       00000C1C 00 00 00 00 00 00 00 00 00 00 
       00000C26 00 00 00 00 00 00 00 00 00 00 
       00000C30 00 00 00 00 00 00 00 00 00 00 
       00000C3A 00 00 00 00 00 00 00 00 00 00 
       00000C44 00 00 00 00 00 00 00 00 00 00 
       00000C4E 00 00 00 00 00 00 00 00 00 00 
       00000C58 00 00 00 00 00 00 00 00 00 00 
       00000C62 00 00 00 00 00 00 00 00 00 00 
       00000C6C 00 00 00 00 00 00 00 00 00 00 
       00000C76 00 00 00 00 00 00 00 00 00 00 
       00000C80 00 00 00 00 00 00 00 00 00 00 
       00000C8A 00 00 00 00 00 00 00 00 00 00 
       00000C94 00 00 00 00 00 00 00 00 00 00 
       00000C9E 00 00 00 00 00 00 00 00 00 00 
       00000CA8 00 00 00 00 00 00 00 00 00 00 
       00000CB2 00 00 00 00 00 00 00 00 00 00 
       00000CBC 00 00 00 00 00 00 00 00 00 00 
       00000CC6 00 00 00 00 00 00 00 00 00 00 
       00000CD0 00 00 00 00 00 00 00 00 00 00 
       00000CDA 00 00 00 00 00 00 00 00 00 00 
       00000CE4 00 00 00 00 00 00 00 00 00 00 
       00000CEE 00 00 00 00 00 00 00 00 00 00 
       00000CF8 00 00 00 00 00 00 00 00 00 00 
       00000D02 00 00 00 00 00 00 00 00 00 00 
       00000D0C 00 00 00 00 00 00 00 00 00 00 
       00000D16 00 00 00 00 00 00 00 00 00 00 
       00000D20 00 00 00 00 00 00 00 00 00 00 
       00000D2A 00 00 00 00 00 00 00 00 00 00 
       00000D34 00 00 00 00 00 00 00 00 00 00 
       00000D3E 00 00 00 00 00 00 00 00 00 00 
       00000D48 00 00 00 00 00 00 00 00 00 00 
       00000D52 00 00 00 00 00 00 00 00 00 00 
       00000D5C 00 00 00 00 00 00 00 00 00 00 
       00000D66 00 00 00 00 00 00 00 00 00 00 
       00000D70 00 00 00 00 00 00 00 00 00 00 
       00000D7A 00 00 00 00 00 00 00 00 00 00 
       00000D84 00 00 00 00 00 00 00 00 00 00 
       00000D8E 00 00 00 00 00 00 00 00 00 00 
       00000D98 00 00 00 00 00 00 00 00 00 00 
       00000DA2 00 00 00 00 00 00 00 00 00 00 
       00000DAC 00 00 00 00 00 00 00 00 00 00 
       00000DB6 00 00 00 00 00 00 00 00 00 00 
       00000DC0 00 00 00 00 00 00 00 00 00 00 
       00000DCA 00 00 00 00 00 00 00 00 00 00 
       00000DD4 00 00 00 00 00 00 00 00 00 00 
       00000DDE 00 00 00 00 00 00 00 00 00 00 
       00000DE8 00 00 00 00 00 00 00 00 00 00 
       00000DF2 00 00 00 00 00 00 00 00 00 00 
       00000DFC 00 00 00 00 00 00 00 00 00 00 
       00000E06 00 00 00 00 00 00 00 00 00 00 
       00000E10 00 00 00 00 00 00 00 00 00 00 
       00000E1A 00 00 00 00 00 00 00 00 00 00 
       00000E24 00 00 00 00 00 00 00 00 00 00 
       00000E2E 00 00 00 00 00 00 00 00 00 00 
       00000E38 00 00 00 00 00 00 00 00 00 00 
       00000E42 00 00 00 00 00 00 00 00 00 00 
       00000E4C 00 00 00 00 00 00 00 00 00 00 
       00000E56 00 00 00 00 00 00 00 00 00 00 
       00000E60 00 00 00 00 00 00 00 00 00 00 
       00000E6A 00 00 00 00 00 00 00 00 00 00 
       00000E74 00 00 00 00 00 00 00 00 00 00 
       00000E7E 00 00 00 00 00 00 00 00 00 00 
       00000E88 00 00 00 00 00 00 00 00 00 00 
       00000E92 00 00 00 00 00 00 00 00 00 00 
       00000E9C 00 00 00 00 00 00 00 00 00 00 
       00000EA6 00 00 00 00 00 00 00 00 00 00 
       00000EB0 00 00 00 00 00 00 00 00 00 00 
       00000EBA 00 00 00 00 00 00 00 00 00 00 
       00000EC4 00 00 00 00 00 00 00 00 00 00 
       00000ECE 00 00 00 00 00 00 00 00 00 00 
       00000ED8 00 00 00 00 00 00 00 00 00 00 
       00000EE2 00 00 00 00 00 00 00 00 00 00 
       00000EEC 00 00 00 00 00 00 00 00 00 00 
       00000EF6 00 00 00 00 00 00 00 00 00 00 
       00000F00 00 00 00 00 00 00 00 00 00 00 
       00000F0A 00 00 00 00 00 00 00 00 00 00 
       00000F14 00 00 00 00 00 00 00 00 00 00 
       00000F1E 00 00 00 00 00 00 00 00 00 00 
       00000F28 00 00 00 00 00 00 00 00 00 00 
       00000F32 00 00 00 00 00 00 00 00 00 00 
       00000F3C 00 00 00 00 00 00 00 00 00 00 
       00000F46 00 00 00 00 00 00 00 00 00 00 
       00000F50 00 00 00 00 00 00 00 00 00 00 
       00000F5A 00 00 00 00 00 00 00 00 00 00 
       00000F64 00 00 00 00 00 00 00 00 00 00 
       00000F6E 00 00 00 00 00 00 00 00 00 00 
       00000F78 00 00 00 00 00 00 00 00 00 00 
       00000F82 00 00 00 00 00 00 00 00 00 00 
       00000F8C 00 00 00 00 00 00 00 00 00 00 
       00000F96 00 00 00 00 00 00 00 00 00 00 
       00000FA0 00 00 00 00 00 00 00 00 00 00 
       00000FAA 00 00 00 00 00 00 00 00 00 00 
       00000FB4 00 00 00 00 00 00 00 00 00 00 
       00000FBE 00 00 00 00 00 00 00 00 00 00 
       00000FC8 00 00 00 00 00 00 00 00 00 00 
       00000FD2 00 00 00 00 00 00 00 00 00 00 
       00000FDC 00 00 00 00 00 00 00 00 00 00 
       00000FE6 00 00 00 00 00 00 00 00 00 00 
       00000FF0 00 00 00 00 00 00 00 00 00 00 
       00000FFA 00 00 00 00 00 00 
