     1 00000000                                 [FORMAT "WCOFF"]
     2 00000000                                 [INSTRSET "i486p"]
     3 00000000                                 [OPTIMIZE 1]
     4 00000000                                 [OPTION 1]
     5 00000000                                 [BITS 32]
     6 00000000                                 	EXTERN	_io_in16
     7 00000000                                 	EXTERN	_io_out8
     8 00000000                                 	EXTERN	_io_out16
     9 00000000                                 [FILE "acpi.c"]
    10                                          [SECTION .data]
    11 00000000                                 LC0:
    12 00000000 52 53 44 20 50 54 52 20 00      	DB	"RSD PTR ",0x00
    13                                          [SECTION .text]
    14 00000000                                 	GLOBAL	_acpiCheckRSDPtr
    15 00000000                                 _acpiCheckRSDPtr:
    16 00000000 55                              	PUSH	EBP
    17 00000001 B9 00000008                     	MOV	ECX,8
    18 00000006 89 E5                           	MOV	EBP,ESP
    19 00000008 57                              	PUSH	EDI
    20 00000009 56                              	PUSH	ESI
    21 0000000A BE [00000000]                   	MOV	ESI,LC0
    22 0000000F FC                              	CLD
    23 00000010 53                              	PUSH	EBX
    24 00000011 8B 7D 08                        	MOV	EDI,DWORD [8+EBP]
    25 00000014 31 DB                           	XOR	EBX,EBX
    26 00000016 F3                              	REPE
    27 00000017 A6                              	CMPSB
    28 00000018 75 1D                           	JNE	L2
    29 0000001A 8B 45 08                        	MOV	EAX,DWORD [8+EBP]
    30 0000001D 31 D2                           	XOR	EDX,EDX
    31 0000001F                                 L7:
    32 0000001F 42                              	INC	EDX
    33 00000020 02 18                           	ADD	BL,BYTE [EAX]
    34 00000022 40                              	INC	EAX
    35 00000023 83 FA 13                        	CMP	EDX,19
    36 00000026 76 F7                           	JBE	L7
    37 00000028 84 DB                           	TEST	BL,BL
    38 0000002A 75 0B                           	JNE	L2
    39 0000002C 8B 55 08                        	MOV	EDX,DWORD [8+EBP]
    40 0000002F 8B 42 10                        	MOV	EAX,DWORD [16+EDX]
    41 00000032                                 L1:
    42 00000032 5B                              	POP	EBX
    43 00000033 5E                              	POP	ESI
    44 00000034 5F                              	POP	EDI
    45 00000035 5D                              	POP	EBP
    46 00000036 C3                              	RET
    47 00000037                                 L2:
    48 00000037 31 C0                           	XOR	EAX,EAX
    49 00000039 EB F7                           	JMP	L1
    50 0000003B                                 	GLOBAL	_acpiGetRSDPtr
    51 0000003B                                 _acpiGetRSDPtr:
    52 0000003B 55                              	PUSH	EBP
    53 0000003C 89 E5                           	MOV	EBP,ESP
    54 0000003E 56                              	PUSH	ESI
    55 0000003F 53                              	PUSH	EBX
    56 00000040 BE 000E0000                     	MOV	ESI,917504
    57 00000045                                 L17:
    58 00000045 56                              	PUSH	ESI
    59 00000046 E8 FFFFFFB5                     	CALL	_acpiCheckRSDPtr
    60 0000004B 59                              	POP	ECX
    61 0000004C 85 C0                           	TEST	EAX,EAX
    62 0000004E 75 37                           	JNE	L11
    63 00000050 83 C6 10                        	ADD	ESI,16
    64 00000053 81 FE 000FFFFF                  	CMP	ESI,1048575
    65 00000059 7E EA                           	JLE	L17
    66 0000005B 0F BF 1D 0000040E               	MOVSX	EBX,WORD [1038]
    67 00000062 C1 E3 04                        	SAL	EBX,4
    68 00000065 81 E3 000FFFFF                  	AND	EBX,1048575
    69 0000006B 89 DE                           	MOV	ESI,EBX
    70 0000006D                                 L23:
    71 0000006D 56                              	PUSH	ESI
    72 0000006E E8 FFFFFF8D                     	CALL	_acpiCheckRSDPtr
    73 00000073 5A                              	POP	EDX
    74 00000074 85 C0                           	TEST	EAX,EAX
    75 00000076 75 0F                           	JNE	L11
    76 00000078 83 C6 10                        	ADD	ESI,16
    77 0000007B 8D 83 00000400                  	LEA	EAX,DWORD [1024+EBX]
    78 00000081 39 C6                           	CMP	ESI,EAX
    79 00000083 7C E8                           	JL	L23
    80 00000085 31 C0                           	XOR	EAX,EAX
    81 00000087                                 L11:
    82 00000087 8D 65 F8                        	LEA	ESP,DWORD [-8+EBP]
    83 0000008A 5B                              	POP	EBX
    84 0000008B 5E                              	POP	ESI
    85 0000008C 5D                              	POP	EBP
    86 0000008D C3                              	RET
    87 0000008E                                 	GLOBAL	_acpiCheckHeader
    88 0000008E                                 _acpiCheckHeader:
    89 0000008E 55                              	PUSH	EBP
    90 0000008F B9 00000004                     	MOV	ECX,4
    91 00000094 89 E5                           	MOV	EBP,ESP
    92 00000096 57                              	PUSH	EDI
    93 00000097 56                              	PUSH	ESI
    94 00000098 53                              	PUSH	EBX
    95 00000099 8B 7D 0C                        	MOV	EDI,DWORD [12+EBP]
    96 0000009C 8B 5D 08                        	MOV	EBX,DWORD [8+EBP]
    97 0000009F FC                              	CLD
    98 000000A0 89 DE                           	MOV	ESI,EBX
    99 000000A2 F3                              	REPE
   100 000000A3 A6                              	CMPSB
   101 000000A4 75 1E                           	JNE	L29
   102 000000A6 8B 53 04                        	MOV	EDX,DWORD [4+EBX]
   103 000000A9 89 D9                           	MOV	ECX,EBX
   104 000000AB 89 D0                           	MOV	EAX,EDX
   105 000000AD 31 DB                           	XOR	EBX,EBX
   106 000000AF 4A                              	DEC	EDX
   107 000000B0 85 C0                           	TEST	EAX,EAX
   108 000000B2 7E 0A                           	JLE	L36
   109 000000B4                                 L33:
   110 000000B4 89 D0                           	MOV	EAX,EDX
   111 000000B6 02 19                           	ADD	BL,BYTE [ECX]
   112 000000B8 4A                              	DEC	EDX
   113 000000B9 41                              	INC	ECX
   114 000000BA 85 C0                           	TEST	EAX,EAX
   115 000000BC 7F F6                           	JG	L33
   116 000000BE                                 L36:
   117 000000BE 31 C0                           	XOR	EAX,EAX
   118 000000C0 84 DB                           	TEST	BL,BL
   119 000000C2 74 03                           	JE	L28
   120 000000C4                                 L29:
   121 000000C4 83 C8 FF                        	OR	EAX,-1
   122 000000C7                                 L28:
   123 000000C7 5B                              	POP	EBX
   124 000000C8 5E                              	POP	ESI
   125 000000C9 5F                              	POP	EDI
   126 000000CA 5D                              	POP	EBP
   127 000000CB C3                              	RET
   128 000000CC                                 	GLOBAL	_acpiEnable
   129 000000CC                                 _acpiEnable:
   130 000000CC 55                              	PUSH	EBP
   131 000000CD 89 E5                           	MOV	EBP,ESP
   132 000000CF 53                              	PUSH	EBX
   133 000000D0 FF 35 [00000028]                	PUSH	DWORD [_PM1a_CNT]
   134 000000D6 E8 [00000000]                   	CALL	_io_in16
   135 000000DB 59                              	POP	ECX
   136 000000DC 0F B7 15 [00000036]             	MOVZX	EDX,WORD [_SCI_EN]
   137 000000E3 85 D0                           	TEST	EAX,EDX
   138 000000E5 0F 85 0000008A                  	JNE	L38
   139 000000EB 8B 15 [00000020]                	MOV	EDX,DWORD [_SMI_CMD]
   140 000000F1 85 D2                           	TEST	EDX,EDX
   141 000000F3 74 09                           	JE	L39
   142 000000F5 A0 [00000024]                   	MOV	AL,BYTE [_ACPI_ENABLE]
   143 000000FA 84 C0                           	TEST	AL,AL
   144 000000FC 75 08                           	JNE	L59
   145 000000FE                                 L39:
   146 000000FE 83 C8 FF                        	OR	EAX,-1
   147 00000101                                 L37:
   148 00000101 8B 5D FC                        	MOV	EBX,DWORD [-4+EBP]
   149 00000104 C9                              	LEAVE
   150 00000105 C3                              	RET
   151 00000106                                 L59:
   152 00000106 0F BE C0                        	MOVSX	EAX,AL
   153 00000109 50                              	PUSH	EAX
   154 0000010A 31 DB                           	XOR	EBX,EBX
   155 0000010C 52                              	PUSH	EDX
   156 0000010D E8 [00000000]                   	CALL	_io_out8
   157 00000112 58                              	POP	EAX
   158 00000113 5A                              	POP	EDX
   159 00000114                                 L45:
   160 00000114 FF 35 [00000028]                	PUSH	DWORD [_PM1a_CNT]
   161 0000011A E8 [00000000]                   	CALL	_io_in16
   162 0000011F 0F B7 15 [00000036]             	MOVZX	EDX,WORD [_SCI_EN]
   163 00000126 21 C2                           	AND	EDX,EAX
   164 00000128 58                              	POP	EAX
   165 00000129 4A                              	DEC	EDX
   166 0000012A 74 09                           	JE	L41
   167 0000012C 43                              	INC	EBX
   168 0000012D 81 FB 0000012B                  	CMP	EBX,299
   169 00000133 7E DF                           	JLE	L45
   170 00000135                                 L41:
   171 00000135 83 3D [0000002C] 00             	CMP	DWORD [_PM1b_CNT],0
   172 0000013C 74 2B                           	JE	L46
   173 0000013E 81 FB 0000012B                  	CMP	EBX,299
   174 00000144 7F B8                           	JG	L39
   175 00000146                                 L52:
   176 00000146 FF 35 [0000002C]                	PUSH	DWORD [_PM1b_CNT]
   177 0000014C E8 [00000000]                   	CALL	_io_in16
   178 00000151 0F B7 15 [00000036]             	MOVZX	EDX,WORD [_SCI_EN]
   179 00000158 21 C2                           	AND	EDX,EAX
   180 0000015A 58                              	POP	EAX
   181 0000015B 4A                              	DEC	EDX
   182 0000015C 74 0B                           	JE	L46
   183 0000015E 43                              	INC	EBX
   184 0000015F 81 FB 0000012B                  	CMP	EBX,299
   185 00000165 7E DF                           	JLE	L52
   186 00000167 EB 95                           	JMP	L39
   187 00000169                                 L46:
   188 00000169 31 C0                           	XOR	EAX,EAX
   189 0000016B 81 FB 0000012B                  	CMP	EBX,299
   190 00000171 7E 8E                           	JLE	L37
   191 00000173 EB 89                           	JMP	L39
   192 00000175                                 L38:
   193 00000175 31 C0                           	XOR	EAX,EAX
   194 00000177 EB 88                           	JMP	L37
   195                                          [SECTION .data]
   196 00000009                                 LC1:
   197 00000009 52 53 44 54 00                  	DB	"RSDT",0x00
   198 0000000E                                 LC2:
   199 0000000E 46 41 43 50 00                  	DB	"FACP",0x00
   200 00000013                                 LC3:
   201 00000013 44 53 44 54 00                  	DB	"DSDT",0x00
   202 00000018                                 LC4:
   203 00000018 5F 53 35 5F 00                  	DB	"_S5_",0x00
   204                                          [SECTION .text]
   205 00000179                                 	GLOBAL	_initAcpi
   206 00000179                                 _initAcpi:
   207 00000179 55                              	PUSH	EBP
   208 0000017A 89 E5                           	MOV	EBP,ESP
   209 0000017C 57                              	PUSH	EDI
   210 0000017D 56                              	PUSH	ESI
   211 0000017E 53                              	PUSH	EBX
   212 0000017F 83 EC 10                        	SUB	ESP,16
   213 00000182 E8 FFFFFEB4                     	CALL	_acpiGetRSDPtr
   214 00000187 85 C0                           	TEST	EAX,EAX
   215 00000189 89 45 E8                        	MOV	DWORD [-24+EBP],EAX
   216 0000018C 74 55                           	JE	L81
   217 0000018E 68 [00000009]                   	PUSH	LC1
   218 00000193 50                              	PUSH	EAX
   219 00000194 E8 FFFFFEF5                     	CALL	_acpiCheckHeader
   220 00000199 59                              	POP	ECX
   221 0000019A 5B                              	POP	EBX
   222 0000019B 85 C0                           	TEST	EAX,EAX
   223 0000019D 75 44                           	JNE	L81
   224 0000019F 8B 55 E8                        	MOV	EDX,DWORD [-24+EBP]
   225 000001A2 83 45 E8 24                     	ADD	DWORD [-24+EBP],36
   226 000001A6 8B 42 04                        	MOV	EAX,DWORD [4+EDX]
   227 000001A9 BA 00000004                     	MOV	EDX,4
   228 000001AE 83 E8 24                        	SUB	EAX,36
   229 000001B1 89 D1                           	MOV	ECX,EDX
   230 000001B3 99                              	CDQ
   231 000001B4 F7 F9                           	IDIV	ECX
   232 000001B6 85 C0                           	TEST	EAX,EAX
   233 000001B8 8D 78 FF                        	LEA	EDI,DWORD [-1+EAX]
   234 000001BB 89 7D F0                        	MOV	DWORD [-16+EBP],EDI
   235 000001BE 7E 23                           	JLE	L81
   236 000001C0                                 L80:
   237 000001C0 8B 45 E8                        	MOV	EAX,DWORD [-24+EBP]
   238 000001C3 68 [0000000E]                   	PUSH	LC2
   239 000001C8 FF 30                           	PUSH	DWORD [EAX]
   240 000001CA E8 FFFFFEBF                     	CALL	_acpiCheckHeader
   241 000001CF 5F                              	POP	EDI
   242 000001D0 5A                              	POP	EDX
   243 000001D1 85 C0                           	TEST	EAX,EAX
   244 000001D3 74 19                           	JE	L84
   245 000001D5                                 L65:
   246 000001D5 8B 45 F0                        	MOV	EAX,DWORD [-16+EBP]
   247 000001D8 FF 4D F0                        	DEC	DWORD [-16+EBP]
   248 000001DB 83 45 E8 04                     	ADD	DWORD [-24+EBP],4
   249 000001DF 85 C0                           	TEST	EAX,EAX
   250 000001E1 7F DD                           	JG	L80
   251 000001E3                                 L81:
   252 000001E3 83 C8 FF                        	OR	EAX,-1
   253 000001E6                                 L60:
   254 000001E6 8D 65 F4                        	LEA	ESP,DWORD [-12+EBP]
   255 000001E9 5B                              	POP	EBX
   256 000001EA 5E                              	POP	ESI
   257 000001EB 5F                              	POP	EDI
   258 000001EC 5D                              	POP	EBP
   259 000001ED C3                              	RET
   260 000001EE                                 L84:
   261 000001EE 8B 55 E8                        	MOV	EDX,DWORD [-24+EBP]
   262 000001F1 C7 45 F0 FFFFFFFE               	MOV	DWORD [-16+EBP],-2
   263 000001F8 8B 12                           	MOV	EDX,DWORD [EDX]
   264 000001FA 68 [00000013]                   	PUSH	LC3
   265 000001FF 89 55 EC                        	MOV	DWORD [-20+EBP],EDX
   266 00000202 FF 72 28                        	PUSH	DWORD [40+EDX]
   267 00000205 E8 FFFFFE84                     	CALL	_acpiCheckHeader
   268 0000020A 5B                              	POP	EBX
   269 0000020B 5E                              	POP	ESI
   270 0000020C 85 C0                           	TEST	EAX,EAX
   271 0000020E 75 C5                           	JNE	L65
   272 00000210 8B 4D EC                        	MOV	ECX,DWORD [-20+EBP]
   273 00000213 8B 41 28                        	MOV	EAX,DWORD [40+ECX]
   274 00000216 8D 78 24                        	LEA	EDI,DWORD [36+EAX]
   275 00000219 8B 40 04                        	MOV	EAX,DWORD [4+EAX]
   276 0000021C 89 7D E4                        	MOV	DWORD [-28+EBP],EDI
   277 0000021F 8D 50 DC                        	LEA	EDX,DWORD [-36+EAX]
   278 00000222 8D 58 DB                        	LEA	EBX,DWORD [-37+EAX]
   279 00000225 85 D2                           	TEST	EDX,EDX
   280 00000227 7E 20                           	JLE	L68
   281 00000229                                 L71:
   282 00000229 BA [00000018]                   	MOV	EDX,LC4
   283 0000022E B8 00000004                     	MOV	EAX,4
   284 00000233 FC                              	CLD
   285 00000234 8B 75 E4                        	MOV	ESI,DWORD [-28+EBP]
   286 00000237 89 D7                           	MOV	EDI,EDX
   287 00000239 89 C1                           	MOV	ECX,EAX
   288 0000023B F3                              	REPE
   289 0000023C A6                              	CMPSB
   290 0000023D 74 0A                           	JE	L68
   291 0000023F 89 D8                           	MOV	EAX,EBX
   292 00000241 FF 45 E4                        	INC	DWORD [-28+EBP]
   293 00000244 4B                              	DEC	EBX
   294 00000245 85 C0                           	TEST	EAX,EAX
   295 00000247 7F E0                           	JG	L71
   296 00000249                                 L68:
   297 00000249 85 DB                           	TEST	EBX,EBX
   298 0000024B 7E 88                           	JLE	L65
   299 0000024D 8B 55 E4                        	MOV	EDX,DWORD [-28+EBP]
   300 00000250 8A 42 FF                        	MOV	AL,BYTE [-1+EDX]
   301 00000253 3C 08                           	CMP	AL,8
   302 00000255 74 12                           	JE	L74
   303 00000257 80 7A FE 08                     	CMP	BYTE [-2+EDX],8
   304 0000025B 0F 85 FFFFFF74                  	JNE	L65
   305 00000261 3C 5C                           	CMP	AL,92
   306 00000263 0F 85 FFFFFF6C                  	JNE	L65
   307 00000269                                 L74:
   308 00000269 8B 4D E4                        	MOV	ECX,DWORD [-28+EBP]
   309 0000026C 80 79 04 12                     	CMP	BYTE [4+ECX],18
   310 00000270 0F 85 FFFFFF5F                  	JNE	L65
   311 00000276 83 C1 05                        	ADD	ECX,5
   312 00000279 0F BE 01                        	MOVSX	EAX,BYTE [ECX]
   313 0000027C 25 000000C0                     	AND	EAX,192
   314 00000281 C1 F8 06                        	SAR	EAX,6
   315 00000284 01 C8                           	ADD	EAX,ECX
   316 00000286 8D 78 02                        	LEA	EDI,DWORD [2+EAX]
   317 00000289 89 7D E4                        	MOV	DWORD [-28+EBP],EDI
   318 0000028C 80 78 02 0A                     	CMP	BYTE [2+EAX],10
   319 00000290 74 7B                           	JE	L85
   320 00000292                                 L75:
   321 00000292 8B 55 E4                        	MOV	EDX,DWORD [-28+EBP]
   322 00000295 66 0F BE 02                     	MOVSX	AX,BYTE [EDX]
   323 00000299 C1 E0 0A                        	SAL	EAX,10
   324 0000029C 42                              	INC	EDX
   325 0000029D 66 A3 [00000030]                	MOV	WORD [_SLP_TYPa],AX
   326 000002A3 89 55 E4                        	MOV	DWORD [-28+EBP],EDX
   327 000002A6 80 3A 0A                        	CMP	BYTE [EDX],10
   328 000002A9 74 5C                           	JE	L86
   329 000002AB                                 L76:
   330 000002AB 8B 4D E4                        	MOV	ECX,DWORD [-28+EBP]
   331 000002AE 8B 7D EC                        	MOV	EDI,DWORD [-20+EBP]
   332 000002B1 66 0F BE 01                     	MOVSX	AX,BYTE [ECX]
   333 000002B5 C1 E0 0A                        	SAL	EAX,10
   334 000002B8 66 A3 [00000032]                	MOV	WORD [_SLP_TYPb],AX
   335 000002BE 8B 47 30                        	MOV	EAX,DWORD [48+EDI]
   336 000002C1 A3 [00000020]                   	MOV	DWORD [_SMI_CMD],EAX
   337 000002C6 8A 47 34                        	MOV	AL,BYTE [52+EDI]
   338 000002C9 A2 [00000024]                   	MOV	BYTE [_ACPI_ENABLE],AL
   339 000002CE 8A 47 35                        	MOV	AL,BYTE [53+EDI]
   340 000002D1 A2 [00000025]                   	MOV	BYTE [_ACPI_DISABLE],AL
   341 000002D6 8B 47 40                        	MOV	EAX,DWORD [64+EDI]
   342 000002D9 A3 [00000028]                   	MOV	DWORD [_PM1a_CNT],EAX
   343 000002DE 8B 47 44                        	MOV	EAX,DWORD [68+EDI]
   344 000002E1 A3 [0000002C]                   	MOV	DWORD [_PM1b_CNT],EAX
   345 000002E6 8A 47 59                        	MOV	AL,BYTE [89+EDI]
   346 000002E9 A2 [00000038]                   	MOV	BYTE [_PM1_CNT_LEN],AL
   347 000002EE 31 C0                           	XOR	EAX,EAX
   348 000002F0 66 C7 05 [00000034] 2000        	MOV	WORD [_SLP_EN],8192
   349 000002F9 66 C7 05 [00000036] 0001        	MOV	WORD [_SCI_EN],1
   350 00000302 E9 FFFFFEDF                     	JMP	L60
   351 00000307                                 L86:
   352 00000307 42                              	INC	EDX
   353 00000308 89 55 E4                        	MOV	DWORD [-28+EBP],EDX
   354 0000030B EB 9E                           	JMP	L76
   355 0000030D                                 L85:
   356 0000030D 83 C0 03                        	ADD	EAX,3
   357 00000310 89 45 E4                        	MOV	DWORD [-28+EBP],EAX
   358 00000313 E9 FFFFFF7A                     	JMP	L75
   359 00000318                                 	GLOBAL	_acpiPowerOff
   360 00000318                                 _acpiPowerOff:
   361 00000318 55                              	PUSH	EBP
   362 00000319 89 E5                           	MOV	EBP,ESP
   363 0000031B 66 83 3D [00000036] 00          	CMP	WORD [_SCI_EN],0
   364 00000323 75 02                           	JNE	L90
   365 00000325                                 L87:
   366 00000325 C9                              	LEAVE
   367 00000326 C3                              	RET
   368 00000327                                 L90:
   369 00000327 E8 FFFFFDA0                     	CALL	_acpiEnable
   370 0000032C 66 A1 [00000034]                	MOV	AX,WORD [_SLP_EN]
   371 00000332 66 0B 05 [00000030]             	OR	AX,WORD [_SLP_TYPa]
   372 00000339 0F B7 C0                        	MOVZX	EAX,AX
   373 0000033C 50                              	PUSH	EAX
   374 0000033D FF 35 [00000028]                	PUSH	DWORD [_PM1a_CNT]
   375 00000343 E8 [00000000]                   	CALL	_io_out16
   376 00000348 8B 15 [0000002C]                	MOV	EDX,DWORD [_PM1b_CNT]
   377 0000034E 59                              	POP	ECX
   378 0000034F 85 D2                           	TEST	EDX,EDX
   379 00000351 58                              	POP	EAX
   380 00000352 74 D1                           	JE	L87
   381 00000354 66 A1 [00000034]                	MOV	AX,WORD [_SLP_EN]
   382 0000035A 66 0B 05 [00000032]             	OR	AX,WORD [_SLP_TYPb]
   383 00000361 0F B7 C0                        	MOVZX	EAX,AX
   384 00000364 50                              	PUSH	EAX
   385 00000365 52                              	PUSH	EDX
   386 00000366 E8 [00000000]                   	CALL	_io_out16
   387 0000036B 58                              	POP	EAX
   388 0000036C 5A                              	POP	EDX
   389 0000036D EB B6                           	JMP	L87
   390 0000036F                                 	GLOBAL	_SMI_CMD
   391                                          [SECTION .data]
   392 0000001D 00 00 00                        	ALIGNB	4
   393 00000020                                 _SMI_CMD:
   394 00000020 00 00 00 00                     	RESB	4
   395 00000024                                 	GLOBAL	_ACPI_ENABLE
   396                                          [SECTION .data]
   397 00000024                                 _ACPI_ENABLE:
   398 00000024 00                              	RESB	1
   399 00000025                                 	GLOBAL	_ACPI_DISABLE
   400                                          [SECTION .data]
   401 00000025                                 _ACPI_DISABLE:
   402 00000025 00                              	RESB	1
   403 00000026                                 	GLOBAL	_PM1a_CNT
   404                                          [SECTION .data]
   405 00000026 00 00                           	ALIGNB	4
   406 00000028                                 _PM1a_CNT:
   407 00000028 00 00 00 00                     	RESB	4
   408 0000002C                                 	GLOBAL	_PM1b_CNT
   409                                          [SECTION .data]
   410 0000002C                                 	ALIGNB	4
   411 0000002C                                 _PM1b_CNT:
   412 0000002C 00 00 00 00                     	RESB	4
   413 00000030                                 	GLOBAL	_SLP_TYPa
   414                                          [SECTION .data]
   415 00000030                                 	ALIGNB	2
   416 00000030                                 _SLP_TYPa:
   417 00000030 00 00                           	RESB	2
   418 00000032                                 	GLOBAL	_SLP_TYPb
   419                                          [SECTION .data]
   420 00000032                                 	ALIGNB	2
   421 00000032                                 _SLP_TYPb:
   422 00000032 00 00                           	RESB	2
   423 00000034                                 	GLOBAL	_SLP_EN
   424                                          [SECTION .data]
   425 00000034                                 	ALIGNB	2
   426 00000034                                 _SLP_EN:
   427 00000034 00 00                           	RESB	2
   428 00000036                                 	GLOBAL	_SCI_EN
   429                                          [SECTION .data]
   430 00000036                                 	ALIGNB	2
   431 00000036                                 _SCI_EN:
   432 00000036 00 00                           	RESB	2
   433 00000038                                 	GLOBAL	_PM1_CNT_LEN
   434                                          [SECTION .data]
   435 00000038                                 _PM1_CNT_LEN:
   436 00000038 00                              	RESB	1
