     1 00000000                                 [FORMAT "WCOFF"]
     2 00000000                                 [INSTRSET "i486p"]
     3 00000000                                 [OPTIMIZE 1]
     4 00000000                                 [OPTION 1]
     5 00000000                                 [BITS 32]
     6 00000000                                 	EXTERN	_rand
     7 00000000                                 [FILE "code.c"]
     8                                          [SECTION .text]
     9 00000000                                 	GLOBAL	_code_init
    10 00000000                                 _code_init:
    11 00000000 55                              	PUSH	EBP
    12 00000001 89 E5                           	MOV	EBP,ESP
    13 00000003 5D                              	POP	EBP
    14 00000004 C7 05 [00000000] 00000000       	MOV	DWORD [_code],0
    15 0000000E C3                              	RET
    16 0000000F                                 	GLOBAL	_code_alloc
    17 0000000F                                 _code_alloc:
    18 0000000F 55                              	PUSH	EBP
    19 00000010 89 E5                           	MOV	EBP,ESP
    20 00000012 56                              	PUSH	ESI
    21 00000013 53                              	PUSH	EBX
    22 00000014 8B 35 [00000000]                	MOV	ESI,DWORD [_code]
    23 0000001A BB [00000004]                   	MOV	EBX,_code+4
    24 0000001F E8 [00000000]                   	CALL	_rand
    25 00000024 BA 00002710                     	MOV	EDX,10000
    26 00000029 89 D1                           	MOV	ECX,EDX
    27 0000002B 99                              	CDQ
    28 0000002C F7 F9                           	IDIV	ECX
    29 0000002E A1 [00000000]                   	MOV	EAX,DWORD [_code]
    30 00000033 89 14 B3                        	MOV	DWORD [EBX+ESI*4],EDX
    31 00000036 40                              	INC	EAX
    32 00000037 A3 [00000000]                   	MOV	DWORD [_code],EAX
    33 0000003C 8B 44 83 FC                     	MOV	EAX,DWORD [-4+EBX+EAX*4]
    34 00000040 5B                              	POP	EBX
    35 00000041 5E                              	POP	ESI
    36 00000042 5D                              	POP	EBP
    37 00000043 C3                              	RET
    38 00000044                                 	GLOBAL	_VEcode
    39 00000044                                 _VEcode:
    40 00000044 55                              	PUSH	EBP
    41 00000045 31 C0                           	XOR	EAX,EAX
    42 00000047 89 E5                           	MOV	EBP,ESP
    43 00000049 8B 55 08                        	MOV	EDX,DWORD [8+EBP]
    44 0000004C                                 L9:
    45 0000004C 39 14 85 [00000004]             	CMP	DWORD [_code+4+EAX*4],EDX
    46 00000053 74 0C                           	JE	L12
    47 00000055 40                              	INC	EAX
    48 00000056 3D 000000FE                     	CMP	EAX,254
    49 0000005B 7E EF                           	JLE	L9
    50 0000005D 31 C0                           	XOR	EAX,EAX
    51 0000005F                                 L3:
    52 0000005F 5D                              	POP	EBP
    53 00000060 C3                              	RET
    54 00000061                                 L12:
    55 00000061 B8 00000001                     	MOV	EAX,1
    56 00000066 EB F7                           	JMP	L3
    57 00000068                                 	GLOBAL	_code
    58                                          [SECTION .data]
    59 00000000                                 	ALIGNB	16
    60 00000000                                 _code:
    61 00000000 00 00 00 00 00 00 00 00 00 00   	RESB	1024
       0000000A 00 00 00 00 00 00 00 00 00 00 
       00000014 00 00 00 00 00 00 00 00 00 00 
       0000001E 00 00 00 00 00 00 00 00 00 00 
       00000028 00 00 00 00 00 00 00 00 00 00 
       00000032 00 00 00 00 00 00 00 00 00 00 
       0000003C 00 00 00 00 00 00 00 00 00 00 
       00000046 00 00 00 00 00 00 00 00 00 00 
       00000050 00 00 00 00 00 00 00 00 00 00 
       0000005A 00 00 00 00 00 00 00 00 00 00 
       00000064 00 00 00 00 00 00 00 00 00 00 
       0000006E 00 00 00 00 00 00 00 00 00 00 
       00000078 00 00 00 00 00 00 00 00 00 00 
       00000082 00 00 00 00 00 00 00 00 00 00 
       0000008C 00 00 00 00 00 00 00 00 00 00 
       00000096 00 00 00 00 00 00 00 00 00 00 
       000000A0 00 00 00 00 00 00 00 00 00 00 
       000000AA 00 00 00 00 00 00 00 00 00 00 
       000000B4 00 00 00 00 00 00 00 00 00 00 
       000000BE 00 00 00 00 00 00 00 00 00 00 
       000000C8 00 00 00 00 00 00 00 00 00 00 
       000000D2 00 00 00 00 00 00 00 00 00 00 
       000000DC 00 00 00 00 00 00 00 00 00 00 
       000000E6 00 00 00 00 00 00 00 00 00 00 
       000000F0 00 00 00 00 00 00 00 00 00 00 
       000000FA 00 00 00 00 00 00 00 00 00 00 
       00000104 00 00 00 00 00 00 00 00 00 00 
       0000010E 00 00 00 00 00 00 00 00 00 00 
       00000118 00 00 00 00 00 00 00 00 00 00 
       00000122 00 00 00 00 00 00 00 00 00 00 
       0000012C 00 00 00 00 00 00 00 00 00 00 
       00000136 00 00 00 00 00 00 00 00 00 00 
       00000140 00 00 00 00 00 00 00 00 00 00 
       0000014A 00 00 00 00 00 00 00 00 00 00 
       00000154 00 00 00 00 00 00 00 00 00 00 
       0000015E 00 00 00 00 00 00 00 00 00 00 
       00000168 00 00 00 00 00 00 00 00 00 00 
       00000172 00 00 00 00 00 00 00 00 00 00 
       0000017C 00 00 00 00 00 00 00 00 00 00 
       00000186 00 00 00 00 00 00 00 00 00 00 
       00000190 00 00 00 00 00 00 00 00 00 00 
       0000019A 00 00 00 00 00 00 00 00 00 00 
       000001A4 00 00 00 00 00 00 00 00 00 00 
       000001AE 00 00 00 00 00 00 00 00 00 00 
       000001B8 00 00 00 00 00 00 00 00 00 00 
       000001C2 00 00 00 00 00 00 00 00 00 00 
       000001CC 00 00 00 00 00 00 00 00 00 00 
       000001D6 00 00 00 00 00 00 00 00 00 00 
       000001E0 00 00 00 00 00 00 00 00 00 00 
       000001EA 00 00 00 00 00 00 00 00 00 00 
       000001F4 00 00 00 00 00 00 00 00 00 00 
       000001FE 00 00 00 00 00 00 00 00 00 00 
       00000208 00 00 00 00 00 00 00 00 00 00 
       00000212 00 00 00 00 00 00 00 00 00 00 
       0000021C 00 00 00 00 00 00 00 00 00 00 
       00000226 00 00 00 00 00 00 00 00 00 00 
       00000230 00 00 00 00 00 00 00 00 00 00 
       0000023A 00 00 00 00 00 00 00 00 00 00 
       00000244 00 00 00 00 00 00 00 00 00 00 
       0000024E 00 00 00 00 00 00 00 00 00 00 
       00000258 00 00 00 00 00 00 00 00 00 00 
       00000262 00 00 00 00 00 00 00 00 00 00 
       0000026C 00 00 00 00 00 00 00 00 00 00 
       00000276 00 00 00 00 00 00 00 00 00 00 
       00000280 00 00 00 00 00 00 00 00 00 00 
       0000028A 00 00 00 00 00 00 00 00 00 00 
       00000294 00 00 00 00 00 00 00 00 00 00 
       0000029E 00 00 00 00 00 00 00 00 00 00 
       000002A8 00 00 00 00 00 00 00 00 00 00 
       000002B2 00 00 00 00 00 00 00 00 00 00 
       000002BC 00 00 00 00 00 00 00 00 00 00 
       000002C6 00 00 00 00 00 00 00 00 00 00 
       000002D0 00 00 00 00 00 00 00 00 00 00 
       000002DA 00 00 00 00 00 00 00 00 00 00 
       000002E4 00 00 00 00 00 00 00 00 00 00 
       000002EE 00 00 00 00 00 00 00 00 00 00 
       000002F8 00 00 00 00 00 00 00 00 00 00 
       00000302 00 00 00 00 00 00 00 00 00 00 
       0000030C 00 00 00 00 00 00 00 00 00 00 
       00000316 00 00 00 00 00 00 00 00 00 00 
       00000320 00 00 00 00 00 00 00 00 00 00 
       0000032A 00 00 00 00 00 00 00 00 00 00 
       00000334 00 00 00 00 00 00 00 00 00 00 
       0000033E 00 00 00 00 00 00 00 00 00 00 
       00000348 00 00 00 00 00 00 00 00 00 00 
       00000352 00 00 00 00 00 00 00 00 00 00 
       0000035C 00 00 00 00 00 00 00 00 00 00 
       00000366 00 00 00 00 00 00 00 00 00 00 
       00000370 00 00 00 00 00 00 00 00 00 00 
       0000037A 00 00 00 00 00 00 00 00 00 00 
       00000384 00 00 00 00 00 00 00 00 00 00 
       0000038E 00 00 00 00 00 00 00 00 00 00 
       00000398 00 00 00 00 00 00 00 00 00 00 
       000003A2 00 00 00 00 00 00 00 00 00 00 
       000003AC 00 00 00 00 00 00 00 00 00 00 
       000003B6 00 00 00 00 00 00 00 00 00 00 
       000003C0 00 00 00 00 00 00 00 00 00 00 
       000003CA 00 00 00 00 00 00 00 00 00 00 
       000003D4 00 00 00 00 00 00 00 00 00 00 
       000003DE 00 00 00 00 00 00 00 00 00 00 
       000003E8 00 00 00 00 00 00 00 00 00 00 
       000003F2 00 00 00 00 00 00 00 00 00 00 
       000003FC 00 00 00 00 
