     1 00000000                                 [FORMAT "WCOFF"]
     2 00000000                                 [INSTRSET "i486p"]
     3 00000000                                 [OPTIMIZE 1]
     4 00000000                                 [OPTION 1]
     5 00000000                                 [BITS 32]
     6 00000000                                 	EXTERN	_load_gdtr
     7 00000000                                 	EXTERN	_asm_inthandler0x20
     8 00000000                                 	EXTERN	_asm_inthandler0x21
     9 00000000                                 	EXTERN	_asm_inthandler0x22
    10 00000000                                 	EXTERN	_asm_inthandler0x23
    11 00000000                                 	EXTERN	_asm_inthandler0x24
    12 00000000                                 	EXTERN	_asm_inthandler0x25
    13 00000000                                 	EXTERN	_asm_inthandler0x26
    14 00000000                                 	EXTERN	_asm_inthandler0x27
    15 00000000                                 	EXTERN	_asm_inthandler0x28
    16 00000000                                 	EXTERN	_asm_inthandler0x29
    17 00000000                                 	EXTERN	_asm_inthandler0x2a
    18 00000000                                 	EXTERN	_asm_inthandler0x2b
    19 00000000                                 	EXTERN	_asm_inthandler0x2c
    20 00000000                                 	EXTERN	_asm_inthandler0x2d
    21 00000000                                 	EXTERN	_asm_inthandler0x2f
    22 00000000                                 	EXTERN	_load_idtr
    23 00000000                                 	EXTERN	_asm_inthandler07
    24 00000000                                 	EXTERN	_asm_inthandler0c
    25 00000000                                 	EXTERN	_asm_inthandler0d
    26 00000000                                 	EXTERN	_asm_inthandler20
    27 00000000                                 	EXTERN	_asm_inthandler21
    28 00000000                                 	EXTERN	_asm_inthandler2c
    29 00000000                                 	EXTERN	_asm_inthandler2e
    30 00000000                                 	EXTERN	_asm_hrb_api
    31 00000000                                 	EXTERN	_asm_hrb_dpi
    32 00000000                                 [FILE "dsctbl.c"]
    33                                          [SECTION .text]
    34 00000000                                 	GLOBAL	_init_gdtidt
    35 00000000                                 _init_gdtidt:
    36 00000000 55                              	PUSH	EBP
    37 00000001 89 E5                           	MOV	EBP,ESP
    38 00000003 56                              	PUSH	ESI
    39 00000004 53                              	PUSH	EBX
    40 00000005 BE 00270000                     	MOV	ESI,2555904
    41 0000000A BB 00001FFF                     	MOV	EBX,8191
    42 0000000F                                 L6:
    43 0000000F 6A 00                           	PUSH	0
    44 00000011 6A 00                           	PUSH	0
    45 00000013 6A 00                           	PUSH	0
    46 00000015 56                              	PUSH	ESI
    47 00000016 83 C6 08                        	ADD	ESI,8
    48 00000019 E8 000002BF                     	CALL	_set_segmdesc
    49 0000001E 83 C4 10                        	ADD	ESP,16
    50 00000021 4B                              	DEC	EBX
    51 00000022 79 EB                           	JNS	L6
    52 00000024 68 00004092                     	PUSH	16530
    53 00000029 BE 0026F800                     	MOV	ESI,2553856
    54 0000002E 6A 00                           	PUSH	0
    55 00000030 BB 000000FF                     	MOV	EBX,255
    56 00000035 6A FF                           	PUSH	-1
    57 00000037 68 00270008                     	PUSH	2555912
    58 0000003C E8 0000029C                     	CALL	_set_segmdesc
    59 00000041 68 0000409A                     	PUSH	16538
    60 00000046 68 00280000                     	PUSH	2621440
    61 0000004B 68 0007FFFF                     	PUSH	524287
    62 00000050 68 00270010                     	PUSH	2555920
    63 00000055 E8 00000283                     	CALL	_set_segmdesc
    64 0000005A 83 C4 20                        	ADD	ESP,32
    65 0000005D 68 00270000                     	PUSH	2555904
    66 00000062 68 0000FFFF                     	PUSH	65535
    67 00000067 E8 [00000000]                   	CALL	_load_gdtr
    68 0000006C 58                              	POP	EAX
    69 0000006D 5A                              	POP	EDX
    70 0000006E                                 L11:
    71 0000006E 6A 00                           	PUSH	0
    72 00000070 6A 00                           	PUSH	0
    73 00000072 6A 00                           	PUSH	0
    74 00000074 56                              	PUSH	ESI
    75 00000075 83 C6 08                        	ADD	ESI,8
    76 00000078 E8 000002AA                     	CALL	_set_gatedesc
    77 0000007D 83 C4 10                        	ADD	ESP,16
    78 00000080 4B                              	DEC	EBX
    79 00000081 79 EB                           	JNS	L11
    80 00000083 68 0000008E                     	PUSH	142
    81 00000088 6A 10                           	PUSH	16
    82 0000008A 68 [00000000]                   	PUSH	_asm_inthandler0x20
    83 0000008F 68 0026F900                     	PUSH	2554112
    84 00000094 E8 0000028E                     	CALL	_set_gatedesc
    85 00000099 68 0000008E                     	PUSH	142
    86 0000009E 6A 10                           	PUSH	16
    87 000000A0 68 [00000000]                   	PUSH	_asm_inthandler0x21
    88 000000A5 68 0026F908                     	PUSH	2554120
    89 000000AA E8 00000278                     	CALL	_set_gatedesc
    90 000000AF 83 C4 20                        	ADD	ESP,32
    91 000000B2 68 0000008E                     	PUSH	142
    92 000000B7 6A 10                           	PUSH	16
    93 000000B9 68 [00000000]                   	PUSH	_asm_inthandler0x22
    94 000000BE 68 0026F910                     	PUSH	2554128
    95 000000C3 E8 0000025F                     	CALL	_set_gatedesc
    96 000000C8 68 0000008E                     	PUSH	142
    97 000000CD 6A 10                           	PUSH	16
    98 000000CF 68 [00000000]                   	PUSH	_asm_inthandler0x23
    99 000000D4 68 0026F918                     	PUSH	2554136
   100 000000D9 E8 00000249                     	CALL	_set_gatedesc
   101 000000DE 83 C4 20                        	ADD	ESP,32
   102 000000E1 68 0000008E                     	PUSH	142
   103 000000E6 6A 10                           	PUSH	16
   104 000000E8 68 [00000000]                   	PUSH	_asm_inthandler0x24
   105 000000ED 68 0026F920                     	PUSH	2554144
   106 000000F2 E8 00000230                     	CALL	_set_gatedesc
   107 000000F7 68 0000008E                     	PUSH	142
   108 000000FC 6A 10                           	PUSH	16
   109 000000FE 68 [00000000]                   	PUSH	_asm_inthandler0x25
   110 00000103 68 0026F928                     	PUSH	2554152
   111 00000108 E8 0000021A                     	CALL	_set_gatedesc
   112 0000010D 83 C4 20                        	ADD	ESP,32
   113 00000110 68 0000008E                     	PUSH	142
   114 00000115 6A 10                           	PUSH	16
   115 00000117 68 [00000000]                   	PUSH	_asm_inthandler0x26
   116 0000011C 68 0026F930                     	PUSH	2554160
   117 00000121 E8 00000201                     	CALL	_set_gatedesc
   118 00000126 68 0000008E                     	PUSH	142
   119 0000012B 6A 10                           	PUSH	16
   120 0000012D 68 [00000000]                   	PUSH	_asm_inthandler0x27
   121 00000132 68 0026F938                     	PUSH	2554168
   122 00000137 E8 000001EB                     	CALL	_set_gatedesc
   123 0000013C 83 C4 20                        	ADD	ESP,32
   124 0000013F 68 0000008E                     	PUSH	142
   125 00000144 6A 10                           	PUSH	16
   126 00000146 68 [00000000]                   	PUSH	_asm_inthandler0x28
   127 0000014B 68 0026F940                     	PUSH	2554176
   128 00000150 E8 000001D2                     	CALL	_set_gatedesc
   129 00000155 68 0000008E                     	PUSH	142
   130 0000015A 6A 10                           	PUSH	16
   131 0000015C 68 [00000000]                   	PUSH	_asm_inthandler0x29
   132 00000161 68 0026F948                     	PUSH	2554184
   133 00000166 E8 000001BC                     	CALL	_set_gatedesc
   134 0000016B 83 C4 20                        	ADD	ESP,32
   135 0000016E 68 0000008E                     	PUSH	142
   136 00000173 6A 10                           	PUSH	16
   137 00000175 68 [00000000]                   	PUSH	_asm_inthandler0x2a
   138 0000017A 68 0026F950                     	PUSH	2554192
   139 0000017F E8 000001A3                     	CALL	_set_gatedesc
   140 00000184 68 0000008E                     	PUSH	142
   141 00000189 6A 10                           	PUSH	16
   142 0000018B 68 [00000000]                   	PUSH	_asm_inthandler0x2b
   143 00000190 68 0026F958                     	PUSH	2554200
   144 00000195 E8 0000018D                     	CALL	_set_gatedesc
   145 0000019A 83 C4 20                        	ADD	ESP,32
   146 0000019D 68 0000008E                     	PUSH	142
   147 000001A2 6A 10                           	PUSH	16
   148 000001A4 68 [00000000]                   	PUSH	_asm_inthandler0x2c
   149 000001A9 68 0026F960                     	PUSH	2554208
   150 000001AE E8 00000174                     	CALL	_set_gatedesc
   151 000001B3 68 0000008E                     	PUSH	142
   152 000001B8 6A 10                           	PUSH	16
   153 000001BA 68 [00000000]                   	PUSH	_asm_inthandler0x2d
   154 000001BF 68 0026F968                     	PUSH	2554216
   155 000001C4 E8 0000015E                     	CALL	_set_gatedesc
   156 000001C9 83 C4 20                        	ADD	ESP,32
   157 000001CC 68 0000008E                     	PUSH	142
   158 000001D1 6A 10                           	PUSH	16
   159 000001D3 68 [00000000]                   	PUSH	_asm_inthandler0x2f
   160 000001D8 68 0026F978                     	PUSH	2554232
   161 000001DD E8 00000145                     	CALL	_set_gatedesc
   162 000001E2 6A 00                           	PUSH	0
   163 000001E4 6A 00                           	PUSH	0
   164 000001E6 6A 00                           	PUSH	0
   165 000001E8 68 0026F910                     	PUSH	2554128
   166 000001ED E8 00000135                     	CALL	_set_gatedesc
   167 000001F2 83 C4 20                        	ADD	ESP,32
   168 000001F5 68 0026F800                     	PUSH	2553856
   169 000001FA 68 000007FF                     	PUSH	2047
   170 000001FF E8 [00000000]                   	CALL	_load_idtr
   171 00000204 68 0000008E                     	PUSH	142
   172 00000209 6A 10                           	PUSH	16
   173 0000020B 68 [00000000]                   	PUSH	_asm_inthandler07
   174 00000210 68 0026F838                     	PUSH	2553912
   175 00000215 E8 0000010D                     	CALL	_set_gatedesc
   176 0000021A 68 0000008E                     	PUSH	142
   177 0000021F 6A 10                           	PUSH	16
   178 00000221 68 [00000000]                   	PUSH	_asm_inthandler0c
   179 00000226 68 0026F860                     	PUSH	2553952
   180 0000022B E8 000000F7                     	CALL	_set_gatedesc
   181 00000230 83 C4 28                        	ADD	ESP,40
   182 00000233 68 0000008E                     	PUSH	142
   183 00000238 6A 10                           	PUSH	16
   184 0000023A 68 [00000000]                   	PUSH	_asm_inthandler0d
   185 0000023F 68 0026F868                     	PUSH	2553960
   186 00000244 E8 000000DE                     	CALL	_set_gatedesc
   187 00000249 68 0000008E                     	PUSH	142
   188 0000024E 6A 10                           	PUSH	16
   189 00000250 68 [00000000]                   	PUSH	_asm_inthandler20
   190 00000255 68 0026F900                     	PUSH	2554112
   191 0000025A E8 000000C8                     	CALL	_set_gatedesc
   192 0000025F 83 C4 20                        	ADD	ESP,32
   193 00000262 68 0000008E                     	PUSH	142
   194 00000267 6A 10                           	PUSH	16
   195 00000269 68 [00000000]                   	PUSH	_asm_inthandler21
   196 0000026E 68 0026F908                     	PUSH	2554120
   197 00000273 E8 000000AF                     	CALL	_set_gatedesc
   198 00000278 68 0000008E                     	PUSH	142
   199 0000027D 6A 10                           	PUSH	16
   200 0000027F 68 [00000000]                   	PUSH	_asm_inthandler2c
   201 00000284 68 0026F960                     	PUSH	2554208
   202 00000289 E8 00000099                     	CALL	_set_gatedesc
   203 0000028E 83 C4 20                        	ADD	ESP,32
   204 00000291 68 0000008E                     	PUSH	142
   205 00000296 6A 10                           	PUSH	16
   206 00000298 68 [00000000]                   	PUSH	_asm_inthandler2e
   207 0000029D 68 0026F970                     	PUSH	2554224
   208 000002A2 E8 00000080                     	CALL	_set_gatedesc
   209 000002A7 68 000000EE                     	PUSH	238
   210 000002AC 6A 10                           	PUSH	16
   211 000002AE 68 [00000000]                   	PUSH	_asm_hrb_api
   212 000002B3 68 0026FA00                     	PUSH	2554368
   213 000002B8 E8 0000006A                     	CALL	_set_gatedesc
   214 000002BD 83 C4 20                        	ADD	ESP,32
   215 000002C0 68 000000EE                     	PUSH	238
   216 000002C5 6A 10                           	PUSH	16
   217 000002C7 68 [00000000]                   	PUSH	_asm_hrb_dpi
   218 000002CC 68 0026FC00                     	PUSH	2554880
   219 000002D1 E8 00000051                     	CALL	_set_gatedesc
   220 000002D6 8D 65 F8                        	LEA	ESP,DWORD [-8+EBP]
   221 000002D9 5B                              	POP	EBX
   222 000002DA 5E                              	POP	ESI
   223 000002DB 5D                              	POP	EBP
   224 000002DC C3                              	RET
   225 000002DD                                 	GLOBAL	_set_segmdesc
   226 000002DD                                 _set_segmdesc:
   227 000002DD 55                              	PUSH	EBP
   228 000002DE 89 E5                           	MOV	EBP,ESP
   229 000002E0 53                              	PUSH	EBX
   230 000002E1 8B 55 0C                        	MOV	EDX,DWORD [12+EBP]
   231 000002E4 8B 4D 10                        	MOV	ECX,DWORD [16+EBP]
   232 000002E7 8B 5D 08                        	MOV	EBX,DWORD [8+EBP]
   233 000002EA 8B 45 14                        	MOV	EAX,DWORD [20+EBP]
   234 000002ED 81 FA 000FFFFF                  	CMP	EDX,1048575
   235 000002F3 76 08                           	JBE	L17
   236 000002F5 C1 EA 0C                        	SHR	EDX,12
   237 000002F8 0D 00008000                     	OR	EAX,32768
   238 000002FD                                 L17:
   239 000002FD 66 89 13                        	MOV	WORD [EBX],DX
   240 00000300 88 43 05                        	MOV	BYTE [5+EBX],AL
   241 00000303 C1 EA 10                        	SHR	EDX,16
   242 00000306 C1 F8 08                        	SAR	EAX,8
   243 00000309 83 E2 0F                        	AND	EDX,15
   244 0000030C 66 89 4B 02                     	MOV	WORD [2+EBX],CX
   245 00000310 83 E0 F0                        	AND	EAX,-16
   246 00000313 C1 F9 10                        	SAR	ECX,16
   247 00000316 09 C2                           	OR	EDX,EAX
   248 00000318 88 4B 04                        	MOV	BYTE [4+EBX],CL
   249 0000031B 88 53 06                        	MOV	BYTE [6+EBX],DL
   250 0000031E C1 F9 08                        	SAR	ECX,8
   251 00000321 88 4B 07                        	MOV	BYTE [7+EBX],CL
   252 00000324 5B                              	POP	EBX
   253 00000325 5D                              	POP	EBP
   254 00000326 C3                              	RET
   255 00000327                                 	GLOBAL	_set_gatedesc
   256 00000327                                 _set_gatedesc:
   257 00000327 55                              	PUSH	EBP
   258 00000328 89 E5                           	MOV	EBP,ESP
   259 0000032A 53                              	PUSH	EBX
   260 0000032B 8B 55 08                        	MOV	EDX,DWORD [8+EBP]
   261 0000032E 8B 45 10                        	MOV	EAX,DWORD [16+EBP]
   262 00000331 8B 5D 14                        	MOV	EBX,DWORD [20+EBP]
   263 00000334 8B 4D 0C                        	MOV	ECX,DWORD [12+EBP]
   264 00000337 66 89 42 02                     	MOV	WORD [2+EDX],AX
   265 0000033B 88 5A 05                        	MOV	BYTE [5+EDX],BL
   266 0000033E 66 89 0A                        	MOV	WORD [EDX],CX
   267 00000341 89 D8                           	MOV	EAX,EBX
   268 00000343 C1 F8 08                        	SAR	EAX,8
   269 00000346 C1 F9 10                        	SAR	ECX,16
   270 00000349 88 42 04                        	MOV	BYTE [4+EDX],AL
   271 0000034C 66 89 4A 06                     	MOV	WORD [6+EDX],CX
   272 00000350 5B                              	POP	EBX
   273 00000351 5D                              	POP	EBP
   274 00000352 C3                              	RET
