     1 00000000                                 [FORMAT "WCOFF"]
     2 00000000                                 [INSTRSET "i486p"]
     3 00000000                                 [OPTIMIZE 1]
     4 00000000                                 [OPTION 1]
     5 00000000                                 [BITS 32]
     6 00000000                                 	EXTERN	_HDEntry
     7 00000000                                 	EXTERN	_FSEntry
     8 00000000                                 	EXTERN	_PCIEntry
     9 00000000                                 	EXTERN	_io_cli
    10 00000000                                 	EXTERN	_io_sti
    11 00000000                                 	EXTERN	_task_now
    12 00000000                                 	EXTERN	_memman_alloc_4k
    13 00000000                                 	EXTERN	_set_segmdesc
    14 00000000                                 	EXTERN	_start_sys
    15 00000000                                 	EXTERN	_task_sleep
    16 00000000                                 [FILE "driver.c"]
    17 00000000                                 	GLOBAL	_dDevs
    18                                          [SECTION .data]
    19 00000000                                 LC0:
    20 00000000 49 64 65 20 48 44 00            	DB	"Ide HD",0x00
    21 00000007                                 LC1:
    22 00000007 46 53 00                        	DB	"FS",0x00
    23 0000000A                                 LC2:
    24 0000000A 50 43 49 20 42 55 53 00         	DB	"PCI BUS",0x00
    25 00000012                                 _dDevs:
    26 00000012 [00000000]                      	DD	LC0
    27 00000016 [00000000]                      	DD	_HDEntry
    28 0000001A 00 00 00 00                     	RESB	4
    29 0000001E [00000007]                      	DD	LC1
    30 00000022 [00000000]                      	DD	_FSEntry
    31 00000026 00 00 00 00                     	RESB	4
    32 0000002A [0000000A]                      	DD	LC2
    33 0000002E [00000000]                      	DD	_PCIEntry
    34 00000032 00 00 00 00                     	RESB	4
    35                                          [SECTION .text]
    36 00000000                                 	GLOBAL	_LDevs
    37 00000000                                 _LDevs:
    38 00000000 55                              	PUSH	EBP
    39 00000001 89 E5                           	MOV	EBP,ESP
    40 00000003 57                              	PUSH	EDI
    41 00000004 56                              	PUSH	ESI
    42 00000005 31 FF                           	XOR	EDI,EDI
    43 00000007 53                              	PUSH	EBX
    44 00000008 31 F6                           	XOR	ESI,ESI
    45 0000000A 83 EC 10                        	SUB	ESP,16
    46 0000000D E8 [00000000]                   	CALL	_io_cli
    47 00000012                                 L7:
    48 00000012 8B 86 [00000012]                	MOV	EAX,DWORD [_dDevs+ESI]
    49 00000018 8D 5D E4                        	LEA	EBX,DWORD [-28+EBP]
    50 0000001B 89 45 E4                        	MOV	DWORD [-28+EBP],EAX
    51 0000001E 89 9E [0000001A]                	MOV	DWORD [_dDevs+8+ESI],EBX
    52 00000024 8B 45 08                        	MOV	EAX,DWORD [8+EBP]
    53 00000027 89 45 E8                        	MOV	DWORD [-24+EBP],EAX
    54 0000002A E8 [00000000]                   	CALL	_io_sti
    55 0000002F 53                              	PUSH	EBX
    56 00000030 FF 96 [00000016]                	CALL	DWORD [_dDevs+4+ESI]
    57 00000036 5A                              	POP	EDX
    58 00000037 31 D2                           	XOR	EDX,EDX
    59 00000039 85 C0                           	TEST	EAX,EAX
    60 0000003B 74 13                           	JE	L1
    61 0000003D 47                              	INC	EDI
    62 0000003E 83 C6 0C                        	ADD	ESI,12
    63 00000041 83 FF 02                        	CMP	EDI,2
    64 00000044 7E CC                           	JLE	L7
    65 00000046 E8 [00000000]                   	CALL	_io_sti
    66 0000004B BA 00000001                     	MOV	EDX,1
    67 00000050                                 L1:
    68 00000050 8D 65 F4                        	LEA	ESP,DWORD [-12+EBP]
    69 00000053 89 D0                           	MOV	EAX,EDX
    70 00000055 5B                              	POP	EBX
    71 00000056 5E                              	POP	ESI
    72 00000057 5F                              	POP	EDI
    73 00000058 5D                              	POP	EBP
    74 00000059 C3                              	RET
    75 0000005A                                 	GLOBAL	_load_external_device
    76 0000005A                                 _load_external_device:
    77 0000005A 55                              	PUSH	EBP
    78 0000005B 89 E5                           	MOV	EBP,ESP
    79 0000005D 83 EC 10                        	SUB	ESP,16
    80 00000060 B8 00000001                     	MOV	EAX,1
    81 00000065 C9                              	LEAVE
    82 00000066 C3                              	RET
    83 00000067                                 	GLOBAL	_opensys
    84 00000067                                 _opensys:
    85 00000067 55                              	PUSH	EBP
    86 00000068 89 E5                           	MOV	EBP,ESP
    87 0000006A 57                              	PUSH	EDI
    88 0000006B 56                              	PUSH	ESI
    89 0000006C 53                              	PUSH	EBX
    90 0000006D 83 EC 18                        	SUB	ESP,24
    91 00000070 8B 7D 08                        	MOV	EDI,DWORD [8+EBP]
    92 00000073 8B 5D 0C                        	MOV	EBX,DWORD [12+EBP]
    93 00000076 4B                              	DEC	EBX
    94 00000077 E8 [00000000]                   	CALL	_task_now
    95 0000007C 8B 4F 50                        	MOV	ECX,DWORD [80+EDI]
    96 0000007F 8B 57 40                        	MOV	EDX,DWORD [64+EDI]
    97 00000082 89 45 F0                        	MOV	DWORD [-16+EBP],EAX
    98 00000085 8B 37                           	MOV	ESI,DWORD [EDI]
    99 00000087 8B 47 30                        	MOV	EAX,DWORD [48+EDI]
   100 0000008A 89 4D E4                        	MOV	DWORD [-28+EBP],ECX
   101 0000008D 89 55 E8                        	MOV	DWORD [-24+EBP],EDX
   102 00000090 89 45 EC                        	MOV	DWORD [-20+EBP],EAX
   103 00000093 56                              	PUSH	ESI
   104 00000094 4E                              	DEC	ESI
   105 00000095 68 003C0000                     	PUSH	3932160
   106 0000009A E8 [00000000]                   	CALL	_memman_alloc_4k
   107 0000009F 8B 55 F0                        	MOV	EDX,DWORD [-16+EBP]
   108 000000A2 89 45 E0                        	MOV	DWORD [-32+EBP],EAX
   109 000000A5 89 82 00000118                  	MOV	DWORD [280+EDX],EAX
   110 000000AB 68 000040BA                     	PUSH	16570
   111 000000B0 57                              	PUSH	EDI
   112 000000B1 53                              	PUSH	EBX
   113 000000B2 BB 00000008                     	MOV	EBX,8
   114 000000B7 8B 02                           	MOV	EAX,DWORD [EDX]
   115 000000B9 99                              	CDQ
   116 000000BA F7 FB                           	IDIV	EBX
   117 000000BC 8D 04 C5 00273E80               	LEA	EAX,DWORD [2571904+EAX*8]
   118 000000C3 50                              	PUSH	EAX
   119 000000C4 E8 [00000000]                   	CALL	_set_segmdesc
   120 000000C9 68 000040B2                     	PUSH	16562
   121 000000CE FF 75 E0                        	PUSH	DWORD [-32+EBP]
   122 000000D1 56                              	PUSH	ESI
   123 000000D2 8B 4D F0                        	MOV	ECX,DWORD [-16+EBP]
   124 000000D5 8B 01                           	MOV	EAX,DWORD [ECX]
   125 000000D7 99                              	CDQ
   126 000000D8 F7 FB                           	IDIV	EBX
   127 000000DA 8D 04 C5 00275DC0               	LEA	EAX,DWORD [2579904+EAX*8]
   128 000000E1 50                              	PUSH	EAX
   129 000000E2 E8 [00000000]                   	CALL	_set_segmdesc
   130 000000E7 83 C4 28                        	ADD	ESP,40
   131 000000EA 83 7D E8 00                     	CMP	DWORD [-24+EBP],0
   132 000000EE 7E 1A                           	JLE	L25
   133 000000F0 8B 5D EC                        	MOV	EBX,DWORD [-20+EBP]
   134 000000F3 8B 45 E4                        	MOV	EAX,DWORD [-28+EBP]
   135 000000F6 03 5D E0                        	ADD	EBX,DWORD [-32+EBP]
   136 000000F9 8B 55 E8                        	MOV	EDX,DWORD [-24+EBP]
   137 000000FC 8D 0C 87                        	LEA	ECX,DWORD [EDI+EAX*4]
   138 000000FF                                 L23:
   139 000000FF 8A 01                           	MOV	AL,BYTE [ECX]
   140 00000101 83 C1 04                        	ADD	ECX,4
   141 00000104 88 03                           	MOV	BYTE [EBX],AL
   142 00000106 43                              	INC	EBX
   143 00000107 4A                              	DEC	EDX
   144 00000108 75 F5                           	JNE	L23
   145 0000010A                                 L25:
   146 0000010A 8B 45 F0                        	MOV	EAX,DWORD [-16+EBP]
   147 0000010D BB 00000008                     	MOV	EBX,8
   148 00000112 83 C0 30                        	ADD	EAX,48
   149 00000115 50                              	PUSH	EAX
   150 00000116 8B 55 F0                        	MOV	EDX,DWORD [-16+EBP]
   151 00000119 8B 02                           	MOV	EAX,DWORD [EDX]
   152 0000011B 99                              	CDQ
   153 0000011C F7 FB                           	IDIV	EBX
   154 0000011E 8D 04 C5 00005DC0               	LEA	EAX,DWORD [24000+EAX*8]
   155 00000125 50                              	PUSH	EAX
   156 00000126 FF 75 EC                        	PUSH	DWORD [-20+EBP]
   157 00000129 8B 4D F0                        	MOV	ECX,DWORD [-16+EBP]
   158 0000012C 8B 01                           	MOV	EAX,DWORD [ECX]
   159 0000012E 99                              	CDQ
   160 0000012F F7 FB                           	IDIV	EBX
   161 00000131 8D 04 C5 00003E80               	LEA	EAX,DWORD [16000+EAX*8]
   162 00000138 50                              	PUSH	EAX
   163 00000139 6A 1B                           	PUSH	27
   164 0000013B E8 [00000000]                   	CALL	_start_sys
   165 00000140 83 C4 14                        	ADD	ESP,20
   166 00000143 E8 [00000000]                   	CALL	_task_now
   167 00000148 89 45 08                        	MOV	DWORD [8+EBP],EAX
   168 0000014B 8D 65 F4                        	LEA	ESP,DWORD [-12+EBP]
   169 0000014E 5B                              	POP	EBX
   170 0000014F 5E                              	POP	ESI
   171 00000150 5F                              	POP	EDI
   172 00000151 5D                              	POP	EBP
   173 00000152 E9 [00000000]                   	JMP	_task_sleep
   174 00000157                                 	GLOBAL	_devcalls
   175                                          [SECTION .data]
   176 00000036 00 00 00 00 00 00 00 00 00 00   	ALIGNB	16
   177 00000040                                 _devcalls:
   178 00000040 00 00 00 00 00 00 00 00 00 00   	RESB	40
       0000004A 00 00 00 00 00 00 00 00 00 00 
       00000054 00 00 00 00 00 00 00 00 00 00 
       0000005E 00 00 00 00 00 00 00 00 00 00 
   179 00000068                                 	GLOBAL	_etable
   180                                          [SECTION .data]
   181 00000068                                 _etable:
   182 00000068                                 	RESB	0
