     1 00000000                                 [FORMAT "WCOFF"]
     2 00000000                                 [INSTRSET "i486p"]
     3 00000000                                 [OPTIMIZE 1]
     4 00000000                                 [OPTION 1]
     5 00000000                                 [BITS 32]
     6 00000000                                 	EXTERN	_memman_alloc_4k
     7 00000000                                 [FILE "FAT12.c"]
     8                                          [SECTION .text]
     9 00000000                                 	GLOBAL	_FAT12_init
    10 00000000                                 _FAT12_init:
    11 00000000 55                              	PUSH	EBP
    12 00000001 89 E5                           	MOV	EBP,ESP
    13 00000003 68 00002D00                     	PUSH	11520
    14 00000008 68 003C0000                     	PUSH	3932160
    15 0000000D E8 [00000000]                   	CALL	_memman_alloc_4k
    16 00000012 68 00100200                     	PUSH	1049088
    17 00000017 A3 [00000000]                   	MOV	DWORD [_fatg],EAX
    18 0000001C 50                              	PUSH	EAX
    19 0000001D E8 00000002                     	CALL	_FAT12_readfat
    20 00000022 C9                              	LEAVE
    21 00000023 C3                              	RET
    22 00000024                                 	GLOBAL	_FAT12_readfat
    23 00000024                                 _FAT12_readfat:
    24 00000024 55                              	PUSH	EBP
    25 00000025 31 C9                           	XOR	ECX,ECX
    26 00000027 89 E5                           	MOV	EBP,ESP
    27 00000029 57                              	PUSH	EDI
    28 0000002A 56                              	PUSH	ESI
    29 0000002B 53                              	PUSH	EBX
    30 0000002C 8B 7D 08                        	MOV	EDI,DWORD [8+EBP]
    31 0000002F 8B 75 0C                        	MOV	ESI,DWORD [12+EBP]
    32 00000032 31 DB                           	XOR	EBX,EBX
    33 00000034                                 L7:
    34 00000034 0F B6 44 31 01                  	MOVZX	EAX,BYTE [1+ECX+ESI*1]
    35 00000039 0F B6 14 31                     	MOVZX	EDX,BYTE [ECX+ESI*1]
    36 0000003D C1 E0 08                        	SAL	EAX,8
    37 00000040 09 C2                           	OR	EDX,EAX
    38 00000042 81 E2 00000FFF                  	AND	EDX,4095
    39 00000048 89 14 9F                        	MOV	DWORD [EDI+EBX*4],EDX
    40 0000004B 8A 44 31 01                     	MOV	AL,BYTE [1+ECX+ESI*1]
    41 0000004F 0F B6 54 31 02                  	MOVZX	EDX,BYTE [2+ECX+ESI*1]
    42 00000054 C0 E8 04                        	SHR	AL,4
    43 00000057 83 C1 03                        	ADD	ECX,3
    44 0000005A C1 E2 04                        	SAL	EDX,4
    45 0000005D 0F B6 C0                        	MOVZX	EAX,AL
    46 00000060 09 D0                           	OR	EAX,EDX
    47 00000062 89 44 9F 04                     	MOV	DWORD [4+EDI+EBX*4],EAX
    48 00000066 83 C3 02                        	ADD	EBX,2
    49 00000069 81 FB 00000B3F                  	CMP	EBX,2879
    50 0000006F 7E C3                           	JLE	L7
    51 00000071 5B                              	POP	EBX
    52 00000072 5E                              	POP	ESI
    53 00000073 5F                              	POP	EDI
    54 00000074 5D                              	POP	EBP
    55 00000075 C3                              	RET
    56 00000076                                 	GLOBAL	_FAT12_loadfile
    57 00000076                                 _FAT12_loadfile:
    58 00000076 55                              	PUSH	EBP
    59 00000077 89 E5                           	MOV	EBP,ESP
    60 00000079 57                              	PUSH	EDI
    61 0000007A 56                              	PUSH	ESI
    62 0000007B 53                              	PUSH	EBX
    63 0000007C 8B 4D 0C                        	MOV	ECX,DWORD [12+EBP]
    64 0000007F 8B 75 08                        	MOV	ESI,DWORD [8+EBP]
    65 00000082 8B 5D 10                        	MOV	EBX,DWORD [16+EBP]
    66 00000085                                 L11:
    67 00000085 81 F9 00000200                  	CMP	ECX,512
    68 0000008B 7E 2F                           	JLE	L28
    69 0000008D 31 D2                           	XOR	EDX,EDX
    70 0000008F                                 L24:
    71 0000008F 89 F0                           	MOV	EAX,ESI
    72 00000091 8B 7D 18                        	MOV	EDI,DWORD [24+EBP]
    73 00000094 C1 E0 09                        	SAL	EAX,9
    74 00000097 01 D0                           	ADD	EAX,EDX
    75 00000099 8A 04 38                        	MOV	AL,BYTE [EAX+EDI*1]
    76 0000009C 88 04 1A                        	MOV	BYTE [EDX+EBX*1],AL
    77 0000009F 42                              	INC	EDX
    78 000000A0 81 FA 000001FF                  	CMP	EDX,511
    79 000000A6 7E E7                           	JLE	L24
    80 000000A8 8B 45 14                        	MOV	EAX,DWORD [20+EBP]
    81 000000AB 81 E9 00000200                  	SUB	ECX,512
    82 000000B1 81 C3 00000200                  	ADD	EBX,512
    83 000000B7 8B 34 B0                        	MOV	ESI,DWORD [EAX+ESI*4]
    84 000000BA EB C9                           	JMP	L11
    85 000000BC                                 L28:
    86 000000BC 31 D2                           	XOR	EDX,EDX
    87 000000BE 39 CA                           	CMP	EDX,ECX
    88 000000C0 7D 15                           	JGE	L10
    89 000000C2                                 L19:
    90 000000C2 89 F0                           	MOV	EAX,ESI
    91 000000C4 8B 7D 18                        	MOV	EDI,DWORD [24+EBP]
    92 000000C7 C1 E0 09                        	SAL	EAX,9
    93 000000CA 01 D0                           	ADD	EAX,EDX
    94 000000CC 8A 04 38                        	MOV	AL,BYTE [EAX+EDI*1]
    95 000000CF 88 04 1A                        	MOV	BYTE [EDX+EBX*1],AL
    96 000000D2 42                              	INC	EDX
    97 000000D3 39 CA                           	CMP	EDX,ECX
    98 000000D5 7C EB                           	JL	L19
    99 000000D7                                 L10:
   100 000000D7 5B                              	POP	EBX
   101 000000D8 5E                              	POP	ESI
   102 000000D9 5F                              	POP	EDI
   103 000000DA 5D                              	POP	EBP
   104 000000DB C3                              	RET
   105 000000DC                                 	GLOBAL	_FAT12_search
   106 000000DC                                 _FAT12_search:
   107 000000DC 55                              	PUSH	EBP
   108 000000DD 31 C9                           	XOR	ECX,ECX
   109 000000DF 89 E5                           	MOV	EBP,ESP
   110 000000E1 57                              	PUSH	EDI
   111 000000E2 56                              	PUSH	ESI
   112 000000E3 53                              	PUSH	EBX
   113 000000E4 83 EC 14                        	SUB	ESP,20
   114 000000E7 8B 5D 08                        	MOV	EBX,DWORD [8+EBP]
   115 000000EA                                 L34:
   116 000000EA C6 44 0D E4 20                  	MOV	BYTE [-28+EBP+ECX*1],32
   117 000000EF 41                              	INC	ECX
   118 000000F0 83 F9 0A                        	CMP	ECX,10
   119 000000F3 7E F5                           	JLE	L34
   120 000000F5 31 C9                           	XOR	ECX,ECX
   121 000000F7 31 FF                           	XOR	EDI,EDI
   122 000000F9 80 3B 00                        	CMP	BYTE [EBX],0
   123 000000FC 74 29                           	JE	L61
   124 000000FE                                 L43:
   125 000000FE 31 C0                           	XOR	EAX,EAX
   126 00000100 83 F9 0A                        	CMP	ECX,10
   127 00000103 7F 5D                           	JG	L29
   128 00000105 8A 14 1F                        	MOV	DL,BYTE [EDI+EBX*1]
   129 00000108 80 FA 2E                        	CMP	DL,46
   130 0000010B 74 6E                           	JE	L65
   131 0000010D                                 L40:
   132 0000010D 8D 42 9F                        	LEA	EAX,DWORD [-97+EDX]
   133 00000110 88 54 0D E4                     	MOV	BYTE [-28+EBP+ECX*1],DL
   134 00000114 3C 19                           	CMP	AL,25
   135 00000116 77 07                           	JA	L42
   136 00000118 8D 42 E0                        	LEA	EAX,DWORD [-32+EDX]
   137 0000011B 88 44 0D E4                     	MOV	BYTE [-28+EBP+ECX*1],AL
   138 0000011F                                 L42:
   139 0000011F 41                              	INC	ECX
   140 00000120                                 L37:
   141 00000120 47                              	INC	EDI
   142 00000121 80 3C 1F 00                     	CMP	BYTE [EDI+EBX*1],0
   143 00000125 75 D7                           	JNE	L43
   144 00000127                                 L61:
   145 00000127 31 FF                           	XOR	EDI,EDI
   146 00000129 3B 7D 10                        	CMP	EDI,DWORD [16+EBP]
   147 0000012C 7D 49                           	JGE	L45
   148 0000012E 8B 75 0C                        	MOV	ESI,DWORD [12+EBP]
   149 00000131 C7 45 E0 00000000               	MOV	DWORD [-32+EBP],0
   150 00000138                                 L57:
   151 00000138 8B 45 0C                        	MOV	EAX,DWORD [12+EBP]
   152 0000013B 80 38 00                        	CMP	BYTE [EAX],0
   153 0000013E 74 37                           	JE	L45
   154 00000140 F6 46 0B 18                     	TEST	BYTE [11+ESI],24
   155 00000144 75 24                           	JNE	L55
   156 00000146 89 C3                           	MOV	EBX,EAX
   157 00000148 31 C9                           	XOR	ECX,ECX
   158 0000014A 03 5D E0                        	ADD	EBX,DWORD [-32+EBP]
   159 0000014D                                 L56:
   160 0000014D 0F B6 13                        	MOVZX	EDX,BYTE [EBX]
   161 00000150 0F BE 44 0D E4                  	MOVSX	EAX,BYTE [-28+EBP+ECX*1]
   162 00000155 39 C2                           	CMP	EDX,EAX
   163 00000157 75 11                           	JNE	L55
   164 00000159 41                              	INC	ECX
   165 0000015A 43                              	INC	EBX
   166 0000015B 89 F0                           	MOV	EAX,ESI
   167 0000015D 83 F9 0A                        	CMP	ECX,10
   168 00000160 7E EB                           	JLE	L56
   169 00000162                                 L29:
   170 00000162 83 C4 14                        	ADD	ESP,20
   171 00000165 5B                              	POP	EBX
   172 00000166 5E                              	POP	ESI
   173 00000167 5F                              	POP	EDI
   174 00000168 5D                              	POP	EBP
   175 00000169 C3                              	RET
   176 0000016A                                 L55:
   177 0000016A 47                              	INC	EDI
   178 0000016B 83 C6 20                        	ADD	ESI,32
   179 0000016E 83 45 E0 20                     	ADD	DWORD [-32+EBP],32
   180 00000172 3B 7D 10                        	CMP	EDI,DWORD [16+EBP]
   181 00000175 7C C1                           	JL	L57
   182 00000177                                 L45:
   183 00000177 31 C0                           	XOR	EAX,EAX
   184 00000179 EB E7                           	JMP	L29
   185 0000017B                                 L65:
   186 0000017B 83 F9 08                        	CMP	ECX,8
   187 0000017E 7F 8D                           	JG	L40
   188 00000180 B9 00000008                     	MOV	ECX,8
   189 00000185 EB 99                           	JMP	L37
   190 00000187                                 	GLOBAL	_fatg
   191                                          [SECTION .data]
   192 00000000                                 	ALIGNB	4
   193 00000000                                 _fatg:
   194 00000000 00 00 00 00                     	RESB	4
