     1 00000000                                 [FORMAT "WCOFF"]
     2 00000000                                 [INSTRSET "i486p"]
     3 00000000                                 [OPTIMIZE 1]
     4 00000000                                 [OPTION 1]
     5 00000000                                 [BITS 32]
     6 00000000                                 	EXTERN	_io_out8
     7 00000000                                 	EXTERN	_ReadWordStringFromPort
     8 00000000                                 	EXTERN	_io_out16
     9 00000000                                 	EXTERN	_io_in8
    10 00000000                                 	EXTERN	_inws
    11 00000000                                 [FILE "hd.c"]
    12 00000000                                 	GLOBAL	_hd_int
    13                                          [SECTION .data]
    14 00000000                                 	ALIGNB	4
    15 00000000                                 _hd_int:
    16 00000000 00000000                        	DD	0
    17                                          [SECTION .text]
    18 00000000                                 	GLOBAL	_readhddisk
    19 00000000                                 _readhddisk:
    20 00000000 55                              	PUSH	EBP
    21 00000001 89 E5                           	MOV	EBP,ESP
    22 00000003 57                              	PUSH	EDI
    23 00000004 56                              	PUSH	ESI
    24 00000005 53                              	PUSH	EBX
    25 00000006 50                              	PUSH	EAX
    26 00000007 8B 45 14                        	MOV	EAX,DWORD [20+EBP]
    27 0000000A 8B 5D 10                        	MOV	EBX,DWORD [16+EBP]
    28 0000000D 8B 75 08                        	MOV	ESI,DWORD [8+EBP]
    29 00000010 8B 7D 0C                        	MOV	EDI,DWORD [12+EBP]
    30 00000013 89 45 F0                        	MOV	DWORD [-16+EBP],EAX
    31 00000016 6A 00                           	PUSH	0
    32 00000018 68 000001F7                     	PUSH	503
    33 0000001D E8 0000021B                     	CALL	_WaitForBsy
    34 00000022 6A 00                           	PUSH	0
    35 00000024 68 000001F7                     	PUSH	503
    36 00000029 E8 000001E2                     	CALL	_WaitForRdy
    37 0000002E 6A 00                           	PUSH	0
    38 00000030 68 000003F6                     	PUSH	1014
    39 00000035 E8 [00000000]                   	CALL	_io_out8
    40 0000003A 6A 00                           	PUSH	0
    41 0000003C 68 000001F1                     	PUSH	497
    42 00000041 E8 [00000000]                   	CALL	_io_out8
    43 00000046 83 C4 20                        	ADD	ESP,32
    44 00000049 57                              	PUSH	EDI
    45 0000004A 68 000001F2                     	PUSH	498
    46 0000004F E8 [00000000]                   	CALL	_io_out8
    47 00000054 53                              	PUSH	EBX
    48 00000055 C1 FB 08                        	SAR	EBX,8
    49 00000058 68 000001F3                     	PUSH	499
    50 0000005D E8 [00000000]                   	CALL	_io_out8
    51 00000062 53                              	PUSH	EBX
    52 00000063 C1 FB 08                        	SAR	EBX,8
    53 00000066 68 000001F4                     	PUSH	500
    54 0000006B E8 [00000000]                   	CALL	_io_out8
    55 00000070 53                              	PUSH	EBX
    56 00000071 68 000001F5                     	PUSH	501
    57 00000076 E8 [00000000]                   	CALL	_io_out8
    58 0000007B 83 C4 20                        	ADD	ESP,32
    59 0000007E 89 D8                           	MOV	EAX,EBX
    60 00000080 C1 F8 08                        	SAR	EAX,8
    61 00000083 4E                              	DEC	ESI
    62 00000084 74 4A                           	JE	L4
    63 00000086 0D 000000E0                     	OR	EAX,224
    64 0000008B                                 L3:
    65 0000008B C1 E7 08                        	SAL	EDI,8
    66 0000008E 50                              	PUSH	EAX
    67 0000008F 68 000001F6                     	PUSH	502
    68 00000094 E8 [00000000]                   	CALL	_io_out8
    69 00000099 6A 20                           	PUSH	32
    70 0000009B 68 000001F7                     	PUSH	503
    71 000000A0 E8 [00000000]                   	CALL	_io_out8
    72 000000A5 6A 00                           	PUSH	0
    73 000000A7 68 000001F7                     	PUSH	503
    74 000000AC E8 000001BE                     	CALL	_WaitForDrq
    75 000000B1 8B 45 F0                        	MOV	EAX,DWORD [-16+EBP]
    76 000000B4 C7 45 10 000001F0               	MOV	DWORD [16+EBP],496
    77 000000BB 89 7D 0C                        	MOV	DWORD [12+EBP],EDI
    78 000000BE 89 45 08                        	MOV	DWORD [8+EBP],EAX
    79 000000C1 83 C4 18                        	ADD	ESP,24
    80 000000C4 8D 65 F4                        	LEA	ESP,DWORD [-12+EBP]
    81 000000C7 5B                              	POP	EBX
    82 000000C8 5E                              	POP	ESI
    83 000000C9 5F                              	POP	EDI
    84 000000CA 5D                              	POP	EBP
    85 000000CB E9 [00000000]                   	JMP	_ReadWordStringFromPort
    86 000000D0                                 L4:
    87 000000D0 0D 000000F0                     	OR	EAX,240
    88 000000D5 EB B4                           	JMP	L3
    89 000000D7                                 	GLOBAL	_writehddisk
    90 000000D7                                 _writehddisk:
    91 000000D7 55                              	PUSH	EBP
    92 000000D8 89 E5                           	MOV	EBP,ESP
    93 000000DA 57                              	PUSH	EDI
    94 000000DB 56                              	PUSH	ESI
    95 000000DC 53                              	PUSH	EBX
    96 000000DD 53                              	PUSH	EBX
    97 000000DE 8B 45 14                        	MOV	EAX,DWORD [20+EBP]
    98 000000E1 8B 5D 10                        	MOV	EBX,DWORD [16+EBP]
    99 000000E4 8B 75 08                        	MOV	ESI,DWORD [8+EBP]
   100 000000E7 8B 7D 0C                        	MOV	EDI,DWORD [12+EBP]
   101 000000EA 89 45 F0                        	MOV	DWORD [-16+EBP],EAX
   102 000000ED 6A 00                           	PUSH	0
   103 000000EF 68 000001F7                     	PUSH	503
   104 000000F4 E8 00000144                     	CALL	_WaitForBsy
   105 000000F9 6A 00                           	PUSH	0
   106 000000FB 68 000001F7                     	PUSH	503
   107 00000100 E8 0000010B                     	CALL	_WaitForRdy
   108 00000105 6A 00                           	PUSH	0
   109 00000107 68 000003F6                     	PUSH	1014
   110 0000010C E8 [00000000]                   	CALL	_io_out8
   111 00000111 6A 00                           	PUSH	0
   112 00000113 68 000001F1                     	PUSH	497
   113 00000118 E8 [00000000]                   	CALL	_io_out8
   114 0000011D 83 C4 20                        	ADD	ESP,32
   115 00000120 57                              	PUSH	EDI
   116 00000121 68 000001F2                     	PUSH	498
   117 00000126 E8 [00000000]                   	CALL	_io_out8
   118 0000012B 53                              	PUSH	EBX
   119 0000012C C1 FB 08                        	SAR	EBX,8
   120 0000012F 68 000001F3                     	PUSH	499
   121 00000134 E8 [00000000]                   	CALL	_io_out8
   122 00000139 53                              	PUSH	EBX
   123 0000013A C1 FB 08                        	SAR	EBX,8
   124 0000013D 68 000001F4                     	PUSH	500
   125 00000142 E8 [00000000]                   	CALL	_io_out8
   126 00000147 53                              	PUSH	EBX
   127 00000148 68 000001F5                     	PUSH	501
   128 0000014D E8 [00000000]                   	CALL	_io_out8
   129 00000152 83 C4 20                        	ADD	ESP,32
   130 00000155 89 D8                           	MOV	EAX,EBX
   131 00000157 C1 F8 08                        	SAR	EAX,8
   132 0000015A 4E                              	DEC	ESI
   133 0000015B 0F 84 000000A5                  	JE	L15
   134 00000161 0D 000000E0                     	OR	EAX,224
   135 00000166                                 L7:
   136 00000166 50                              	PUSH	EAX
   137 00000167 31 DB                           	XOR	EBX,EBX
   138 00000169 68 000001F6                     	PUSH	502
   139 0000016E E8 [00000000]                   	CALL	_io_out8
   140 00000173 6A 30                           	PUSH	48
   141 00000175 68 000001F7                     	PUSH	503
   142 0000017A E8 [00000000]                   	CALL	_io_out8
   143 0000017F 6A 00                           	PUSH	0
   144 00000181 68 000001F7                     	PUSH	503
   145 00000186 E8 000000B2                     	CALL	_WaitForBsy
   146 0000018B 6A 00                           	PUSH	0
   147 0000018D 68 000001F7                     	PUSH	503
   148 00000192 E8 000000D8                     	CALL	_WaitForDrq
   149 00000197 89 F8                           	MOV	EAX,EDI
   150 00000199 C1 E0 08                        	SAL	EAX,8
   151 0000019C 83 C4 20                        	ADD	ESP,32
   152 0000019F 39 C3                           	CMP	EBX,EAX
   153 000001A1 7C 35                           	JL	L12
   154 000001A3                                 L14:
   155 000001A3 6A 00                           	PUSH	0
   156 000001A5 68 000001F7                     	PUSH	503
   157 000001AA E8 0000008E                     	CALL	_WaitForBsy
   158 000001AF 6A 00                           	PUSH	0
   159 000001B1 68 000001F7                     	PUSH	503
   160 000001B6 E8 00000055                     	CALL	_WaitForRdy
   161 000001BB 83 C4 10                        	ADD	ESP,16
   162 000001BE C7 45 0C 00000000               	MOV	DWORD [12+EBP],0
   163 000001C5 C7 45 08 000001F7               	MOV	DWORD [8+EBP],503
   164 000001CC 8D 65 F4                        	LEA	ESP,DWORD [-12+EBP]
   165 000001CF 5B                              	POP	EBX
   166 000001D0 5E                              	POP	ESI
   167 000001D1 5F                              	POP	EDI
   168 000001D2 5D                              	POP	EBP
   169 000001D3 E9 00000097                     	JMP	_WaitForDrq
   170 000001D8                                 L12:
   171 000001D8 8B 55 F0                        	MOV	EDX,DWORD [-16+EBP]
   172 000001DB 0F BE 44 5A 01                  	MOVSX	EAX,BYTE [1+EDX+EBX*2]
   173 000001E0 C1 E0 08                        	SAL	EAX,8
   174 000001E3 66 0F BE 14 5A                  	MOVSX	DX,BYTE [EDX+EBX*2]
   175 000001E8 09 C2                           	OR	EDX,EAX
   176 000001EA 43                              	INC	EBX
   177 000001EB 0F B7 D2                        	MOVZX	EDX,DX
   178 000001EE 52                              	PUSH	EDX
   179 000001EF 68 000001F0                     	PUSH	496
   180 000001F4 E8 [00000000]                   	CALL	_io_out16
   181 000001F9 89 F8                           	MOV	EAX,EDI
   182 000001FB C1 E0 08                        	SAL	EAX,8
   183 000001FE 5A                              	POP	EDX
   184 000001FF 59                              	POP	ECX
   185 00000200 39 C3                           	CMP	EBX,EAX
   186 00000202 7C D4                           	JL	L12
   187 00000204 EB 9D                           	JMP	L14
   188 00000206                                 L15:
   189 00000206 0D 000000F0                     	OR	EAX,240
   190 0000020B E9 FFFFFF56                     	JMP	L7
   191 00000210                                 	GLOBAL	_WaitForRdy
   192 00000210                                 _WaitForRdy:
   193 00000210 55                              	PUSH	EBP
   194 00000211 89 E5                           	MOV	EBP,ESP
   195 00000213 56                              	PUSH	ESI
   196 00000214 53                              	PUSH	EBX
   197 00000215 BB 00010000                     	MOV	EBX,65536
   198 0000021A 8B 75 08                        	MOV	ESI,DWORD [8+EBP]
   199 0000021D                                 L22:
   200 0000021D 0F B7 C6                        	MOVZX	EAX,SI
   201 00000220 50                              	PUSH	EAX
   202 00000221 E8 [00000000]                   	CALL	_io_in8
   203 00000226 5A                              	POP	EDX
   204 00000227 83 E0 40                        	AND	EAX,64
   205 0000022A 84 C0                           	TEST	AL,AL
   206 0000022C 75 03                           	JNE	L18
   207 0000022E 4B                              	DEC	EBX
   208 0000022F 75 EC                           	JNE	L22
   209 00000231                                 L18:
   210 00000231 8D 65 F8                        	LEA	ESP,DWORD [-8+EBP]
   211 00000234 B8 00000001                     	MOV	EAX,1
   212 00000239 5B                              	POP	EBX
   213 0000023A 5E                              	POP	ESI
   214 0000023B 5D                              	POP	EBP
   215 0000023C C3                              	RET
   216 0000023D                                 	GLOBAL	_WaitForBsy
   217 0000023D                                 _WaitForBsy:
   218 0000023D 55                              	PUSH	EBP
   219 0000023E 89 E5                           	MOV	EBP,ESP
   220 00000240 57                              	PUSH	EDI
   221 00000241 56                              	PUSH	ESI
   222 00000242 31 FF                           	XOR	EDI,EDI
   223 00000244 53                              	PUSH	EBX
   224 00000245 8B 75 08                        	MOV	ESI,DWORD [8+EBP]
   225 00000248 BB 00010000                     	MOV	EBX,65536
   226 0000024D                                 L29:
   227 0000024D 0F B7 C6                        	MOVZX	EAX,SI
   228 00000250 50                              	PUSH	EAX
   229 00000251 E8 [00000000]                   	CALL	_io_in8
   230 00000256 59                              	POP	ECX
   231 00000257 84 C0                           	TEST	AL,AL
   232 00000259 79 0D                           	JNS	L30
   233 0000025B 4B                              	DEC	EBX
   234 0000025C 75 EF                           	JNE	L29
   235 0000025E                                 L25:
   236 0000025E 8D 65 F4                        	LEA	ESP,DWORD [-12+EBP]
   237 00000261 89 F8                           	MOV	EAX,EDI
   238 00000263 5B                              	POP	EBX
   239 00000264 5E                              	POP	ESI
   240 00000265 5F                              	POP	EDI
   241 00000266 5D                              	POP	EBP
   242 00000267 C3                              	RET
   243 00000268                                 L30:
   244 00000268 BF 00000001                     	MOV	EDI,1
   245 0000026D EB EF                           	JMP	L25
   246 0000026F                                 	GLOBAL	_WaitForDrq
   247 0000026F                                 _WaitForDrq:
   248 0000026F 55                              	PUSH	EBP
   249 00000270 89 E5                           	MOV	EBP,ESP
   250 00000272 57                              	PUSH	EDI
   251 00000273 56                              	PUSH	ESI
   252 00000274 31 FF                           	XOR	EDI,EDI
   253 00000276 53                              	PUSH	EBX
   254 00000277 8B 75 08                        	MOV	ESI,DWORD [8+EBP]
   255 0000027A BB 00010000                     	MOV	EBX,65536
   256 0000027F                                 L37:
   257 0000027F 0F B7 C6                        	MOVZX	EAX,SI
   258 00000282 50                              	PUSH	EAX
   259 00000283 E8 [00000000]                   	CALL	_io_in8
   260 00000288 5A                              	POP	EDX
   261 00000289 83 E0 08                        	AND	EAX,8
   262 0000028C 84 C0                           	TEST	AL,AL
   263 0000028E 75 0D                           	JNE	L38
   264 00000290 4B                              	DEC	EBX
   265 00000291 75 EC                           	JNE	L37
   266 00000293                                 L33:
   267 00000293 8D 65 F4                        	LEA	ESP,DWORD [-12+EBP]
   268 00000296 89 F8                           	MOV	EAX,EDI
   269 00000298 5B                              	POP	EBX
   270 00000299 5E                              	POP	ESI
   271 0000029A 5F                              	POP	EDI
   272 0000029B 5D                              	POP	EBP
   273 0000029C C3                              	RET
   274 0000029D                                 L38:
   275 0000029D BF 00000001                     	MOV	EDI,1
   276 000002A2 EB EF                           	JMP	L33
   277 000002A4                                 	GLOBAL	_identify_hd
   278 000002A4                                 _identify_hd:
   279 000002A4 55                              	PUSH	EBP
   280 000002A5 89 E5                           	MOV	EBP,ESP
   281 000002A7 6A 00                           	PUSH	0
   282 000002A9 68 000001F7                     	PUSH	503
   283 000002AE E8 FFFFFF8A                     	CALL	_WaitForBsy
   284 000002B3 6A 00                           	PUSH	0
   285 000002B5 68 000001F7                     	PUSH	503
   286 000002BA E8 FFFFFF51                     	CALL	_WaitForRdy
   287 000002BF B8 000000F0                     	MOV	EAX,240
   288 000002C4 83 7D 08 01                     	CMP	DWORD [8+EBP],1
   289 000002C8 74 05                           	JE	L43
   290 000002CA B8 000000E0                     	MOV	EAX,224
   291 000002CF                                 L43:
   292 000002CF 50                              	PUSH	EAX
   293 000002D0 68 000001F6                     	PUSH	502
   294 000002D5 E8 [00000000]                   	CALL	_io_out8
   295 000002DA 68 000000EC                     	PUSH	236
   296 000002DF 68 000001F7                     	PUSH	503
   297 000002E4 E8 [00000000]                   	CALL	_io_out8
   298 000002E9 83 C4 20                        	ADD	ESP,32
   299 000002EC 6A 00                           	PUSH	0
   300 000002EE 68 000001F7                     	PUSH	503
   301 000002F3 E8 FFFFFF77                     	CALL	_WaitForDrq
   302 000002F8 68 000001F0                     	PUSH	496
   303 000002FD 68 00000200                     	PUSH	512
   304 00000302 FF 75 0C                        	PUSH	DWORD [12+EBP]
   305 00000305 E8 [00000000]                   	CALL	_inws
   306 0000030A C9                              	LEAVE
   307 0000030B C3                              	RET
   308 0000030C                                 	GLOBAL	_IdeInitialize
   309 0000030C                                 _IdeInitialize:
   310 0000030C 55                              	PUSH	EBP
   311 0000030D 89 E5                           	MOV	EBP,ESP
   312 0000030F 6A 00                           	PUSH	0
   313 00000311 68 000001F7                     	PUSH	503
   314 00000316 E8 FFFFFF22                     	CALL	_WaitForBsy
   315 0000031B 6A 00                           	PUSH	0
   316 0000031D 68 000001F7                     	PUSH	503
   317 00000322 E8 FFFFFEE9                     	CALL	_WaitForRdy
   318 00000327 68 000003F6                     	PUSH	1014
   319 0000032C 6A 0E                           	PUSH	14
   320 0000032E E8 [00000000]                   	CALL	_io_out8
   321 00000333 6A 00                           	PUSH	0
   322 00000335 68 000001F7                     	PUSH	503
   323 0000033A E8 FFFFFEFE                     	CALL	_WaitForBsy
   324 0000033F 83 C4 20                        	ADD	ESP,32
   325 00000342 6A 00                           	PUSH	0
   326 00000344 68 000001F7                     	PUSH	503
   327 00000349 E8 FFFFFEC2                     	CALL	_WaitForRdy
   328 0000034E B8 00000001                     	MOV	EAX,1
   329 00000353 C9                              	LEAVE
   330 00000354 C3                              	RET
   331 00000355                                 	GLOBAL	_inthandler2e
   332 00000355                                 _inthandler2e:
   333 00000355 55                              	PUSH	EBP
   334 00000356 89 E5                           	MOV	EBP,ESP
   335 00000358 6A 66                           	PUSH	102
   336 0000035A 68 000000A0                     	PUSH	160
   337 0000035F E8 [00000000]                   	CALL	_io_out8
   338 00000364 6A 62                           	PUSH	98
   339 00000366 6A 20                           	PUSH	32
   340 00000368 E8 [00000000]                   	CALL	_io_out8
   341 0000036D 68 000001F7                     	PUSH	503
   342 00000372 E8 [00000000]                   	CALL	_io_in8
   343 00000377 C7 05 [00000000] 00000001       	MOV	DWORD [_hd_int],1
   344 00000381 C9                              	LEAVE
   345 00000382 C3                              	RET
   346 00000383                                 	GLOBAL	_HDEntry
   347 00000383                                 _HDEntry:
   348 00000383 55                              	PUSH	EBP
   349 00000384 31 C0                           	XOR	EAX,EAX
   350 00000386 89 E5                           	MOV	EBP,ESP
   351 00000388 81 EC 00000400                  	SUB	ESP,1024
   352 0000038E                                 L51:
   353 0000038E C6 84 05 FFFFFE00 00            	MOV	BYTE [-512+EBP+EAX*1],0
   354 00000396 40                              	INC	EAX
   355 00000397 3D 000001FF                     	CMP	EAX,511
   356 0000039C 7E F0                           	JLE	L51
   357 0000039E 6A 00                           	PUSH	0
   358 000003A0 68 000003F6                     	PUSH	1014
   359 000003A5 C6 45 FE 55                     	MOV	BYTE [-2+EBP],85
   360 000003A9 C6 45 FF AA                     	MOV	BYTE [-1+EBP],-86
   361 000003AD E8 [00000000]                   	CALL	_io_out8
   362 000003B2 B8 00000001                     	MOV	EAX,1
   363 000003B7 C9                              	LEAVE
   364 000003B8 C3                              	RET
   365 000003B9                                 	GLOBAL	_hd_sector_map
   366                                          [SECTION .data]
   367 00000004 00 00 00 00 00 00 00 00 00 00   	ALIGNB	16
       0000000E 00 00 
   368 00000010                                 _hd_sector_map:
   369 00000010 00 00 00 00 00 00 00 00 00 00   	RESB	4096
       0000001A 00 00 00 00 00 00 00 00 00 00 
       00000024 00 00 00 00 00 00 00 00 00 00 
       0000002E 00 00 00 00 00 00 00 00 00 00 
       00000038 00 00 00 00 00 00 00 00 00 00 
       00000042 00 00 00 00 00 00 00 00 00 00 
       0000004C 00 00 00 00 00 00 00 00 00 00 
       00000056 00 00 00 00 00 00 00 00 00 00 
       00000060 00 00 00 00 00 00 00 00 00 00 
       0000006A 00 00 00 00 00 00 00 00 00 00 
       00000074 00 00 00 00 00 00 00 00 00 00 
       0000007E 00 00 00 00 00 00 00 00 00 00 
       00000088 00 00 00 00 00 00 00 00 00 00 
       00000092 00 00 00 00 00 00 00 00 00 00 
       0000009C 00 00 00 00 00 00 00 00 00 00 
       000000A6 00 00 00 00 00 00 00 00 00 00 
       000000B0 00 00 00 00 00 00 00 00 00 00 
       000000BA 00 00 00 00 00 00 00 00 00 00 
       000000C4 00 00 00 00 00 00 00 00 00 00 
       000000CE 00 00 00 00 00 00 00 00 00 00 
       000000D8 00 00 00 00 00 00 00 00 00 00 
       000000E2 00 00 00 00 00 00 00 00 00 00 
       000000EC 00 00 00 00 00 00 00 00 00 00 
       000000F6 00 00 00 00 00 00 00 00 00 00 
       00000100 00 00 00 00 00 00 00 00 00 00 
       0000010A 00 00 00 00 00 00 00 00 00 00 
       00000114 00 00 00 00 00 00 00 00 00 00 
       0000011E 00 00 00 00 00 00 00 00 00 00 
       00000128 00 00 00 00 00 00 00 00 00 00 
       00000132 00 00 00 00 00 00 00 00 00 00 
       0000013C 00 00 00 00 00 00 00 00 00 00 
       00000146 00 00 00 00 00 00 00 00 00 00 
       00000150 00 00 00 00 00 00 00 00 00 00 
       0000015A 00 00 00 00 00 00 00 00 00 00 
       00000164 00 00 00 00 00 00 00 00 00 00 
       0000016E 00 00 00 00 00 00 00 00 00 00 
       00000178 00 00 00 00 00 00 00 00 00 00 
       00000182 00 00 00 00 00 00 00 00 00 00 
       0000018C 00 00 00 00 00 00 00 00 00 00 
       00000196 00 00 00 00 00 00 00 00 00 00 
       000001A0 00 00 00 00 00 00 00 00 00 00 
       000001AA 00 00 00 00 00 00 00 00 00 00 
       000001B4 00 00 00 00 00 00 00 00 00 00 
       000001BE 00 00 00 00 00 00 00 00 00 00 
       000001C8 00 00 00 00 00 00 00 00 00 00 
       000001D2 00 00 00 00 00 00 00 00 00 00 
       000001DC 00 00 00 00 00 00 00 00 00 00 
       000001E6 00 00 00 00 00 00 00 00 00 00 
       000001F0 00 00 00 00 00 00 00 00 00 00 
       000001FA 00 00 00 00 00 00 00 00 00 00 
       00000204 00 00 00 00 00 00 00 00 00 00 
       0000020E 00 00 00 00 00 00 00 00 00 00 
       00000218 00 00 00 00 00 00 00 00 00 00 
       00000222 00 00 00 00 00 00 00 00 00 00 
       0000022C 00 00 00 00 00 00 00 00 00 00 
       00000236 00 00 00 00 00 00 00 00 00 00 
       00000240 00 00 00 00 00 00 00 00 00 00 
       0000024A 00 00 00 00 00 00 00 00 00 00 
       00000254 00 00 00 00 00 00 00 00 00 00 
       0000025E 00 00 00 00 00 00 00 00 00 00 
       00000268 00 00 00 00 00 00 00 00 00 00 
       00000272 00 00 00 00 00 00 00 00 00 00 
       0000027C 00 00 00 00 00 00 00 00 00 00 
       00000286 00 00 00 00 00 00 00 00 00 00 
       00000290 00 00 00 00 00 00 00 00 00 00 
       0000029A 00 00 00 00 00 00 00 00 00 00 
       000002A4 00 00 00 00 00 00 00 00 00 00 
       000002AE 00 00 00 00 00 00 00 00 00 00 
       000002B8 00 00 00 00 00 00 00 00 00 00 
       000002C2 00 00 00 00 00 00 00 00 00 00 
       000002CC 00 00 00 00 00 00 00 00 00 00 
       000002D6 00 00 00 00 00 00 00 00 00 00 
       000002E0 00 00 00 00 00 00 00 00 00 00 
       000002EA 00 00 00 00 00 00 00 00 00 00 
       000002F4 00 00 00 00 00 00 00 00 00 00 
       000002FE 00 00 00 00 00 00 00 00 00 00 
       00000308 00 00 00 00 00 00 00 00 00 00 
       00000312 00 00 00 00 00 00 00 00 00 00 
       0000031C 00 00 00 00 00 00 00 00 00 00 
       00000326 00 00 00 00 00 00 00 00 00 00 
       00000330 00 00 00 00 00 00 00 00 00 00 
       0000033A 00 00 00 00 00 00 00 00 00 00 
       00000344 00 00 00 00 00 00 00 00 00 00 
       0000034E 00 00 00 00 00 00 00 00 00 00 
       00000358 00 00 00 00 00 00 00 00 00 00 
       00000362 00 00 00 00 00 00 00 00 00 00 
       0000036C 00 00 00 00 00 00 00 00 00 00 
       00000376 00 00 00 00 00 00 00 00 00 00 
       00000380 00 00 00 00 00 00 00 00 00 00 
       0000038A 00 00 00 00 00 00 00 00 00 00 
       00000394 00 00 00 00 00 00 00 00 00 00 
       0000039E 00 00 00 00 00 00 00 00 00 00 
       000003A8 00 00 00 00 00 00 00 00 00 00 
       000003B2 00 00 00 00 00 00 00 00 00 00 
       000003BC 00 00 00 00 00 00 00 00 00 00 
       000003C6 00 00 00 00 00 00 00 00 00 00 
       000003D0 00 00 00 00 00 00 00 00 00 00 
       000003DA 00 00 00 00 00 00 00 00 00 00 
       000003E4 00 00 00 00 00 00 00 00 00 00 
       000003EE 00 00 00 00 00 00 00 00 00 00 
       000003F8 00 00 00 00 00 00 00 00 00 00 
       00000402 00 00 00 00 00 00 00 00 00 00 
       0000040C 00 00 00 00 00 00 00 00 00 00 
       00000416 00 00 00 00 00 00 00 00 00 00 
       00000420 00 00 00 00 00 00 00 00 00 00 
       0000042A 00 00 00 00 00 00 00 00 00 00 
       00000434 00 00 00 00 00 00 00 00 00 00 
       0000043E 00 00 00 00 00 00 00 00 00 00 
       00000448 00 00 00 00 00 00 00 00 00 00 
       00000452 00 00 00 00 00 00 00 00 00 00 
       0000045C 00 00 00 00 00 00 00 00 00 00 
       00000466 00 00 00 00 00 00 00 00 00 00 
       00000470 00 00 00 00 00 00 00 00 00 00 
       0000047A 00 00 00 00 00 00 00 00 00 00 
       00000484 00 00 00 00 00 00 00 00 00 00 
       0000048E 00 00 00 00 00 00 00 00 00 00 
       00000498 00 00 00 00 00 00 00 00 00 00 
       000004A2 00 00 00 00 00 00 00 00 00 00 
       000004AC 00 00 00 00 00 00 00 00 00 00 
       000004B6 00 00 00 00 00 00 00 00 00 00 
       000004C0 00 00 00 00 00 00 00 00 00 00 
       000004CA 00 00 00 00 00 00 00 00 00 00 
       000004D4 00 00 00 00 00 00 00 00 00 00 
       000004DE 00 00 00 00 00 00 00 00 00 00 
       000004E8 00 00 00 00 00 00 00 00 00 00 
       000004F2 00 00 00 00 00 00 00 00 00 00 
       000004FC 00 00 00 00 00 00 00 00 00 00 
       00000506 00 00 00 00 00 00 00 00 00 00 
       00000510 00 00 00 00 00 00 00 00 00 00 
       0000051A 00 00 00 00 00 00 00 00 00 00 
       00000524 00 00 00 00 00 00 00 00 00 00 
       0000052E 00 00 00 00 00 00 00 00 00 00 
       00000538 00 00 00 00 00 00 00 00 00 00 
       00000542 00 00 00 00 00 00 00 00 00 00 
       0000054C 00 00 00 00 00 00 00 00 00 00 
       00000556 00 00 00 00 00 00 00 00 00 00 
       00000560 00 00 00 00 00 00 00 00 00 00 
       0000056A 00 00 00 00 00 00 00 00 00 00 
       00000574 00 00 00 00 00 00 00 00 00 00 
       0000057E 00 00 00 00 00 00 00 00 00 00 
       00000588 00 00 00 00 00 00 00 00 00 00 
       00000592 00 00 00 00 00 00 00 00 00 00 
       0000059C 00 00 00 00 00 00 00 00 00 00 
       000005A6 00 00 00 00 00 00 00 00 00 00 
       000005B0 00 00 00 00 00 00 00 00 00 00 
       000005BA 00 00 00 00 00 00 00 00 00 00 
       000005C4 00 00 00 00 00 00 00 00 00 00 
       000005CE 00 00 00 00 00 00 00 00 00 00 
       000005D8 00 00 00 00 00 00 00 00 00 00 
       000005E2 00 00 00 00 00 00 00 00 00 00 
       000005EC 00 00 00 00 00 00 00 00 00 00 
       000005F6 00 00 00 00 00 00 00 00 00 00 
       00000600 00 00 00 00 00 00 00 00 00 00 
       0000060A 00 00 00 00 00 00 00 00 00 00 
       00000614 00 00 00 00 00 00 00 00 00 00 
       0000061E 00 00 00 00 00 00 00 00 00 00 
       00000628 00 00 00 00 00 00 00 00 00 00 
       00000632 00 00 00 00 00 00 00 00 00 00 
       0000063C 00 00 00 00 00 00 00 00 00 00 
       00000646 00 00 00 00 00 00 00 00 00 00 
       00000650 00 00 00 00 00 00 00 00 00 00 
       0000065A 00 00 00 00 00 00 00 00 00 00 
       00000664 00 00 00 00 00 00 00 00 00 00 
       0000066E 00 00 00 00 00 00 00 00 00 00 
       00000678 00 00 00 00 00 00 00 00 00 00 
       00000682 00 00 00 00 00 00 00 00 00 00 
       0000068C 00 00 00 00 00 00 00 00 00 00 
       00000696 00 00 00 00 00 00 00 00 00 00 
       000006A0 00 00 00 00 00 00 00 00 00 00 
       000006AA 00 00 00 00 00 00 00 00 00 00 
       000006B4 00 00 00 00 00 00 00 00 00 00 
       000006BE 00 00 00 00 00 00 00 00 00 00 
       000006C8 00 00 00 00 00 00 00 00 00 00 
       000006D2 00 00 00 00 00 00 00 00 00 00 
       000006DC 00 00 00 00 00 00 00 00 00 00 
       000006E6 00 00 00 00 00 00 00 00 00 00 
       000006F0 00 00 00 00 00 00 00 00 00 00 
       000006FA 00 00 00 00 00 00 00 00 00 00 
       00000704 00 00 00 00 00 00 00 00 00 00 
       0000070E 00 00 00 00 00 00 00 00 00 00 
       00000718 00 00 00 00 00 00 00 00 00 00 
       00000722 00 00 00 00 00 00 00 00 00 00 
       0000072C 00 00 00 00 00 00 00 00 00 00 
       00000736 00 00 00 00 00 00 00 00 00 00 
       00000740 00 00 00 00 00 00 00 00 00 00 
       0000074A 00 00 00 00 00 00 00 00 00 00 
       00000754 00 00 00 00 00 00 00 00 00 00 
       0000075E 00 00 00 00 00 00 00 00 00 00 
       00000768 00 00 00 00 00 00 00 00 00 00 
       00000772 00 00 00 00 00 00 00 00 00 00 
       0000077C 00 00 00 00 00 00 00 00 00 00 
       00000786 00 00 00 00 00 00 00 00 00 00 
       00000790 00 00 00 00 00 00 00 00 00 00 
       0000079A 00 00 00 00 00 00 00 00 00 00 
       000007A4 00 00 00 00 00 00 00 00 00 00 
       000007AE 00 00 00 00 00 00 00 00 00 00 
       000007B8 00 00 00 00 00 00 00 00 00 00 
       000007C2 00 00 00 00 00 00 00 00 00 00 
       000007CC 00 00 00 00 00 00 00 00 00 00 
       000007D6 00 00 00 00 00 00 00 00 00 00 
       000007E0 00 00 00 00 00 00 00 00 00 00 
       000007EA 00 00 00 00 00 00 00 00 00 00 
       000007F4 00 00 00 00 00 00 00 00 00 00 
       000007FE 00 00 00 00 00 00 00 00 00 00 
       00000808 00 00 00 00 00 00 00 00 00 00 
       00000812 00 00 00 00 00 00 00 00 00 00 
       0000081C 00 00 00 00 00 00 00 00 00 00 
       00000826 00 00 00 00 00 00 00 00 00 00 
       00000830 00 00 00 00 00 00 00 00 00 00 
       0000083A 00 00 00 00 00 00 00 00 00 00 
       00000844 00 00 00 00 00 00 00 00 00 00 
       0000084E 00 00 00 00 00 00 00 00 00 00 
       00000858 00 00 00 00 00 00 00 00 00 00 
       00000862 00 00 00 00 00 00 00 00 00 00 
       0000086C 00 00 00 00 00 00 00 00 00 00 
       00000876 00 00 00 00 00 00 00 00 00 00 
       00000880 00 00 00 00 00 00 00 00 00 00 
       0000088A 00 00 00 00 00 00 00 00 00 00 
       00000894 00 00 00 00 00 00 00 00 00 00 
       0000089E 00 00 00 00 00 00 00 00 00 00 
       000008A8 00 00 00 00 00 00 00 00 00 00 
       000008B2 00 00 00 00 00 00 00 00 00 00 
       000008BC 00 00 00 00 00 00 00 00 00 00 
       000008C6 00 00 00 00 00 00 00 00 00 00 
       000008D0 00 00 00 00 00 00 00 00 00 00 
       000008DA 00 00 00 00 00 00 00 00 00 00 
       000008E4 00 00 00 00 00 00 00 00 00 00 
       000008EE 00 00 00 00 00 00 00 00 00 00 
       000008F8 00 00 00 00 00 00 00 00 00 00 
       00000902 00 00 00 00 00 00 00 00 00 00 
       0000090C 00 00 00 00 00 00 00 00 00 00 
       00000916 00 00 00 00 00 00 00 00 00 00 
       00000920 00 00 00 00 00 00 00 00 00 00 
       0000092A 00 00 00 00 00 00 00 00 00 00 
       00000934 00 00 00 00 00 00 00 00 00 00 
       0000093E 00 00 00 00 00 00 00 00 00 00 
       00000948 00 00 00 00 00 00 00 00 00 00 
       00000952 00 00 00 00 00 00 00 00 00 00 
       0000095C 00 00 00 00 00 00 00 00 00 00 
       00000966 00 00 00 00 00 00 00 00 00 00 
       00000970 00 00 00 00 00 00 00 00 00 00 
       0000097A 00 00 00 00 00 00 00 00 00 00 
       00000984 00 00 00 00 00 00 00 00 00 00 
       0000098E 00 00 00 00 00 00 00 00 00 00 
       00000998 00 00 00 00 00 00 00 00 00 00 
       000009A2 00 00 00 00 00 00 00 00 00 00 
       000009AC 00 00 00 00 00 00 00 00 00 00 
       000009B6 00 00 00 00 00 00 00 00 00 00 
       000009C0 00 00 00 00 00 00 00 00 00 00 
       000009CA 00 00 00 00 00 00 00 00 00 00 
       000009D4 00 00 00 00 00 00 00 00 00 00 
       000009DE 00 00 00 00 00 00 00 00 00 00 
       000009E8 00 00 00 00 00 00 00 00 00 00 
       000009F2 00 00 00 00 00 00 00 00 00 00 
       000009FC 00 00 00 00 00 00 00 00 00 00 
       00000A06 00 00 00 00 00 00 00 00 00 00 
       00000A10 00 00 00 00 00 00 00 00 00 00 
       00000A1A 00 00 00 00 00 00 00 00 00 00 
       00000A24 00 00 00 00 00 00 00 00 00 00 
       00000A2E 00 00 00 00 00 00 00 00 00 00 
       00000A38 00 00 00 00 00 00 00 00 00 00 
       00000A42 00 00 00 00 00 00 00 00 00 00 
       00000A4C 00 00 00 00 00 00 00 00 00 00 
       00000A56 00 00 00 00 00 00 00 00 00 00 
       00000A60 00 00 00 00 00 00 00 00 00 00 
       00000A6A 00 00 00 00 00 00 00 00 00 00 
       00000A74 00 00 00 00 00 00 00 00 00 00 
       00000A7E 00 00 00 00 00 00 00 00 00 00 
       00000A88 00 00 00 00 00 00 00 00 00 00 
       00000A92 00 00 00 00 00 00 00 00 00 00 
       00000A9C 00 00 00 00 00 00 00 00 00 00 
       00000AA6 00 00 00 00 00 00 00 00 00 00 
       00000AB0 00 00 00 00 00 00 00 00 00 00 
       00000ABA 00 00 00 00 00 00 00 00 00 00 
       00000AC4 00 00 00 00 00 00 00 00 00 00 
       00000ACE 00 00 00 00 00 00 00 00 00 00 
       00000AD8 00 00 00 00 00 00 00 00 00 00 
       00000AE2 00 00 00 00 00 00 00 00 00 00 
       00000AEC 00 00 00 00 00 00 00 00 00 00 
       00000AF6 00 00 00 00 00 00 00 00 00 00 
       00000B00 00 00 00 00 00 00 00 00 00 00 
       00000B0A 00 00 00 00 00 00 00 00 00 00 
       00000B14 00 00 00 00 00 00 00 00 00 00 
       00000B1E 00 00 00 00 00 00 00 00 00 00 
       00000B28 00 00 00 00 00 00 00 00 00 00 
       00000B32 00 00 00 00 00 00 00 00 00 00 
       00000B3C 00 00 00 00 00 00 00 00 00 00 
       00000B46 00 00 00 00 00 00 00 00 00 00 
       00000B50 00 00 00 00 00 00 00 00 00 00 
       00000B5A 00 00 00 00 00 00 00 00 00 00 
       00000B64 00 00 00 00 00 00 00 00 00 00 
       00000B6E 00 00 00 00 00 00 00 00 00 00 
       00000B78 00 00 00 00 00 00 00 00 00 00 
       00000B82 00 00 00 00 00 00 00 00 00 00 
       00000B8C 00 00 00 00 00 00 00 00 00 00 
       00000B96 00 00 00 00 00 00 00 00 00 00 
       00000BA0 00 00 00 00 00 00 00 00 00 00 
       00000BAA 00 00 00 00 00 00 00 00 00 00 
       00000BB4 00 00 00 00 00 00 00 00 00 00 
       00000BBE 00 00 00 00 00 00 00 00 00 00 
       00000BC8 00 00 00 00 00 00 00 00 00 00 
       00000BD2 00 00 00 00 00 00 00 00 00 00 
       00000BDC 00 00 00 00 00 00 00 00 00 00 
       00000BE6 00 00 00 00 00 00 00 00 00 00 
       00000BF0 00 00 00 00 00 00 00 00 00 00 
       00000BFA 00 00 00 00 00 00 00 00 00 00 
       00000C04 00 00 00 00 00 00 00 00 00 00 
       00000C0E 00 00 00 00 00 00 00 00 00 00 
       00000C18 00 00 00 00 00 00 00 00 00 00 
       00000C22 00 00 00 00 00 00 00 00 00 00 
       00000C2C 00 00 00 00 00 00 00 00 00 00 
       00000C36 00 00 00 00 00 00 00 00 00 00 
       00000C40 00 00 00 00 00 00 00 00 00 00 
       00000C4A 00 00 00 00 00 00 00 00 00 00 
       00000C54 00 00 00 00 00 00 00 00 00 00 
       00000C5E 00 00 00 00 00 00 00 00 00 00 
       00000C68 00 00 00 00 00 00 00 00 00 00 
       00000C72 00 00 00 00 00 00 00 00 00 00 
       00000C7C 00 00 00 00 00 00 00 00 00 00 
       00000C86 00 00 00 00 00 00 00 00 00 00 
       00000C90 00 00 00 00 00 00 00 00 00 00 
       00000C9A 00 00 00 00 00 00 00 00 00 00 
       00000CA4 00 00 00 00 00 00 00 00 00 00 
       00000CAE 00 00 00 00 00 00 00 00 00 00 
       00000CB8 00 00 00 00 00 00 00 00 00 00 
       00000CC2 00 00 00 00 00 00 00 00 00 00 
       00000CCC 00 00 00 00 00 00 00 00 00 00 
       00000CD6 00 00 00 00 00 00 00 00 00 00 
       00000CE0 00 00 00 00 00 00 00 00 00 00 
       00000CEA 00 00 00 00 00 00 00 00 00 00 
       00000CF4 00 00 00 00 00 00 00 00 00 00 
       00000CFE 00 00 00 00 00 00 00 00 00 00 
       00000D08 00 00 00 00 00 00 00 00 00 00 
       00000D12 00 00 00 00 00 00 00 00 00 00 
       00000D1C 00 00 00 00 00 00 00 00 00 00 
       00000D26 00 00 00 00 00 00 00 00 00 00 
       00000D30 00 00 00 00 00 00 00 00 00 00 
       00000D3A 00 00 00 00 00 00 00 00 00 00 
       00000D44 00 00 00 00 00 00 00 00 00 00 
       00000D4E 00 00 00 00 00 00 00 00 00 00 
       00000D58 00 00 00 00 00 00 00 00 00 00 
       00000D62 00 00 00 00 00 00 00 00 00 00 
       00000D6C 00 00 00 00 00 00 00 00 00 00 
       00000D76 00 00 00 00 00 00 00 00 00 00 
       00000D80 00 00 00 00 00 00 00 00 00 00 
       00000D8A 00 00 00 00 00 00 00 00 00 00 
       00000D94 00 00 00 00 00 00 00 00 00 00 
       00000D9E 00 00 00 00 00 00 00 00 00 00 
       00000DA8 00 00 00 00 00 00 00 00 00 00 
       00000DB2 00 00 00 00 00 00 00 00 00 00 
       00000DBC 00 00 00 00 00 00 00 00 00 00 
       00000DC6 00 00 00 00 00 00 00 00 00 00 
       00000DD0 00 00 00 00 00 00 00 00 00 00 
       00000DDA 00 00 00 00 00 00 00 00 00 00 
       00000DE4 00 00 00 00 00 00 00 00 00 00 
       00000DEE 00 00 00 00 00 00 00 00 00 00 
       00000DF8 00 00 00 00 00 00 00 00 00 00 
       00000E02 00 00 00 00 00 00 00 00 00 00 
       00000E0C 00 00 00 00 00 00 00 00 00 00 
       00000E16 00 00 00 00 00 00 00 00 00 00 
       00000E20 00 00 00 00 00 00 00 00 00 00 
       00000E2A 00 00 00 00 00 00 00 00 00 00 
       00000E34 00 00 00 00 00 00 00 00 00 00 
       00000E3E 00 00 00 00 00 00 00 00 00 00 
       00000E48 00 00 00 00 00 00 00 00 00 00 
       00000E52 00 00 00 00 00 00 00 00 00 00 
       00000E5C 00 00 00 00 00 00 00 00 00 00 
       00000E66 00 00 00 00 00 00 00 00 00 00 
       00000E70 00 00 00 00 00 00 00 00 00 00 
       00000E7A 00 00 00 00 00 00 00 00 00 00 
       00000E84 00 00 00 00 00 00 00 00 00 00 
       00000E8E 00 00 00 00 00 00 00 00 00 00 
       00000E98 00 00 00 00 00 00 00 00 00 00 
       00000EA2 00 00 00 00 00 00 00 00 00 00 
       00000EAC 00 00 00 00 00 00 00 00 00 00 
       00000EB6 00 00 00 00 00 00 00 00 00 00 
       00000EC0 00 00 00 00 00 00 00 00 00 00 
       00000ECA 00 00 00 00 00 00 00 00 00 00 
       00000ED4 00 00 00 00 00 00 00 00 00 00 
       00000EDE 00 00 00 00 00 00 00 00 00 00 
       00000EE8 00 00 00 00 00 00 00 00 00 00 
       00000EF2 00 00 00 00 00 00 00 00 00 00 
       00000EFC 00 00 00 00 00 00 00 00 00 00 
       00000F06 00 00 00 00 00 00 00 00 00 00 
       00000F10 00 00 00 00 00 00 00 00 00 00 
       00000F1A 00 00 00 00 00 00 00 00 00 00 
       00000F24 00 00 00 00 00 00 00 00 00 00 
       00000F2E 00 00 00 00 00 00 00 00 00 00 
       00000F38 00 00 00 00 00 00 00 00 00 00 
       00000F42 00 00 00 00 00 00 00 00 00 00 
       00000F4C 00 00 00 00 00 00 00 00 00 00 
       00000F56 00 00 00 00 00 00 00 00 00 00 
       00000F60 00 00 00 00 00 00 00 00 00 00 
       00000F6A 00 00 00 00 00 00 00 00 00 00 
       00000F74 00 00 00 00 00 00 00 00 00 00 
       00000F7E 00 00 00 00 00 00 00 00 00 00 
       00000F88 00 00 00 00 00 00 00 00 00 00 
       00000F92 00 00 00 00 00 00 00 00 00 00 
       00000F9C 00 00 00 00 00 00 00 00 00 00 
       00000FA6 00 00 00 00 00 00 00 00 00 00 
       00000FB0 00 00 00 00 00 00 00 00 00 00 
       00000FBA 00 00 00 00 00 00 00 00 00 00 
       00000FC4 00 00 00 00 00 00 00 00 00 00 
       00000FCE 00 00 00 00 00 00 00 00 00 00 
       00000FD8 00 00 00 00 00 00 00 00 00 00 
       00000FE2 00 00 00 00 00 00 00 00 00 00 
       00000FEC 00 00 00 00 00 00 00 00 00 00 
       00000FF6 00 00 00 00 00 00 00 00 00 00 
       00001000 00 00 00 00 00 00 00 00 00 00 
       0000100A 00 00 00 00 00 00 
