     1 00000000                                 [FORMAT "WCOFF"]
     2 00000000                                 [INSTRSET "i486p"]
     3 00000000                                 [OPTIMIZE 1]
     4 00000000                                 [OPTION 1]
     5 00000000                                 [BITS 32]
     6 00000000                                 	EXTERN	_boxfill8
     7 00000000                                 	EXTERN	_putfonts8_asc
     8 00000000                                 	EXTERN	_task_now
     9 00000000                                 	EXTERN	_sheet_refresh
    10 00000000                                 	EXTERN	_mouse_click_register
    11 00000000                                 [FILE "window.c"]
    12                                          [SECTION .text]
    13 00000000                                 	GLOBAL	_make_window8
    14 00000000                                 _make_window8:
    15 00000000 55                              	PUSH	EBP
    16 00000001 89 E5                           	MOV	EBP,ESP
    17 00000003 57                              	PUSH	EDI
    18 00000004 56                              	PUSH	ESI
    19 00000005 53                              	PUSH	EBX
    20 00000006 83 EC 18                        	SUB	ESP,24
    21 00000009 8B 45 10                        	MOV	EAX,DWORD [16+EBP]
    22 0000000C 8B 5D 0C                        	MOV	EBX,DWORD [12+EBP]
    23 0000000F 89 45 F0                        	MOV	DWORD [-16+EBP],EAX
    24 00000012 8B 75 08                        	MOV	ESI,DWORD [8+EBP]
    25 00000015 8B 45 14                        	MOV	EAX,DWORD [20+EBP]
    26 00000018 89 45 EC                        	MOV	DWORD [-20+EBP],EAX
    27 0000001B 0F BE 45 18                     	MOVSX	EAX,BYTE [24+EBP]
    28 0000001F 89 45 E8                        	MOV	DWORD [-24+EBP],EAX
    29 00000022 8D 43 FF                        	LEA	EAX,DWORD [-1+EBX]
    30 00000025 6A 00                           	PUSH	0
    31 00000027 89 45 E4                        	MOV	DWORD [-28+EBP],EAX
    32 0000002A 50                              	PUSH	EAX
    33 0000002B 6A 00                           	PUSH	0
    34 0000002D 6A 00                           	PUSH	0
    35 0000002F 6A 08                           	PUSH	8
    36 00000031 53                              	PUSH	EBX
    37 00000032 56                              	PUSH	ESI
    38 00000033 E8 [00000000]                   	CALL	_boxfill8
    39 00000038 8D 43 FE                        	LEA	EAX,DWORD [-2+EBX]
    40 0000003B 6A 01                           	PUSH	1
    41 0000003D 89 45 E0                        	MOV	DWORD [-32+EBP],EAX
    42 00000040 50                              	PUSH	EAX
    43 00000041 6A 01                           	PUSH	1
    44 00000043 6A 01                           	PUSH	1
    45 00000045 6A 07                           	PUSH	7
    46 00000047 53                              	PUSH	EBX
    47 00000048 56                              	PUSH	ESI
    48 00000049 E8 [00000000]                   	CALL	_boxfill8
    49 0000004E 8B 45 F0                        	MOV	EAX,DWORD [-16+EBP]
    50 00000051 83 C4 38                        	ADD	ESP,56
    51 00000054 48                              	DEC	EAX
    52 00000055 89 45 DC                        	MOV	DWORD [-36+EBP],EAX
    53 00000058 50                              	PUSH	EAX
    54 00000059 6A 00                           	PUSH	0
    55 0000005B 6A 00                           	PUSH	0
    56 0000005D 6A 00                           	PUSH	0
    57 0000005F 6A 08                           	PUSH	8
    58 00000061 53                              	PUSH	EBX
    59 00000062 56                              	PUSH	ESI
    60 00000063 E8 [00000000]                   	CALL	_boxfill8
    61 00000068 8B 7D F0                        	MOV	EDI,DWORD [-16+EBP]
    62 0000006B 83 EF 02                        	SUB	EDI,2
    63 0000006E 57                              	PUSH	EDI
    64 0000006F 6A 01                           	PUSH	1
    65 00000071 6A 01                           	PUSH	1
    66 00000073 6A 01                           	PUSH	1
    67 00000075 6A 07                           	PUSH	7
    68 00000077 53                              	PUSH	EBX
    69 00000078 56                              	PUSH	ESI
    70 00000079 E8 [00000000]                   	CALL	_boxfill8
    71 0000007E 83 C4 38                        	ADD	ESP,56
    72 00000081 57                              	PUSH	EDI
    73 00000082 FF 75 E0                        	PUSH	DWORD [-32+EBP]
    74 00000085 6A 01                           	PUSH	1
    75 00000087 FF 75 E0                        	PUSH	DWORD [-32+EBP]
    76 0000008A 6A 0F                           	PUSH	15
    77 0000008C 53                              	PUSH	EBX
    78 0000008D 56                              	PUSH	ESI
    79 0000008E E8 [00000000]                   	CALL	_boxfill8
    80 00000093 FF 75 DC                        	PUSH	DWORD [-36+EBP]
    81 00000096 FF 75 E4                        	PUSH	DWORD [-28+EBP]
    82 00000099 6A 00                           	PUSH	0
    83 0000009B FF 75 E4                        	PUSH	DWORD [-28+EBP]
    84 0000009E 6A 00                           	PUSH	0
    85 000000A0 53                              	PUSH	EBX
    86 000000A1 56                              	PUSH	ESI
    87 000000A2 E8 [00000000]                   	CALL	_boxfill8
    88 000000A7 8B 45 F0                        	MOV	EAX,DWORD [-16+EBP]
    89 000000AA 83 C4 38                        	ADD	ESP,56
    90 000000AD 83 E8 03                        	SUB	EAX,3
    91 000000B0 50                              	PUSH	EAX
    92 000000B1 8D 43 FD                        	LEA	EAX,DWORD [-3+EBX]
    93 000000B4 50                              	PUSH	EAX
    94 000000B5 6A 02                           	PUSH	2
    95 000000B7 6A 02                           	PUSH	2
    96 000000B9 6A 08                           	PUSH	8
    97 000000BB 53                              	PUSH	EBX
    98 000000BC 56                              	PUSH	ESI
    99 000000BD E8 [00000000]                   	CALL	_boxfill8
   100 000000C2 57                              	PUSH	EDI
   101 000000C3 FF 75 E0                        	PUSH	DWORD [-32+EBP]
   102 000000C6 57                              	PUSH	EDI
   103 000000C7 6A 01                           	PUSH	1
   104 000000C9 6A 0F                           	PUSH	15
   105 000000CB 53                              	PUSH	EBX
   106 000000CC 56                              	PUSH	ESI
   107 000000CD E8 [00000000]                   	CALL	_boxfill8
   108 000000D2 83 C4 38                        	ADD	ESP,56
   109 000000D5 FF 75 DC                        	PUSH	DWORD [-36+EBP]
   110 000000D8 FF 75 E4                        	PUSH	DWORD [-28+EBP]
   111 000000DB FF 75 DC                        	PUSH	DWORD [-36+EBP]
   112 000000DE 6A 00                           	PUSH	0
   113 000000E0 6A 00                           	PUSH	0
   114 000000E2 53                              	PUSH	EBX
   115 000000E3 56                              	PUSH	ESI
   116 000000E4 E8 [00000000]                   	CALL	_boxfill8
   117 000000E9 89 75 08                        	MOV	DWORD [8+EBP],ESI
   118 000000EC 8B 45 E8                        	MOV	EAX,DWORD [-24+EBP]
   119 000000EF 89 5D 0C                        	MOV	DWORD [12+EBP],EBX
   120 000000F2 89 45 14                        	MOV	DWORD [20+EBP],EAX
   121 000000F5 83 C4 1C                        	ADD	ESP,28
   122 000000F8 8B 45 EC                        	MOV	EAX,DWORD [-20+EBP]
   123 000000FB 89 45 10                        	MOV	DWORD [16+EBP],EAX
   124 000000FE 8D 65 F4                        	LEA	ESP,DWORD [-12+EBP]
   125 00000101 5B                              	POP	EBX
   126 00000102 5E                              	POP	ESI
   127 00000103 5F                              	POP	EDI
   128 00000104 5D                              	POP	EBP
   129 00000105 EB 00                           	JMP	_make_wtitle8
   130                                          [SECTION .data]
   131 00000000                                 _closebtn.0:
   132 00000000 4F 4F 4F 4F 4F 4F 4F 4F 4F 4F   	DB	"OOOOOOOOOOOOOOO@"
       0000000A 4F 4F 4F 4F 4F 40 
   133 00000010 4F 51 51 51 51 51 51 51 51 51   	DB	"OQQQQQQQQQQQQQ$@"
       0000001A 51 51 51 51 24 40 
   134 00000020 4F 51 51 51 51 51 51 51 51 51   	DB	"OQQQQQQQQQQQQQ$@"
       0000002A 51 51 51 51 24 40 
   135 00000030 4F 51 51 51 40 40 51 51 51 51   	DB	"OQQQ@@QQQQ@@QQ$@"
       0000003A 40 40 51 51 24 40 
   136 00000040 4F 51 51 51 51 40 40 51 51 40   	DB	"OQQQQ@@QQ@@QQQ$@"
       0000004A 40 51 51 51 24 40 
   137 00000050 4F 51 51 51 51 51 40 40 40 40   	DB	"OQQQQQ@@@@QQQQ$@"
       0000005A 51 51 51 51 24 40 
   138 00000060 4F 51 51 51 51 51 51 40 40 51   	DB	"OQQQQQQ@@QQQQQ$@"
       0000006A 51 51 51 51 24 40 
   139 00000070 4F 51 51 51 51 51 40 40 40 40   	DB	"OQQQQQ@@@@QQQQ$@"
       0000007A 51 51 51 51 24 40 
   140 00000080 4F 51 51 51 51 40 40 51 51 40   	DB	"OQQQQ@@QQ@@QQQ$@"
       0000008A 40 51 51 51 24 40 
   141 00000090 4F 51 51 51 40 40 51 51 51 51   	DB	"OQQQ@@QQQQ@@QQ$@"
       0000009A 40 40 51 51 24 40 
   142 000000A0 4F 51 51 51 51 51 51 51 51 51   	DB	"OQQQQQQQQQQQQQ$@"
       000000AA 51 51 51 51 24 40 
   143 000000B0 4F 51 51 51 51 51 51 51 51 51   	DB	"OQQQQQQQQQQQQQ$@"
       000000BA 51 51 51 51 24 40 
   144 000000C0 4F 24 24 24 24 24 24 24 24 24   	DB	"O$$$$$$$$$$$$$$@"
       000000CA 24 24 24 24 24 40 
   145 000000D0 40 40 40 40 40 40 40 40 40 40   	DB	"@@@@@@@@@@@@@@@@"
       000000DA 40 40 40 40 40 40 
   146                                          [SECTION .text]
   147 00000107                                 	GLOBAL	_make_wtitle8
   148 00000107                                 _make_wtitle8:
   149 00000107 55                              	PUSH	EBP
   150 00000108 89 E5                           	MOV	EBP,ESP
   151 0000010A 57                              	PUSH	EDI
   152 0000010B 56                              	PUSH	ESI
   153 0000010C 53                              	PUSH	EBX
   154 0000010D 50                              	PUSH	EAX
   155 0000010E 80 7D 14 00                     	CMP	BYTE [20+EBP],0
   156 00000112 0F 84 00000097                  	JE	L3
   157 00000118 B3 07                           	MOV	BL,7
   158 0000011A B2 0C                           	MOV	DL,12
   159 0000011C                                 L4:
   160 0000011C 8B 45 0C                        	MOV	EAX,DWORD [12+EBP]
   161 0000011F 6A 14                           	PUSH	20
   162 00000121 83 E8 04                        	SUB	EAX,4
   163 00000124 31 FF                           	XOR	EDI,EDI
   164 00000126 50                              	PUSH	EAX
   165 00000127 6A 03                           	PUSH	3
   166 00000129 6A 03                           	PUSH	3
   167 0000012B 0F B6 C2                        	MOVZX	EAX,DL
   168 0000012E 50                              	PUSH	EAX
   169 0000012F FF 75 0C                        	PUSH	DWORD [12+EBP]
   170 00000132 FF 75 08                        	PUSH	DWORD [8+EBP]
   171 00000135 E8 [00000000]                   	CALL	_boxfill8
   172 0000013A FF 75 10                        	PUSH	DWORD [16+EBP]
   173 0000013D 0F BE C3                        	MOVSX	EAX,BL
   174 00000140 50                              	PUSH	EAX
   175 00000141 6A 04                           	PUSH	4
   176 00000143 6A 18                           	PUSH	24
   177 00000145 FF 75 0C                        	PUSH	DWORD [12+EBP]
   178 00000148 FF 75 08                        	PUSH	DWORD [8+EBP]
   179 0000014B E8 [00000000]                   	CALL	_putfonts8_asc
   180 00000150 83 C4 34                        	ADD	ESP,52
   181 00000153 6B 5D 0C 05                     	IMUL	EBX,DWORD [12+EBP],5
   182 00000157 C7 45 F0 00000000               	MOV	DWORD [-16+EBP],0
   183 0000015E                                 L20:
   184 0000015E 8B 45 0C                        	MOV	EAX,DWORD [12+EBP]
   185 00000161 8B 55 08                        	MOV	EDX,DWORD [8+EBP]
   186 00000164 01 D8                           	ADD	EAX,EBX
   187 00000166 31 F6                           	XOR	ESI,ESI
   188 00000168 8D 4C 02 EB                     	LEA	ECX,DWORD [-21+EDX+EAX*1]
   189 0000016C                                 L19:
   190 0000016C 8A 94 3E [00000000]             	MOV	DL,BYTE [_closebtn.0+ESI+EDI*1]
   191 00000173 80 FA 40                        	CMP	DL,64
   192 00000176 74 33                           	JE	L25
   193 00000178 80 FA 24                        	CMP	DL,36
   194 0000017B 74 2A                           	JE	L26
   195 0000017D 80 FA 51                        	CMP	DL,81
   196 00000180 B2 08                           	MOV	DL,8
   197 00000182 0F 95 C0                        	SETNE	AL
   198 00000185 28 C2                           	SUB	DL,AL
   199 00000187                                 L14:
   200 00000187 46                              	INC	ESI
   201 00000188 88 11                           	MOV	BYTE [ECX],DL
   202 0000018A 41                              	INC	ECX
   203 0000018B 83 FE 0F                        	CMP	ESI,15
   204 0000018E 7E DC                           	JLE	L19
   205 00000190 FF 45 F0                        	INC	DWORD [-16+EBP]
   206 00000193 83 C7 10                        	ADD	EDI,16
   207 00000196 03 5D 0C                        	ADD	EBX,DWORD [12+EBP]
   208 00000199 83 7D F0 0D                     	CMP	DWORD [-16+EBP],13
   209 0000019D 7E BF                           	JLE	L20
   210 0000019F 8D 65 F4                        	LEA	ESP,DWORD [-12+EBP]
   211 000001A2 5B                              	POP	EBX
   212 000001A3 5E                              	POP	ESI
   213 000001A4 5F                              	POP	EDI
   214 000001A5 5D                              	POP	EBP
   215 000001A6 C3                              	RET
   216 000001A7                                 L26:
   217 000001A7 B2 0F                           	MOV	DL,15
   218 000001A9 EB DC                           	JMP	L14
   219 000001AB                                 L25:
   220 000001AB 31 D2                           	XOR	EDX,EDX
   221 000001AD EB D8                           	JMP	L14
   222 000001AF                                 L3:
   223 000001AF B3 08                           	MOV	BL,8
   224 000001B1 B2 0F                           	MOV	DL,15
   225 000001B3 E9 FFFFFF64                     	JMP	L4
   226 000001B8                                 	GLOBAL	_putfonts8_asc_sht
   227 000001B8                                 _putfonts8_asc_sht:
   228 000001B8 55                              	PUSH	EBP
   229 000001B9 89 E5                           	MOV	EBP,ESP
   230 000001BB 57                              	PUSH	EDI
   231 000001BC 56                              	PUSH	ESI
   232 000001BD 53                              	PUSH	EBX
   233 000001BE 83 EC 18                        	SUB	ESP,24
   234 000001C1 8B 45 0C                        	MOV	EAX,DWORD [12+EBP]
   235 000001C4 8B 55 14                        	MOV	EDX,DWORD [20+EBP]
   236 000001C7 8B 4D 1C                        	MOV	ECX,DWORD [28+EBP]
   237 000001CA 89 45 F0                        	MOV	DWORD [-16+EBP],EAX
   238 000001CD 8B 45 20                        	MOV	EAX,DWORD [32+EBP]
   239 000001D0 89 55 EC                        	MOV	DWORD [-20+EBP],EDX
   240 000001D3 89 4D E8                        	MOV	DWORD [-24+EBP],ECX
   241 000001D6 89 45 E4                        	MOV	DWORD [-28+EBP],EAX
   242 000001D9 8B 7D 08                        	MOV	EDI,DWORD [8+EBP]
   243 000001DC 8B 75 10                        	MOV	ESI,DWORD [16+EBP]
   244 000001DF 8B 5D 18                        	MOV	EBX,DWORD [24+EBP]
   245 000001E2 E8 [00000000]                   	CALL	_task_now
   246 000001E7 0F B6 DB                        	MOVZX	EBX,BL
   247 000001EA 89 45 E0                        	MOV	DWORD [-32+EBP],EAX
   248 000001ED 8D 46 0F                        	LEA	EAX,DWORD [15+ESI]
   249 000001F0 50                              	PUSH	EAX
   250 000001F1 8B 4D F0                        	MOV	ECX,DWORD [-16+EBP]
   251 000001F4 8B 55 E4                        	MOV	EDX,DWORD [-28+EBP]
   252 000001F7 8D 14 D1                        	LEA	EDX,DWORD [ECX+EDX*8]
   253 000001FA 89 D0                           	MOV	EAX,EDX
   254 000001FC 89 55 DC                        	MOV	DWORD [-36+EBP],EDX
   255 000001FF 48                              	DEC	EAX
   256 00000200 50                              	PUSH	EAX
   257 00000201 56                              	PUSH	ESI
   258 00000202 51                              	PUSH	ECX
   259 00000203 53                              	PUSH	EBX
   260 00000204 FF 77 04                        	PUSH	DWORD [4+EDI]
   261 00000207 FF 37                           	PUSH	DWORD [EDI]
   262 00000209 E8 [00000000]                   	CALL	_boxfill8
   263 0000020E 8B 4D E0                        	MOV	ECX,DWORD [-32+EBP]
   264 00000211 83 C4 1C                        	ADD	ESP,28
   265 00000214 80 B9 0000012C 00               	CMP	BYTE [300+ECX],0
   266 0000021B 74 09                           	JE	L28
   267 0000021D 80 B9 0000012D 00               	CMP	BYTE [301+ECX],0
   268 00000224 75 40                           	JNE	L31
   269 00000226                                 L28:
   270 00000226 FF 75 E8                        	PUSH	DWORD [-24+EBP]
   271 00000229 0F BE 45 EC                     	MOVSX	EAX,BYTE [-20+EBP]
   272 0000022D 50                              	PUSH	EAX
   273 0000022E 56                              	PUSH	ESI
   274 0000022F FF 75 F0                        	PUSH	DWORD [-16+EBP]
   275 00000232 FF 77 04                        	PUSH	DWORD [4+EDI]
   276 00000235 FF 37                           	PUSH	DWORD [EDI]
   277 00000237 E8 [00000000]                   	CALL	_putfonts8_asc
   278 0000023C 89 75 10                        	MOV	DWORD [16+EBP],ESI
   279 0000023F 8B 4D F0                        	MOV	ECX,DWORD [-16+EBP]
   280 00000242 8B 55 E4                        	MOV	EDX,DWORD [-28+EBP]
   281 00000245 8D 46 10                        	LEA	EAX,DWORD [16+ESI]
   282 00000248 83 C4 18                        	ADD	ESP,24
   283 0000024B 89 45 18                        	MOV	DWORD [24+EBP],EAX
   284 0000024E 89 4D 0C                        	MOV	DWORD [12+EBP],ECX
   285 00000251 8D 04 D1                        	LEA	EAX,DWORD [ECX+EDX*8]
   286 00000254 89 45 14                        	MOV	DWORD [20+EBP],EAX
   287 00000257                                 L30:
   288 00000257 89 7D 08                        	MOV	DWORD [8+EBP],EDI
   289 0000025A 8D 65 F4                        	LEA	ESP,DWORD [-12+EBP]
   290 0000025D 5B                              	POP	EBX
   291 0000025E 5E                              	POP	ESI
   292 0000025F 5F                              	POP	EDI
   293 00000260 5D                              	POP	EBP
   294 00000261 E9 [00000000]                   	JMP	_sheet_refresh
   295 00000266                                 L31:
   296 00000266 FF 75 E8                        	PUSH	DWORD [-24+EBP]
   297 00000269 0F BE 45 EC                     	MOVSX	EAX,BYTE [-20+EBP]
   298 0000026D 50                              	PUSH	EAX
   299 0000026E 56                              	PUSH	ESI
   300 0000026F FF 75 F0                        	PUSH	DWORD [-16+EBP]
   301 00000272 FF 77 04                        	PUSH	DWORD [4+EDI]
   302 00000275 FF 37                           	PUSH	DWORD [EDI]
   303 00000277 E8 [00000000]                   	CALL	_putfonts8_asc
   304 0000027C 89 75 10                        	MOV	DWORD [16+EBP],ESI
   305 0000027F 8D 46 10                        	LEA	EAX,DWORD [16+ESI]
   306 00000282 83 C4 18                        	ADD	ESP,24
   307 00000285 89 45 18                        	MOV	DWORD [24+EBP],EAX
   308 00000288 8B 45 DC                        	MOV	EAX,DWORD [-36+EBP]
   309 0000028B 89 45 14                        	MOV	DWORD [20+EBP],EAX
   310 0000028E 8B 45 F0                        	MOV	EAX,DWORD [-16+EBP]
   311 00000291 83 E8 08                        	SUB	EAX,8
   312 00000294 89 45 0C                        	MOV	DWORD [12+EBP],EAX
   313 00000297 EB BE                           	JMP	L30
   314 00000299                                 	GLOBAL	_make_textbox8
   315 00000299                                 _make_textbox8:
   316 00000299 55                              	PUSH	EBP
   317 0000029A 89 E5                           	MOV	EBP,ESP
   318 0000029C 57                              	PUSH	EDI
   319 0000029D 56                              	PUSH	ESI
   320 0000029E 53                              	PUSH	EBX
   321 0000029F 83 EC 14                        	SUB	ESP,20
   322 000002A2 8B 45 0C                        	MOV	EAX,DWORD [12+EBP]
   323 000002A5 8B 75 10                        	MOV	ESI,DWORD [16+EBP]
   324 000002A8 03 45 14                        	ADD	EAX,DWORD [20+EBP]
   325 000002AB 83 EE 03                        	SUB	ESI,3
   326 000002AE 56                              	PUSH	ESI
   327 000002AF 89 45 F0                        	MOV	DWORD [-16+EBP],EAX
   328 000002B2 8B 45 10                        	MOV	EAX,DWORD [16+EBP]
   329 000002B5 03 45 18                        	ADD	EAX,DWORD [24+EBP]
   330 000002B8 89 45 EC                        	MOV	DWORD [-20+EBP],EAX
   331 000002BB 8B 45 F0                        	MOV	EAX,DWORD [-16+EBP]
   332 000002BE 40                              	INC	EAX
   333 000002BF 50                              	PUSH	EAX
   334 000002C0 89 45 E8                        	MOV	DWORD [-24+EBP],EAX
   335 000002C3 8B 45 0C                        	MOV	EAX,DWORD [12+EBP]
   336 000002C6 56                              	PUSH	ESI
   337 000002C7 83 E8 02                        	SUB	EAX,2
   338 000002CA 50                              	PUSH	EAX
   339 000002CB 89 45 E4                        	MOV	DWORD [-28+EBP],EAX
   340 000002CE 8B 45 08                        	MOV	EAX,DWORD [8+EBP]
   341 000002D1 6A 0F                           	PUSH	15
   342 000002D3 FF 70 04                        	PUSH	DWORD [4+EAX]
   343 000002D6 FF 30                           	PUSH	DWORD [EAX]
   344 000002D8 E8 [00000000]                   	CALL	_boxfill8
   345 000002DD 8B 7D 0C                        	MOV	EDI,DWORD [12+EBP]
   346 000002E0 8B 45 EC                        	MOV	EAX,DWORD [-20+EBP]
   347 000002E3 83 EF 03                        	SUB	EDI,3
   348 000002E6 40                              	INC	EAX
   349 000002E7 50                              	PUSH	EAX
   350 000002E8 89 45 E0                        	MOV	DWORD [-32+EBP],EAX
   351 000002EB 57                              	PUSH	EDI
   352 000002EC 8B 45 08                        	MOV	EAX,DWORD [8+EBP]
   353 000002EF 56                              	PUSH	ESI
   354 000002F0 57                              	PUSH	EDI
   355 000002F1 6A 0F                           	PUSH	15
   356 000002F3 FF 70 04                        	PUSH	DWORD [4+EAX]
   357 000002F6 FF 30                           	PUSH	DWORD [EAX]
   358 000002F8 E8 [00000000]                   	CALL	_boxfill8
   359 000002FD 8B 45 08                        	MOV	EAX,DWORD [8+EBP]
   360 00000300 83 C4 38                        	ADD	ESP,56
   361 00000303 8B 5D EC                        	MOV	EBX,DWORD [-20+EBP]
   362 00000306 83 C3 02                        	ADD	EBX,2
   363 00000309 53                              	PUSH	EBX
   364 0000030A FF 75 E8                        	PUSH	DWORD [-24+EBP]
   365 0000030D 53                              	PUSH	EBX
   366 0000030E 57                              	PUSH	EDI
   367 0000030F 6A 07                           	PUSH	7
   368 00000311 FF 70 04                        	PUSH	DWORD [4+EAX]
   369 00000314 FF 30                           	PUSH	DWORD [EAX]
   370 00000316 E8 [00000000]                   	CALL	_boxfill8
   371 0000031B 8B 45 F0                        	MOV	EAX,DWORD [-16+EBP]
   372 0000031E 53                              	PUSH	EBX
   373 0000031F 83 C0 02                        	ADD	EAX,2
   374 00000322 50                              	PUSH	EAX
   375 00000323 56                              	PUSH	ESI
   376 00000324 50                              	PUSH	EAX
   377 00000325 8B 45 08                        	MOV	EAX,DWORD [8+EBP]
   378 00000328 6A 07                           	PUSH	7
   379 0000032A FF 70 04                        	PUSH	DWORD [4+EAX]
   380 0000032D FF 30                           	PUSH	DWORD [EAX]
   381 0000032F E8 [00000000]                   	CALL	_boxfill8
   382 00000334 8B 45 08                        	MOV	EAX,DWORD [8+EBP]
   383 00000337 83 C4 38                        	ADD	ESP,56
   384 0000033A 8B 5D 10                        	MOV	EBX,DWORD [16+EBP]
   385 0000033D 83 EB 02                        	SUB	EBX,2
   386 00000340 8B 7D 0C                        	MOV	EDI,DWORD [12+EBP]
   387 00000343 53                              	PUSH	EBX
   388 00000344 4F                              	DEC	EDI
   389 00000345 FF 75 F0                        	PUSH	DWORD [-16+EBP]
   390 00000348 53                              	PUSH	EBX
   391 00000349 57                              	PUSH	EDI
   392 0000034A 6A 00                           	PUSH	0
   393 0000034C FF 70 04                        	PUSH	DWORD [4+EAX]
   394 0000034F FF 30                           	PUSH	DWORD [EAX]
   395 00000351 E8 [00000000]                   	CALL	_boxfill8
   396 00000356 8B 45 08                        	MOV	EAX,DWORD [8+EBP]
   397 00000359 FF 75 EC                        	PUSH	DWORD [-20+EBP]
   398 0000035C FF 75 E4                        	PUSH	DWORD [-28+EBP]
   399 0000035F 53                              	PUSH	EBX
   400 00000360 FF 75 E4                        	PUSH	DWORD [-28+EBP]
   401 00000363 6A 00                           	PUSH	0
   402 00000365 FF 70 04                        	PUSH	DWORD [4+EAX]
   403 00000368 FF 30                           	PUSH	DWORD [EAX]
   404 0000036A E8 [00000000]                   	CALL	_boxfill8
   405 0000036F 8B 45 08                        	MOV	EAX,DWORD [8+EBP]
   406 00000372 83 C4 38                        	ADD	ESP,56
   407 00000375 FF 75 E0                        	PUSH	DWORD [-32+EBP]
   408 00000378 FF 75 F0                        	PUSH	DWORD [-16+EBP]
   409 0000037B FF 75 E0                        	PUSH	DWORD [-32+EBP]
   410 0000037E FF 75 E4                        	PUSH	DWORD [-28+EBP]
   411 00000381 6A 08                           	PUSH	8
   412 00000383 FF 70 04                        	PUSH	DWORD [4+EAX]
   413 00000386 FF 30                           	PUSH	DWORD [EAX]
   414 00000388 E8 [00000000]                   	CALL	_boxfill8
   415 0000038D 8B 45 08                        	MOV	EAX,DWORD [8+EBP]
   416 00000390 FF 75 E0                        	PUSH	DWORD [-32+EBP]
   417 00000393 FF 75 E8                        	PUSH	DWORD [-24+EBP]
   418 00000396 53                              	PUSH	EBX
   419 00000397 FF 75 E8                        	PUSH	DWORD [-24+EBP]
   420 0000039A 6A 08                           	PUSH	8
   421 0000039C FF 70 04                        	PUSH	DWORD [4+EAX]
   422 0000039F FF 30                           	PUSH	DWORD [EAX]
   423 000003A1 E8 [00000000]                   	CALL	_boxfill8
   424 000003A6 8B 45 10                        	MOV	EAX,DWORD [16+EBP]
   425 000003A9 83 C4 38                        	ADD	ESP,56
   426 000003AC 48                              	DEC	EAX
   427 000003AD FF 75 EC                        	PUSH	DWORD [-20+EBP]
   428 000003B0 FF 75 F0                        	PUSH	DWORD [-16+EBP]
   429 000003B3 50                              	PUSH	EAX
   430 000003B4 57                              	PUSH	EDI
   431 000003B5 0F B6 45 1C                     	MOVZX	EAX,BYTE [28+EBP]
   432 000003B9 50                              	PUSH	EAX
   433 000003BA 8B 45 08                        	MOV	EAX,DWORD [8+EBP]
   434 000003BD FF 70 04                        	PUSH	DWORD [4+EAX]
   435 000003C0 FF 30                           	PUSH	DWORD [EAX]
   436 000003C2 E8 [00000000]                   	CALL	_boxfill8
   437 000003C7 8D 65 F4                        	LEA	ESP,DWORD [-12+EBP]
   438 000003CA 5B                              	POP	EBX
   439 000003CB 5E                              	POP	ESI
   440 000003CC 5F                              	POP	EDI
   441 000003CD 5D                              	POP	EBP
   442 000003CE C3                              	RET
   443 000003CF                                 	GLOBAL	_make_button8
   444 000003CF                                 _make_button8:
   445 000003CF 55                              	PUSH	EBP
   446 000003D0 89 E5                           	MOV	EBP,ESP
   447 000003D2 57                              	PUSH	EDI
   448 000003D3 56                              	PUSH	ESI
   449 000003D4 53                              	PUSH	EBX
   450 000003D5 83 EC 14                        	SUB	ESP,20
   451 000003D8 8B 45 08                        	MOV	EAX,DWORD [8+EBP]
   452 000003DB 8B 55 18                        	MOV	EDX,DWORD [24+EBP]
   453 000003DE 89 45 F0                        	MOV	DWORD [-16+EBP],EAX
   454 000003E1 8B 5D 1C                        	MOV	EBX,DWORD [28+EBP]
   455 000003E4 8B 00                           	MOV	EAX,DWORD [EAX]
   456 000003E6 8B 7D 0C                        	MOV	EDI,DWORD [12+EBP]
   457 000003E9 8B 75 10                        	MOV	ESI,DWORD [16+EBP]
   458 000003EC 89 55 EC                        	MOV	DWORD [-20+EBP],EDX
   459 000003EF 89 5D E8                        	MOV	DWORD [-24+EBP],EBX
   460 000003F2 89 45 E4                        	MOV	DWORD [-28+EBP],EAX
   461 000003F5 C7 45 E0 00000000               	MOV	DWORD [-32+EBP],0
   462 000003FC                                 L34:
   463 000003FC 8B 55 EC                        	MOV	EDX,DWORD [-20+EBP]
   464 000003FF 8B 5D E0                        	MOV	EBX,DWORD [-32+EBP]
   465 00000402 80 3C 13 00                     	CMP	BYTE [EBX+EDX*1],0
   466 00000406 74 06                           	JE	L35
   467 00000408 43                              	INC	EBX
   468 00000409 89 5D E0                        	MOV	DWORD [-32+EBP],EBX
   469 0000040C EB EE                           	JMP	L34
   470 0000040E                                 L35:
   471 0000040E 8B 45 E0                        	MOV	EAX,DWORD [-32+EBP]
   472 00000411 31 C9                           	XOR	ECX,ECX
   473 00000413 C1 E0 04                        	SAL	EAX,4
   474 00000416 39 C1                           	CMP	ECX,EAX
   475 00000418 7D 23                           	JGE	L79
   476 0000041A                                 L47:
   477 0000041A 31 DB                           	XOR	EBX,EBX
   478 0000041C                                 L46:
   479 0000041C 8D 14 33                        	LEA	EDX,DWORD [EBX+ESI*1]
   480 0000041F 8D 04 0F                        	LEA	EAX,DWORD [EDI+ECX*1]
   481 00000422 0F AF C2                        	IMUL	EAX,EDX
   482 00000425 8B 55 E4                        	MOV	EDX,DWORD [-28+EBP]
   483 00000428 43                              	INC	EBX
   484 00000429 83 FB 0F                        	CMP	EBX,15
   485 0000042C C6 04 10 08                     	MOV	BYTE [EAX+EDX*1],8
   486 00000430 7E EA                           	JLE	L46
   487 00000432 8B 45 E0                        	MOV	EAX,DWORD [-32+EBP]
   488 00000435 41                              	INC	ECX
   489 00000436 C1 E0 04                        	SAL	EAX,4
   490 00000439 39 C1                           	CMP	ECX,EAX
   491 0000043B 7C DD                           	JL	L47
   492 0000043D                                 L79:
   493 0000043D B9 00000010                     	MOV	ECX,16
   494 00000442                                 L52:
   495 00000442 8D 04 31                        	LEA	EAX,DWORD [ECX+ESI*1]
   496 00000445 8B 5D E4                        	MOV	EBX,DWORD [-28+EBP]
   497 00000448 0F AF C7                        	IMUL	EAX,EDI
   498 0000044B 49                              	DEC	ECX
   499 0000044C C6 04 18 07                     	MOV	BYTE [EAX+EBX*1],7
   500 00000450 79 F0                           	JNS	L52
   501 00000452 8B 55 E0                        	MOV	EDX,DWORD [-32+EBP]
   502 00000455 31 C9                           	XOR	ECX,ECX
   503 00000457 C1 E2 04                        	SAL	EDX,4
   504 0000045A 39 D1                           	CMP	ECX,EDX
   505 0000045C 7D 12                           	JGE	L85
   506 0000045E                                 L57:
   507 0000045E 8D 04 39                        	LEA	EAX,DWORD [ECX+EDI*1]
   508 00000461 8B 5D E4                        	MOV	EBX,DWORD [-28+EBP]
   509 00000464 0F AF C6                        	IMUL	EAX,ESI
   510 00000467 41                              	INC	ECX
   511 00000468 C6 04 18 07                     	MOV	BYTE [EAX+EBX*1],7
   512 0000046C 39 D1                           	CMP	ECX,EDX
   513 0000046E 7C EE                           	JL	L57
   514 00000470                                 L85:
   515 00000470 8B 5D E0                        	MOV	EBX,DWORD [-32+EBP]
   516 00000473 B9 00000001                     	MOV	ECX,1
   517 00000478 C1 E3 04                        	SAL	EBX,4
   518 0000047B 39 D9                           	CMP	ECX,EBX
   519 0000047D 7D 15                           	JGE	L87
   520 0000047F                                 L62:
   521 0000047F 8D 04 39                        	LEA	EAX,DWORD [ECX+EDI*1]
   522 00000482 8D 56 0F                        	LEA	EDX,DWORD [15+ESI]
   523 00000485 0F AF C2                        	IMUL	EAX,EDX
   524 00000488 8B 55 E4                        	MOV	EDX,DWORD [-28+EBP]
   525 0000048B 41                              	INC	ECX
   526 0000048C 39 D9                           	CMP	ECX,EBX
   527 0000048E C6 04 10 0F                     	MOV	BYTE [EAX+EDX*1],15
   528 00000492 7C EB                           	JL	L62
   529 00000494                                 L87:
   530 00000494 B9 00000001                     	MOV	ECX,1
   531 00000499                                 L67:
   532 00000499 8B 5D E0                        	MOV	EBX,DWORD [-32+EBP]
   533 0000049C 8D 14 39                        	LEA	EDX,DWORD [ECX+EDI*1]
   534 0000049F C1 E3 04                        	SAL	EBX,4
   535 000004A2 41                              	INC	ECX
   536 000004A3 8D 44 33 FF                     	LEA	EAX,DWORD [-1+EBX+ESI*1]
   537 000004A7 0F AF D0                        	IMUL	EDX,EAX
   538 000004AA 8B 45 E4                        	MOV	EAX,DWORD [-28+EBP]
   539 000004AD 83 F9 0F                        	CMP	ECX,15
   540 000004B0 C6 04 02 0F                     	MOV	BYTE [EDX+EAX*1],15
   541 000004B4 7E E3                           	JLE	L67
   542 000004B6 31 C9                           	XOR	ECX,ECX
   543 000004B8 39 D9                           	CMP	ECX,EBX
   544 000004BA 7D 15                           	JGE	L91
   545 000004BC                                 L72:
   546 000004BC 8D 14 31                        	LEA	EDX,DWORD [ECX+ESI*1]
   547 000004BF 8D 47 10                        	LEA	EAX,DWORD [16+EDI]
   548 000004C2 0F AF C2                        	IMUL	EAX,EDX
   549 000004C5 8B 55 E4                        	MOV	EDX,DWORD [-28+EBP]
   550 000004C8 41                              	INC	ECX
   551 000004C9 39 D9                           	CMP	ECX,EBX
   552 000004CB C6 04 10 00                     	MOV	BYTE [EAX+EDX*1],0
   553 000004CF 7C EB                           	JL	L72
   554 000004D1                                 L91:
   555 000004D1 31 C9                           	XOR	ECX,ECX
   556 000004D3                                 L77:
   557 000004D3 8D 04 39                        	LEA	EAX,DWORD [ECX+EDI*1]
   558 000004D6 8B 5D E4                        	MOV	EBX,DWORD [-28+EBP]
   559 000004D9 0F AF C6                        	IMUL	EAX,ESI
   560 000004DC 41                              	INC	ECX
   561 000004DD C6 04 18 00                     	MOV	BYTE [EAX+EBX*1],0
   562 000004E1 83 F9 0F                        	CMP	ECX,15
   563 000004E4 7E ED                           	JLE	L77
   564 000004E6 FF 75 EC                        	PUSH	DWORD [-20+EBP]
   565 000004E9 6A 07                           	PUSH	7
   566 000004EB 56                              	PUSH	ESI
   567 000004EC 57                              	PUSH	EDI
   568 000004ED 0F BF 05 00000FF4               	MOVSX	EAX,WORD [4084]
   569 000004F4 50                              	PUSH	EAX
   570 000004F5 53                              	PUSH	EBX
   571 000004F6 E8 [00000000]                   	CALL	_putfonts8_asc
   572 000004FB 8B 5D F0                        	MOV	EBX,DWORD [-16+EBP]
   573 000004FE C1 65 E0 04                     	SAL	DWORD [-32+EBP],4
   574 00000502 8B 45 E8                        	MOV	EAX,DWORD [-24+EBP]
   575 00000505 8B 55 E0                        	MOV	EDX,DWORD [-32+EBP]
   576 00000508 89 45 1C                        	MOV	DWORD [28+EBP],EAX
   577 0000050B 89 75 10                        	MOV	DWORD [16+EBP],ESI
   578 0000050E 8D 46 10                        	LEA	EAX,DWORD [16+ESI]
   579 00000511 89 7D 0C                        	MOV	DWORD [12+EBP],EDI
   580 00000514 89 45 18                        	MOV	DWORD [24+EBP],EAX
   581 00000517 89 5D 08                        	MOV	DWORD [8+EBP],EBX
   582 0000051A 8D 04 3A                        	LEA	EAX,DWORD [EDX+EDI*1]
   583 0000051D 83 C4 18                        	ADD	ESP,24
   584 00000520 89 45 14                        	MOV	DWORD [20+EBP],EAX
   585 00000523 8D 65 F4                        	LEA	ESP,DWORD [-12+EBP]
   586 00000526 5B                              	POP	EBX
   587 00000527 5E                              	POP	ESI
   588 00000528 5F                              	POP	EDI
   589 00000529 5D                              	POP	EBP
   590 0000052A E9 [00000000]                   	JMP	_mouse_click_register
   591 0000052F                                 	GLOBAL	_change_wtitle8
   592 0000052F                                 _change_wtitle8:
   593 0000052F 55                              	PUSH	EBP
   594 00000530 89 E5                           	MOV	EBP,ESP
   595 00000532 57                              	PUSH	EDI
   596 00000533 56                              	PUSH	ESI
   597 00000534 53                              	PUSH	EBX
   598 00000535 83 EC 14                        	SUB	ESP,20
   599 00000538 8B 45 08                        	MOV	EAX,DWORD [8+EBP]
   600 0000053B 80 7D 0C 00                     	CMP	BYTE [12+EBP],0
   601 0000053F 8B 10                           	MOV	EDX,DWORD [EAX]
   602 00000541 8B 48 04                        	MOV	ECX,DWORD [4+EAX]
   603 00000544 89 55 E4                        	MOV	DWORD [-28+EBP],EDX
   604 00000547 0F 84 00000088                  	JE	L95
   605 0000054D C6 45 EB 07                     	MOV	BYTE [-21+EBP],7
   606 00000551 C6 45 EA 0C                     	MOV	BYTE [-22+EBP],12
   607 00000555 C6 45 E9 08                     	MOV	BYTE [-23+EBP],8
   608 00000559 C6 45 E8 0F                     	MOV	BYTE [-24+EBP],15
   609 0000055D                                 L96:
   610 0000055D 6B F9 03                        	IMUL	EDI,ECX,3
   611 00000560 C7 45 EC 00000011               	MOV	DWORD [-20+EBP],17
   612 00000567 89 7D E0                        	MOV	DWORD [-32+EBP],EDI
   613 0000056A                                 L109:
   614 0000056A C7 45 F0 00000003               	MOV	DWORD [-16+EBP],3
   615 00000571 8D 41 FC                        	LEA	EAX,DWORD [-4+ECX]
   616 00000574 39 45 F0                        	CMP	DWORD [-16+EBP],EAX
   617 00000577 7F 29                           	JG	L113
   618 00000579 8B 45 E4                        	MOV	EAX,DWORD [-28+EBP]
   619 0000057C 8B 55 E0                        	MOV	EDX,DWORD [-32+EBP]
   620 0000057F 8D 74 38 03                     	LEA	ESI,DWORD [3+EAX+EDI*1]
   621 00000583 8D 5C 10 03                     	LEA	EBX,DWORD [3+EAX+EDX*1]
   622 00000587                                 L108:
   623 00000587 8A 13                           	MOV	DL,BYTE [EBX]
   624 00000589 3A 55 E9                        	CMP	DL,BYTE [-23+EBP]
   625 0000058C 74 3A                           	JE	L114
   626 0000058E                                 L105:
   627 0000058E 3A 55 E8                        	CMP	DL,BYTE [-24+EBP]
   628 00000591 74 30                           	JE	L115
   629 00000593                                 L106:
   630 00000593 88 16                           	MOV	BYTE [ESI],DL
   631 00000595 8D 41 FC                        	LEA	EAX,DWORD [-4+ECX]
   632 00000598 FF 45 F0                        	INC	DWORD [-16+EBP]
   633 0000059B 46                              	INC	ESI
   634 0000059C 43                              	INC	EBX
   635 0000059D 39 45 F0                        	CMP	DWORD [-16+EBP],EAX
   636 000005A0 7E E5                           	JLE	L108
   637 000005A2                                 L113:
   638 000005A2 01 CF                           	ADD	EDI,ECX
   639 000005A4 01 4D E0                        	ADD	DWORD [-32+EBP],ECX
   640 000005A7 FF 4D EC                        	DEC	DWORD [-20+EBP]
   641 000005AA 79 BE                           	JNS	L109
   642 000005AC 6A 15                           	PUSH	21
   643 000005AE 51                              	PUSH	ECX
   644 000005AF 6A 03                           	PUSH	3
   645 000005B1 6A 03                           	PUSH	3
   646 000005B3 FF 75 08                        	PUSH	DWORD [8+EBP]
   647 000005B6 E8 [00000000]                   	CALL	_sheet_refresh
   648 000005BB 8D 65 F4                        	LEA	ESP,DWORD [-12+EBP]
   649 000005BE 5B                              	POP	EBX
   650 000005BF 5E                              	POP	ESI
   651 000005C0 5F                              	POP	EDI
   652 000005C1 5D                              	POP	EBP
   653 000005C2 C3                              	RET
   654 000005C3                                 L115:
   655 000005C3 8A 55 EA                        	MOV	DL,BYTE [-22+EBP]
   656 000005C6 EB CB                           	JMP	L106
   657 000005C8                                 L114:
   658 000005C8 8D 41 EA                        	LEA	EAX,DWORD [-22+ECX]
   659 000005CB 39 45 F0                        	CMP	DWORD [-16+EBP],EAX
   660 000005CE 7F BE                           	JG	L105
   661 000005D0 8A 55 EB                        	MOV	DL,BYTE [-21+EBP]
   662 000005D3 EB BE                           	JMP	L106
   663 000005D5                                 L95:
   664 000005D5 C6 45 EB 08                     	MOV	BYTE [-21+EBP],8
   665 000005D9 C6 45 EA 0F                     	MOV	BYTE [-22+EBP],15
   666 000005DD C6 45 E9 07                     	MOV	BYTE [-23+EBP],7
   667 000005E1 C6 45 E8 0C                     	MOV	BYTE [-24+EBP],12
   668 000005E5 E9 FFFFFF73                     	JMP	L96
