     1 00000000                                 [FORMAT "WCOFF"]
     2 00000000                                 [INSTRSET "i486p"]
     3 00000000                                 [OPTIMIZE 1]
     4 00000000                                 [OPTION 1]
     5 00000000                                 [BITS 32]
     6 00000000                                 	EXTERN	_api_putchar
     7 00000000                                 	EXTERN	_api_end
     8 00000000                                 [FILE "pi.c"]
     9                                          [SECTION .data]
    10 00000000                                 	ALIGNB	8
    11 00000000                                 LC2:
    12 00000000 00000000                        	DD	0
    13 00000004 40100000                        	DD	1074790400
    14 00000008                                 	ALIGNB	8
    15 00000008                                 LC3:
    16 00000008 00000000                        	DD	0
    17 0000000C 40240000                        	DD	1076101120
    18                                          [SECTION .text]
    19 00000000                                 	GLOBAL	_HariMain
    20 00000000                                 _HariMain:
    21 00000000 55                              	PUSH	EBP
    22 00000001 89 E5                           	MOV	EBP,ESP
    23 00000003 56                              	PUSH	ESI
    24 00000004 53                              	PUSH	EBX
    25 00000005 BE 00000001                     	MOV	ESI,1
    26 0000000A D9 EE                           	FLDZ
    27 0000000C D9 E8                           	FLD1
    28 0000000E 83 EC 18                        	SUB	ESP,24
    29 00000011                                 L6:
    30 00000011 56                              	PUSH	ESI
    31 00000012 8D 46 02                        	LEA	EAX,DWORD [2+ESI]
    32 00000015 DB 04 24                        	FILD	DWORD [ESP]
    33 00000018 89 04 24                        	MOV	DWORD [ESP],EAX
    34 0000001B 83 C6 04                        	ADD	ESI,4
    35 0000001E DB 04 24                        	FILD	DWORD [ESP]
    36 00000021 D9 C9                           	FXCH	ST1
    37 00000023 D8 FA                           	FDIVR	ST0,ST2
    38 00000025 D9 C9                           	FXCH	ST1
    39 00000027 83 C4 04                        	ADD	ESP,4
    40 0000002A 81 FE 1DCD64FF                  	CMP	ESI,499999999
    41 00000030 D8 FA                           	FDIVR	ST0,ST2
    42 00000032 DE E9                           	FSUBP	ST1,ST0
    43 00000034 DE C2                           	FADDP	ST2,ST0
    44 00000036 7E D9                           	JLE	L6
    45 00000038 DD D8                           	FSTP	ST0
    46 0000003A DC 0D [00000000]                	FMUL	QWORD [LC2]
    47 00000040 31 F6                           	XOR	ESI,ESI
    48 00000042                                 L12:
    49 00000042 D9 7D F6                        	FNSTCW	WORD [-10+EBP]
    50 00000045 66 8B 45 F6                     	MOV	AX,WORD [-10+EBP]
    51 00000049 66 0D 0C00                      	OR	AX,3072
    52 0000004D 66 89 45 F4                     	MOV	WORD [-12+EBP],AX
    53 00000051 D9 6D F4                        	FLDCW	WORD [-12+EBP]
    54 00000054 DB 55 F0                        	FIST	DWORD [-16+EBP]
    55 00000057 D9 6D F6                        	FLDCW	WORD [-10+EBP]
    56 0000005A 8B 5D F0                        	MOV	EBX,DWORD [-16+EBP]
    57 0000005D 8D 43 30                        	LEA	EAX,DWORD [48+EBX]
    58 00000060 50                              	PUSH	EAX
    59 00000061 DD 5D E0                        	FSTP	QWORD [-32+EBP]
    60 00000064 E8 [00000000]                   	CALL	_api_putchar
    61 00000069 85 F6                           	TEST	ESI,ESI
    62 0000006B 53                              	PUSH	EBX
    63 0000006C DB 04 24                        	FILD	DWORD [ESP]
    64 0000006F DD 45 E0                        	FLD	QWORD [-32+EBP]
    65 00000072 59                              	POP	ECX
    66 00000073 DE E1                           	FSUBRP	ST1,ST0
    67 00000075 5B                              	POP	EBX
    68 00000076 DC 0D [00000008]                	FMUL	QWORD [LC3]
    69 0000007C 74 1B                           	JE	L17
    70 0000007E                                 L9:
    71 0000007E 46                              	INC	ESI
    72 0000007F 83 FE 0E                        	CMP	ESI,14
    73 00000082 7E BE                           	JLE	L12
    74 00000084 DD D8                           	FSTP	ST0
    75 00000086 6A 0A                           	PUSH	10
    76 00000088 E8 [00000000]                   	CALL	_api_putchar
    77 0000008D 58                              	POP	EAX
    78 0000008E 8D 65 F8                        	LEA	ESP,DWORD [-8+EBP]
    79 00000091 5B                              	POP	EBX
    80 00000092 5E                              	POP	ESI
    81 00000093 5D                              	POP	EBP
    82 00000094 E9 [00000000]                   	JMP	_api_end
    83 00000099                                 L17:
    84 00000099 6A 2E                           	PUSH	46
    85 0000009B DD 5D E0                        	FSTP	QWORD [-32+EBP]
    86 0000009E E8 [00000000]                   	CALL	_api_putchar
    87 000000A3 5A                              	POP	EDX
    88 000000A4 DD 45 E0                        	FLD	QWORD [-32+EBP]
    89 000000A7 EB D5                           	JMP	L9
